#
# There is insufficient memory for the Java Runtime Environment to continue.
# Native memory allocation (malloc) failed to allocate 109936 bytes for Chunk::new
# Possible reasons:
#   The system is out of physical RAM or swap space
#   The process is running with CompressedOops enabled, and the Java Heap may be blocking the growth of the native heap
# Possible solutions:
#   Reduce memory load on the system
#   Increase physical memory or swap space
#   Check if swap backing store is full
#   Decrease Java heap size (-Xmx/-Xms)
#   Decrease number of Java threads
#   Decrease Java thread stack sizes (-Xss)
#   Set larger code cache with -XX:ReservedCodeCacheSize=
#   JVM is running with Zero Based Compressed Oops mode in which the Java heap is
#     placed in the first 32GB address space. The Java Heap base address is the
#     maximum limit for the native heap growth. Please use -XX:HeapBaseMinAddress
#     to set the Java Heap base and to place the Java Heap above 32GB virtual address.
# This output file may be truncated or incomplete.
#
#  Out of Memory Error (arena.cpp:189), pid=9084, tid=16732
#
# JRE version: OpenJDK Runtime Environment Corretto-17.0.5.8.1 (17.0.5+8) (build 17.0.5+8-LTS)
# Java VM: OpenJDK 64-Bit Server VM Corretto-17.0.5.8.1 (17.0.5+8-LTS, mixed mode, sharing, tiered, compressed oops, compressed class ptrs, g1 gc, windows-amd64)
# No core dump will be written. Minidumps are not enabled by default on client versions of Windows
#

---------------  S U M M A R Y ------------

Command Line: -ea -Didea.test.cyclic.buffer.size=1048576 -javaagent:C:\Program Files\JetBrains\IntelliJ IDEA 2022.1.2\lib\idea_rt.jar=63203:C:\Program Files\JetBrains\IntelliJ IDEA 2022.1.2\bin -Dfile.encoding=UTF-8 com.intellij.rt.junit.JUnitStarter -ideVersion5 -junit5 com.securityapi.controller.PanelControllerIntegrationTest,createNewTemplate_shouldCreateTemplateAndReturnStatusCREATED

Host: Intel(R) Xeon(R) CPU E5-2650 v2 @ 2.60GHz, 16 cores, 15G,  Windows 10 , 64 bit Build 17763 (10.0.17763.4131)
Time: Fri Mar 31 23:07:31 2023 FLE Daylight Time elapsed time: 2.618073 seconds (0d 0h 0m 2s)

---------------  T H R E A D  ---------------

Current thread (0x00000296c2200a10):  JavaThread "C2 CompilerThread0" daemon [_thread_in_native, id=16732, stack(0x000000acb1400000,0x000000acb1500000)]


Current CompileTask:
C2:   2618 2767   !   4       java.net.URL::<init> (543 bytes)

Stack: [0x000000acb1400000,0x000000acb1500000]
Native frames: (J=compiled Java code, j=interpreted, Vv=VM code, C=native code)
V  [jvm.dll+0x646e0a]
V  [jvm.dll+0x7f7f14]
V  [jvm.dll+0x7f96ce]
V  [jvm.dll+0x7f9d23]
V  [jvm.dll+0x234c98]
V  [jvm.dll+0xbccfc]
V  [jvm.dll+0xbd2dc]
V  [jvm.dll+0x535f3f]
V  [jvm.dll+0x31824e]
V  [jvm.dll+0x31765a]
V  [jvm.dll+0x2092a5]
V  [jvm.dll+0x208837]
V  [jvm.dll+0x198a9d]
V  [jvm.dll+0x217bdd]
V  [jvm.dll+0x215e24]
V  [jvm.dll+0x7b06ab]
V  [jvm.dll+0x7aac5a]
V  [jvm.dll+0x645cd5]
C  [ucrtbase.dll+0x2268a]
C  [KERNEL32.DLL+0x17ab4]
C  [ntdll.dll+0x5a351]


---------------  P R O C E S S  ---------------

Threads class SMR info:
_java_thread_list=0x00000296c73abe40, length=18, elements={
0x000002969eecf780, 0x00000296c21e0290, 0x00000296c21e0d50, 0x00000296c21f1d90,
0x00000296c21f4760, 0x00000296c21f9030, 0x00000296c21fb910, 0x00000296c2200a10,
0x00000296c220a730, 0x00000296c2215810, 0x00000296c2ade390, 0x00000296c2a21390,
0x00000296c2b45d50, 0x00000296c2bd8fc0, 0x00000296c2be6750, 0x00000296c4ef3b90,
0x00000296c3f325c0, 0x00000296c4c5f880
}

Java Threads: ( => current thread )
  0x000002969eecf780 JavaThread "main" [_thread_blocked, id=4924, stack(0x000000acb0700000,0x000000acb0800000)]
  0x00000296c21e0290 JavaThread "Reference Handler" daemon [_thread_blocked, id=16988, stack(0x000000acb0e00000,0x000000acb0f00000)]
  0x00000296c21e0d50 JavaThread "Finalizer" daemon [_thread_blocked, id=16628, stack(0x000000acb0f00000,0x000000acb1000000)]
  0x00000296c21f1d90 JavaThread "Signal Dispatcher" daemon [_thread_blocked, id=9604, stack(0x000000acb1000000,0x000000acb1100000)]
  0x00000296c21f4760 JavaThread "Attach Listener" daemon [_thread_blocked, id=17248, stack(0x000000acb1100000,0x000000acb1200000)]
  0x00000296c21f9030 JavaThread "Service Thread" daemon [_thread_blocked, id=15352, stack(0x000000acb1200000,0x000000acb1300000)]
  0x00000296c21fb910 JavaThread "Monitor Deflation Thread" daemon [_thread_blocked, id=16192, stack(0x000000acb1300000,0x000000acb1400000)]
=>0x00000296c2200a10 JavaThread "C2 CompilerThread0" daemon [_thread_in_native, id=16732, stack(0x000000acb1400000,0x000000acb1500000)]
  0x00000296c220a730 JavaThread "C1 CompilerThread0" daemon [_thread_blocked, id=3464, stack(0x000000acb1500000,0x000000acb1600000)]
  0x00000296c2215810 JavaThread "Sweeper thread" daemon [_thread_blocked, id=14736, stack(0x000000acb1600000,0x000000acb1700000)]
  0x00000296c2ade390 JavaThread "Common-Cleaner" daemon [_thread_blocked, id=16512, stack(0x000000acb1700000,0x000000acb1800000)]
  0x00000296c2a21390 JavaThread "C1 CompilerThread1" daemon [_thread_blocked, id=16432, stack(0x000000acb1800000,0x000000acb1900000)]
  0x00000296c2b45d50 JavaThread "C2 CompilerThread1" daemon [_thread_blocked, id=15300, stack(0x000000acb1900000,0x000000acb1a00000)]
  0x00000296c2bd8fc0 JavaThread "Monitor Ctrl-Break" daemon [_thread_in_native, id=17144, stack(0x000000acb1a00000,0x000000acb1b00000)]
  0x00000296c2be6750 JavaThread "Notification Thread" daemon [_thread_blocked, id=17244, stack(0x000000acb1b00000,0x000000acb1c00000)]
  0x00000296c4ef3b90 JavaThread "C1 CompilerThread2" daemon [_thread_blocked, id=1788, stack(0x000000acb2300000,0x000000acb2400000)]
  0x00000296c3f325c0 JavaThread "C1 CompilerThread3" daemon [_thread_blocked, id=17028, stack(0x000000acb2400000,0x000000acb2500000)]
  0x00000296c4c5f880 JavaThread "background-preinit" [_thread_blocked, id=8908, stack(0x000000acb2a00000,0x000000acb2b00000)]

Other Threads:
  0x00000296c21dd030 VMThread "VM Thread" [stack: 0x000000acb0d00000,0x000000acb0e00000] [id=16544]
  0x000002969ef66dd0 WatcherThread [stack: 0x000000acb1c00000,0x000000acb1d00000] [id=16380]
  0x000002969ef3d210 GCTaskThread "GC Thread#0" [stack: 0x000000acb0800000,0x000000acb0900000] [id=16232]
  0x00000296c4a956c0 GCTaskThread "GC Thread#1" [stack: 0x000000acb1e00000,0x000000acb1f00000] [id=11864]
  0x00000296c48353d0 GCTaskThread "GC Thread#2" [stack: 0x000000acb1f00000,0x000000acb2000000] [id=3140]
  0x00000296c40c1f80 GCTaskThread "GC Thread#3" [stack: 0x000000acb2000000,0x000000acb2100000] [id=14644]
  0x00000296c4aa2b60 GCTaskThread "GC Thread#4" [stack: 0x000000acb2100000,0x000000acb2200000] [id=9320]
  0x00000296c4ad5210 GCTaskThread "GC Thread#5" [stack: 0x000000acb2200000,0x000000acb2300000] [id=12108]
  0x00000296c57aefd0 GCTaskThread "GC Thread#6" [stack: 0x000000acb2500000,0x000000acb2600000] [id=4700]
  0x00000296c4ace470 GCTaskThread "GC Thread#7" [stack: 0x000000acb2600000,0x000000acb2700000] [id=17128]
  0x00000296c4b68720 GCTaskThread "GC Thread#8" [stack: 0x000000acb2700000,0x000000acb2800000] [id=5652]
  0x00000296c5d23830 GCTaskThread "GC Thread#9" [stack: 0x000000acb2800000,0x000000acb2900000] [id=15868]
  0x00000296c47effe0 GCTaskThread "GC Thread#10" [stack: 0x000000acb2900000,0x000000acb2a00000] [id=5052]
  0x000002969ef4ddd0 ConcurrentGCThread "G1 Main Marker" [stack: 0x000000acb0900000,0x000000acb0a00000] [id=16968]
  0x000002969ef4e590 ConcurrentGCThread "G1 Conc#0" [stack: 0x000000acb0a00000,0x000000acb0b00000] [id=17008]
  0x000002969ef7e430 ConcurrentGCThread "G1 Refine#0" [stack: 0x000000acb0b00000,0x000000acb0c00000] [id=15572]
  0x000002969ef7ec00 ConcurrentGCThread "G1 Service" [stack: 0x000000acb0c00000,0x000000acb0d00000] [id=15848]

Threads with active compile tasks:
C2 CompilerThread0     2679 2767   !   4       java.net.URL::<init> (543 bytes)
C2 CompilerThread1     2679 2814 %     4       java.util.Properties::load0 @ 29 (249 bytes)

VM state: at safepoint (normal execution)

VM Mutex/Monitor currently owned by a thread:  ([mutex/lock_event])
[0x000002969eecc8f0] Threads_lock - owner thread: 0x00000296c21dd030
[0x000002969eecc350] Heap_lock - owner thread: 0x00000296c4c5f880

Heap address: 0x0000000701200000, size: 4078 MB, Compressed Oops mode: Zero based, Oop shift amount: 3

CDS archive(s) mapped at: [0x0000000800000000-0x0000000800bc0000-0x0000000800bc0000), size 12320768, SharedBaseAddress: 0x0000000800000000, ArchiveRelocationMode: 0.
Compressed class space mapped at: 0x0000000800c00000-0x0000000840c00000, reserved size: 1073741824
Narrow klass base: 0x0000000800000000, Narrow klass shift: 0, Narrow klass range: 0x100000000

GC Precious Log:
 CPUs: 16 total, 16 available
 Memory: 16304M
 Large Page Support: Disabled
 NUMA Support: Disabled
 Compressed Oops: Enabled (Zero based)
 Heap Region Size: 2M
 Heap Min Capacity: 8M
 Heap Initial Capacity: 256M
 Heap Max Capacity: 4078M
 Pre-touch: Disabled
 Parallel Workers: 13
 Concurrent Workers: 3
 Concurrent Refinement Workers: 13
 Periodic GC: Disabled

Heap:
 garbage-first heap   total 262144K, used 64991K [0x0000000701200000, 0x0000000800000000)
  region size 2048K, 29 young (59392K), 3 survivors (6144K)
 Metaspace       used 21272K, committed 21504K, reserved 1073152K
  class space    used 2808K, committed 2944K, reserved 1048576K

Heap Regions: E=young(eden), S=young(survivor), O=old, HS=humongous(starts), HC=humongous(continues), CS=collection set, F=free, OA=open archive, CA=closed archive, TAMS=top-at-mark-start (previous, next)
|   0|0x0000000701200000, 0x0000000701400000, 0x0000000701400000|100%|HS|  |TAMS 0x0000000701200000, 0x0000000701400000| Complete 
|   1|0x0000000701400000, 0x0000000701600000, 0x0000000701600000|100%| O|  |TAMS 0x0000000701400000, 0x0000000701600000| Untracked 
|   2|0x0000000701600000, 0x0000000701800000, 0x0000000701800000|100%| O|  |TAMS 0x0000000701600000, 0x0000000701800000| Untracked 
|   3|0x0000000701800000, 0x0000000701a00000, 0x0000000701a00000|100%| O|  |TAMS 0x0000000701800000, 0x0000000701a00000| Untracked 
|   4|0x0000000701a00000, 0x0000000701af8800, 0x0000000701c00000| 48%| O|  |TAMS 0x0000000701a00000, 0x0000000701af8800| Untracked 
|   5|0x0000000701c00000, 0x0000000701c00000, 0x0000000701e00000|  0%| F|  |TAMS 0x0000000701c00000, 0x0000000701c00000| Untracked 
|   6|0x0000000701e00000, 0x0000000701e00000, 0x0000000702000000|  0%| F|  |TAMS 0x0000000701e00000, 0x0000000701e00000| Untracked 
|   7|0x0000000702000000, 0x0000000702000000, 0x0000000702200000|  0%| F|  |TAMS 0x0000000702000000, 0x0000000702000000| Untracked 
|   8|0x0000000702200000, 0x0000000702200000, 0x0000000702400000|  0%| F|  |TAMS 0x0000000702200000, 0x0000000702200000| Untracked 
|   9|0x0000000702400000, 0x0000000702400000, 0x0000000702600000|  0%| F|  |TAMS 0x0000000702400000, 0x0000000702400000| Untracked 
|  10|0x0000000702600000, 0x0000000702600000, 0x0000000702800000|  0%| F|  |TAMS 0x0000000702600000, 0x0000000702600000| Untracked 
|  11|0x0000000702800000, 0x0000000702800000, 0x0000000702a00000|  0%| F|  |TAMS 0x0000000702800000, 0x0000000702800000| Untracked 
|  12|0x0000000702a00000, 0x0000000702a00000, 0x0000000702c00000|  0%| F|  |TAMS 0x0000000702a00000, 0x0000000702a00000| Untracked 
|  13|0x0000000702c00000, 0x0000000702c00000, 0x0000000702e00000|  0%| F|  |TAMS 0x0000000702c00000, 0x0000000702c00000| Untracked 
|  14|0x0000000702e00000, 0x0000000702e00000, 0x0000000703000000|  0%| F|  |TAMS 0x0000000702e00000, 0x0000000702e00000| Untracked 
|  15|0x0000000703000000, 0x0000000703000000, 0x0000000703200000|  0%| F|  |TAMS 0x0000000703000000, 0x0000000703000000| Untracked 
|  16|0x0000000703200000, 0x0000000703200000, 0x0000000703400000|  0%| F|  |TAMS 0x0000000703200000, 0x0000000703200000| Untracked 
|  17|0x0000000703400000, 0x0000000703400000, 0x0000000703600000|  0%| F|  |TAMS 0x0000000703400000, 0x0000000703400000| Untracked 
|  18|0x0000000703600000, 0x0000000703600000, 0x0000000703800000|  0%| F|  |TAMS 0x0000000703600000, 0x0000000703600000| Untracked 
|  19|0x0000000703800000, 0x0000000703800000, 0x0000000703a00000|  0%| F|  |TAMS 0x0000000703800000, 0x0000000703800000| Untracked 
|  20|0x0000000703a00000, 0x0000000703a00000, 0x0000000703c00000|  0%| F|  |TAMS 0x0000000703a00000, 0x0000000703a00000| Untracked 
|  21|0x0000000703c00000, 0x0000000703c00000, 0x0000000703e00000|  0%| F|  |TAMS 0x0000000703c00000, 0x0000000703c00000| Untracked 
|  22|0x0000000703e00000, 0x0000000703e00000, 0x0000000704000000|  0%| F|  |TAMS 0x0000000703e00000, 0x0000000703e00000| Untracked 
|  23|0x0000000704000000, 0x0000000704000000, 0x0000000704200000|  0%| F|  |TAMS 0x0000000704000000, 0x0000000704000000| Untracked 
|  24|0x0000000704200000, 0x0000000704200000, 0x0000000704400000|  0%| F|  |TAMS 0x0000000704200000, 0x0000000704200000| Untracked 
|  25|0x0000000704400000, 0x0000000704400000, 0x0000000704600000|  0%| F|  |TAMS 0x0000000704400000, 0x0000000704400000| Untracked 
|  26|0x0000000704600000, 0x0000000704600000, 0x0000000704800000|  0%| F|  |TAMS 0x0000000704600000, 0x0000000704600000| Untracked 
|  27|0x0000000704800000, 0x0000000704800000, 0x0000000704a00000|  0%| F|  |TAMS 0x0000000704800000, 0x0000000704800000| Untracked 
|  28|0x0000000704a00000, 0x0000000704a00000, 0x0000000704c00000|  0%| F|  |TAMS 0x0000000704a00000, 0x0000000704a00000| Untracked 
|  29|0x0000000704c00000, 0x0000000704c00000, 0x0000000704e00000|  0%| F|  |TAMS 0x0000000704c00000, 0x0000000704c00000| Untracked 
|  30|0x0000000704e00000, 0x0000000704e00000, 0x0000000705000000|  0%| F|  |TAMS 0x0000000704e00000, 0x0000000704e00000| Untracked 
|  31|0x0000000705000000, 0x0000000705000000, 0x0000000705200000|  0%| F|  |TAMS 0x0000000705000000, 0x0000000705000000| Untracked 
|  32|0x0000000705200000, 0x0000000705200000, 0x0000000705400000|  0%| F|  |TAMS 0x0000000705200000, 0x0000000705200000| Untracked 
|  33|0x0000000705400000, 0x0000000705400000, 0x0000000705600000|  0%| F|  |TAMS 0x0000000705400000, 0x0000000705400000| Untracked 
|  34|0x0000000705600000, 0x0000000705600000, 0x0000000705800000|  0%| F|  |TAMS 0x0000000705600000, 0x0000000705600000| Untracked 
|  35|0x0000000705800000, 0x0000000705800000, 0x0000000705a00000|  0%| F|  |TAMS 0x0000000705800000, 0x0000000705800000| Untracked 
|  36|0x0000000705a00000, 0x0000000705a00000, 0x0000000705c00000|  0%| F|  |TAMS 0x0000000705a00000, 0x0000000705a00000| Untracked 
|  37|0x0000000705c00000, 0x0000000705c00000, 0x0000000705e00000|  0%| F|  |TAMS 0x0000000705c00000, 0x0000000705c00000| Untracked 
|  38|0x0000000705e00000, 0x0000000705e00000, 0x0000000706000000|  0%| F|  |TAMS 0x0000000705e00000, 0x0000000705e00000| Untracked 
|  39|0x0000000706000000, 0x0000000706000000, 0x0000000706200000|  0%| F|  |TAMS 0x0000000706000000, 0x0000000706000000| Untracked 
|  40|0x0000000706200000, 0x0000000706200000, 0x0000000706400000|  0%| F|  |TAMS 0x0000000706200000, 0x0000000706200000| Untracked 
|  41|0x0000000706400000, 0x0000000706400000, 0x0000000706600000|  0%| F|  |TAMS 0x0000000706400000, 0x0000000706400000| Untracked 
|  42|0x0000000706600000, 0x0000000706600000, 0x0000000706800000|  0%| F|  |TAMS 0x0000000706600000, 0x0000000706600000| Untracked 
|  43|0x0000000706800000, 0x0000000706800000, 0x0000000706a00000|  0%| F|  |TAMS 0x0000000706800000, 0x0000000706800000| Untracked 
|  44|0x0000000706a00000, 0x0000000706a00000, 0x0000000706c00000|  0%| F|  |TAMS 0x0000000706a00000, 0x0000000706a00000| Untracked 
|  45|0x0000000706c00000, 0x0000000706c00000, 0x0000000706e00000|  0%| F|  |TAMS 0x0000000706c00000, 0x0000000706c00000| Untracked 
|  46|0x0000000706e00000, 0x0000000706e00000, 0x0000000707000000|  0%| F|  |TAMS 0x0000000706e00000, 0x0000000706e00000| Untracked 
|  47|0x0000000707000000, 0x0000000707000000, 0x0000000707200000|  0%| F|  |TAMS 0x0000000707000000, 0x0000000707000000| Untracked 
|  48|0x0000000707200000, 0x0000000707200000, 0x0000000707400000|  0%| F|  |TAMS 0x0000000707200000, 0x0000000707200000| Untracked 
|  49|0x0000000707400000, 0x0000000707400000, 0x0000000707600000|  0%| F|  |TAMS 0x0000000707400000, 0x0000000707400000| Untracked 
|  50|0x0000000707600000, 0x0000000707600000, 0x0000000707800000|  0%| F|  |TAMS 0x0000000707600000, 0x0000000707600000| Untracked 
|  51|0x0000000707800000, 0x0000000707800000, 0x0000000707a00000|  0%| F|  |TAMS 0x0000000707800000, 0x0000000707800000| Untracked 
|  52|0x0000000707a00000, 0x0000000707a00000, 0x0000000707c00000|  0%| F|  |TAMS 0x0000000707a00000, 0x0000000707a00000| Untracked 
|  53|0x0000000707c00000, 0x0000000707c00000, 0x0000000707e00000|  0%| F|  |TAMS 0x0000000707c00000, 0x0000000707c00000| Untracked 
|  54|0x0000000707e00000, 0x0000000707e00000, 0x0000000708000000|  0%| F|  |TAMS 0x0000000707e00000, 0x0000000707e00000| Untracked 
|  55|0x0000000708000000, 0x0000000708000000, 0x0000000708200000|  0%| F|  |TAMS 0x0000000708000000, 0x0000000708000000| Untracked 
|  56|0x0000000708200000, 0x0000000708200000, 0x0000000708400000|  0%| F|  |TAMS 0x0000000708200000, 0x0000000708200000| Untracked 
|  57|0x0000000708400000, 0x0000000708400000, 0x0000000708600000|  0%| F|  |TAMS 0x0000000708400000, 0x0000000708400000| Untracked 
|  58|0x0000000708600000, 0x0000000708600000, 0x0000000708800000|  0%| F|  |TAMS 0x0000000708600000, 0x0000000708600000| Untracked 
|  59|0x0000000708800000, 0x0000000708800000, 0x0000000708a00000|  0%| F|  |TAMS 0x0000000708800000, 0x0000000708800000| Untracked 
|  60|0x0000000708a00000, 0x0000000708a00000, 0x0000000708c00000|  0%| F|  |TAMS 0x0000000708a00000, 0x0000000708a00000| Untracked 
|  61|0x0000000708c00000, 0x0000000708c00000, 0x0000000708e00000|  0%| F|  |TAMS 0x0000000708c00000, 0x0000000708c00000| Untracked 
|  62|0x0000000708e00000, 0x0000000708e00000, 0x0000000709000000|  0%| F|  |TAMS 0x0000000708e00000, 0x0000000708e00000| Untracked 
|  63|0x0000000709000000, 0x0000000709000000, 0x0000000709200000|  0%| F|  |TAMS 0x0000000709000000, 0x0000000709000000| Untracked 
|  64|0x0000000709200000, 0x0000000709200000, 0x0000000709400000|  0%| F|  |TAMS 0x0000000709200000, 0x0000000709200000| Untracked 
|  65|0x0000000709400000, 0x0000000709400000, 0x0000000709600000|  0%| F|  |TAMS 0x0000000709400000, 0x0000000709400000| Untracked 
|  66|0x0000000709600000, 0x0000000709600000, 0x0000000709800000|  0%| F|  |TAMS 0x0000000709600000, 0x0000000709600000| Untracked 
|  67|0x0000000709800000, 0x0000000709800000, 0x0000000709a00000|  0%| F|  |TAMS 0x0000000709800000, 0x0000000709800000| Untracked 
|  68|0x0000000709a00000, 0x0000000709a00000, 0x0000000709c00000|  0%| F|  |TAMS 0x0000000709a00000, 0x0000000709a00000| Untracked 
|  69|0x0000000709c00000, 0x0000000709c00000, 0x0000000709e00000|  0%| F|  |TAMS 0x0000000709c00000, 0x0000000709c00000| Untracked 
|  70|0x0000000709e00000, 0x0000000709e00000, 0x000000070a000000|  0%| F|  |TAMS 0x0000000709e00000, 0x0000000709e00000| Untracked 
|  71|0x000000070a000000, 0x000000070a000000, 0x000000070a200000|  0%| F|  |TAMS 0x000000070a000000, 0x000000070a000000| Untracked 
|  72|0x000000070a200000, 0x000000070a200000, 0x000000070a400000|  0%| F|  |TAMS 0x000000070a200000, 0x000000070a200000| Untracked 
|  73|0x000000070a400000, 0x000000070a400000, 0x000000070a600000|  0%| F|  |TAMS 0x000000070a400000, 0x000000070a400000| Untracked 
|  74|0x000000070a600000, 0x000000070a600000, 0x000000070a800000|  0%| F|  |TAMS 0x000000070a600000, 0x000000070a600000| Untracked 
|  75|0x000000070a800000, 0x000000070a800000, 0x000000070aa00000|  0%| F|  |TAMS 0x000000070a800000, 0x000000070a800000| Untracked 
|  76|0x000000070aa00000, 0x000000070aa00000, 0x000000070ac00000|  0%| F|  |TAMS 0x000000070aa00000, 0x000000070aa00000| Untracked 
|  77|0x000000070ac00000, 0x000000070ac00000, 0x000000070ae00000|  0%| F|  |TAMS 0x000000070ac00000, 0x000000070ac00000| Untracked 
|  78|0x000000070ae00000, 0x000000070ae00000, 0x000000070b000000|  0%| F|  |TAMS 0x000000070ae00000, 0x000000070ae00000| Untracked 
|  79|0x000000070b000000, 0x000000070b000000, 0x000000070b200000|  0%| F|  |TAMS 0x000000070b000000, 0x000000070b000000| Untracked 
|  80|0x000000070b200000, 0x000000070b200000, 0x000000070b400000|  0%| F|  |TAMS 0x000000070b200000, 0x000000070b200000| Untracked 
|  81|0x000000070b400000, 0x000000070b400000, 0x000000070b600000|  0%| F|  |TAMS 0x000000070b400000, 0x000000070b400000| Untracked 
|  82|0x000000070b600000, 0x000000070b600000, 0x000000070b800000|  0%| F|  |TAMS 0x000000070b600000, 0x000000070b600000| Untracked 
|  83|0x000000070b800000, 0x000000070b800000, 0x000000070ba00000|  0%| F|  |TAMS 0x000000070b800000, 0x000000070b800000| Untracked 
|  84|0x000000070ba00000, 0x000000070ba00000, 0x000000070bc00000|  0%| F|  |TAMS 0x000000070ba00000, 0x000000070ba00000| Untracked 
|  85|0x000000070bc00000, 0x000000070bc00000, 0x000000070be00000|  0%| F|  |TAMS 0x000000070bc00000, 0x000000070bc00000| Untracked 
|  86|0x000000070be00000, 0x000000070be00000, 0x000000070c000000|  0%| F|  |TAMS 0x000000070be00000, 0x000000070be00000| Untracked 
|  87|0x000000070c000000, 0x000000070c000000, 0x000000070c200000|  0%| F|  |TAMS 0x000000070c000000, 0x000000070c000000| Untracked 
|  88|0x000000070c200000, 0x000000070c200000, 0x000000070c400000|  0%| F|  |TAMS 0x000000070c200000, 0x000000070c200000| Untracked 
|  89|0x000000070c400000, 0x000000070c400000, 0x000000070c600000|  0%| F|  |TAMS 0x000000070c400000, 0x000000070c400000| Untracked 
|  90|0x000000070c600000, 0x000000070c600000, 0x000000070c800000|  0%| F|  |TAMS 0x000000070c600000, 0x000000070c600000| Untracked 
|  91|0x000000070c800000, 0x000000070c800000, 0x000000070ca00000|  0%| F|  |TAMS 0x000000070c800000, 0x000000070c800000| Untracked 
|  92|0x000000070ca00000, 0x000000070ca00000, 0x000000070cc00000|  0%| F|  |TAMS 0x000000070ca00000, 0x000000070ca00000| Untracked 
|  93|0x000000070cc00000, 0x000000070cc00000, 0x000000070ce00000|  0%| F|  |TAMS 0x000000070cc00000, 0x000000070cc00000| Untracked 
|  94|0x000000070ce00000, 0x000000070ce00000, 0x000000070d000000|  0%| F|  |TAMS 0x000000070ce00000, 0x000000070ce00000| Untracked 
|  95|0x000000070d000000, 0x000000070d000000, 0x000000070d200000|  0%| F|  |TAMS 0x000000070d000000, 0x000000070d000000| Untracked 
|  96|0x000000070d200000, 0x000000070d27b360, 0x000000070d400000| 24%| S|CS|TAMS 0x000000070d200000, 0x000000070d200000| Complete 
|  97|0x000000070d400000, 0x000000070d600000, 0x000000070d600000|100%| S|CS|TAMS 0x000000070d400000, 0x000000070d400000| Complete 
|  98|0x000000070d600000, 0x000000070d800000, 0x000000070d800000|100%| S|CS|TAMS 0x000000070d600000, 0x000000070d600000| Complete 
|  99|0x000000070d800000, 0x000000070da00000, 0x000000070da00000|100%| S|CS|TAMS 0x000000070d800000, 0x000000070d800000| Complete 
| 100|0x000000070da00000, 0x000000070da00000, 0x000000070dc00000|  0%| F|  |TAMS 0x000000070da00000, 0x000000070da00000| Untracked 
| 101|0x000000070dc00000, 0x000000070dc00000, 0x000000070de00000|  0%| F|  |TAMS 0x000000070dc00000, 0x000000070dc00000| Untracked 
| 102|0x000000070de00000, 0x000000070de00000, 0x000000070e000000|  0%| F|  |TAMS 0x000000070de00000, 0x000000070de00000| Untracked 
| 103|0x000000070e000000, 0x000000070e000000, 0x000000070e200000|  0%| F|  |TAMS 0x000000070e000000, 0x000000070e000000| Untracked 
| 104|0x000000070e200000, 0x000000070e200000, 0x000000070e400000|  0%| F|  |TAMS 0x000000070e200000, 0x000000070e200000| Untracked 
| 105|0x000000070e400000, 0x000000070e400000, 0x000000070e600000|  0%| F|  |TAMS 0x000000070e400000, 0x000000070e400000| Untracked 
| 106|0x000000070e600000, 0x000000070e600000, 0x000000070e800000|  0%| F|  |TAMS 0x000000070e600000, 0x000000070e600000| Untracked 
| 107|0x000000070e800000, 0x000000070e800000, 0x000000070ea00000|  0%| F|  |TAMS 0x000000070e800000, 0x000000070e800000| Untracked 
| 108|0x000000070ea00000, 0x000000070ea00000, 0x000000070ec00000|  0%| F|  |TAMS 0x000000070ea00000, 0x000000070ea00000| Untracked 
| 109|0x000000070ec00000, 0x000000070ec00000, 0x000000070ee00000|  0%| F|  |TAMS 0x000000070ec00000, 0x000000070ec00000| Untracked 
| 110|0x000000070ee00000, 0x000000070ee00000, 0x000000070f000000|  0%| F|  |TAMS 0x000000070ee00000, 0x000000070ee00000| Untracked 
| 111|0x000000070f000000, 0x000000070f000000, 0x000000070f200000|  0%| F|  |TAMS 0x000000070f000000, 0x000000070f000000| Untracked 
| 112|0x000000070f200000, 0x000000070f200000, 0x000000070f400000|  0%| F|  |TAMS 0x000000070f200000, 0x000000070f200000| Untracked 
| 113|0x000000070f400000, 0x000000070f400000, 0x000000070f600000|  0%| F|  |TAMS 0x000000070f400000, 0x000000070f400000| Untracked 
| 114|0x000000070f600000, 0x000000070f600000, 0x000000070f800000|  0%| F|  |TAMS 0x000000070f600000, 0x000000070f600000| Untracked 
| 115|0x000000070f800000, 0x000000070f800000, 0x000000070fa00000|  0%| F|  |TAMS 0x000000070f800000, 0x000000070f800000| Untracked 
| 116|0x000000070fa00000, 0x000000070fa00000, 0x000000070fc00000|  0%| F|  |TAMS 0x000000070fa00000, 0x000000070fa00000| Untracked 
| 117|0x000000070fc00000, 0x000000070fc00000, 0x000000070fe00000|  0%| F|  |TAMS 0x000000070fc00000, 0x000000070fc00000| Untracked 
| 118|0x000000070fe00000, 0x000000070fe00000, 0x0000000710000000|  0%| F|  |TAMS 0x000000070fe00000, 0x000000070fe00000| Untracked 
| 119|0x0000000710000000, 0x0000000710000000, 0x0000000710200000|  0%| F|  |TAMS 0x0000000710000000, 0x0000000710000000| Untracked 
| 120|0x0000000710200000, 0x0000000710200000, 0x0000000710400000|  0%| F|  |TAMS 0x0000000710200000, 0x0000000710200000| Untracked 
| 121|0x0000000710400000, 0x0000000710400000, 0x0000000710600000|  0%| F|  |TAMS 0x0000000710400000, 0x0000000710400000| Untracked 
| 122|0x0000000710600000, 0x0000000710600000, 0x0000000710800000|  0%| F|  |TAMS 0x0000000710600000, 0x0000000710600000| Untracked 
| 123|0x0000000710800000, 0x0000000710800000, 0x0000000710a00000|  0%| F|  |TAMS 0x0000000710800000, 0x0000000710800000| Untracked 
| 124|0x0000000710a00000, 0x0000000710a00000, 0x0000000710c00000|  0%| F|  |TAMS 0x0000000710a00000, 0x0000000710a00000| Untracked 
| 125|0x0000000710c00000, 0x0000000710c00000, 0x0000000710e00000|  0%| F|  |TAMS 0x0000000710c00000, 0x0000000710c00000| Untracked 
| 126|0x0000000710e00000, 0x0000000710e00800, 0x0000000711000000|  0%| E|  |TAMS 0x0000000710e00000, 0x0000000710e00000| Complete 
| 127|0x0000000711000000, 0x0000000711200000, 0x0000000711200000|100%| E|CS|TAMS 0x0000000711000000, 0x0000000711000000| Complete 

Card table byte_map: [0x00000296b6a50000,0x00000296b7250000] _byte_map_base: 0x00000296b3247000

Marking Bits (Prev, Next): (CMBitMap*) 0x000002969ef3d5d0, (CMBitMap*) 0x000002969ef3d610
 Prev Bits: [0x00000296b7a50000, 0x00000296bba08000)
 Next Bits: [0x00000296bba10000, 0x00000296bf9c8000)

Polling page: 0x000002969ce60000

Metaspace:

Usage:
  Non-class:     18.07 MB used.
      Class:      2.75 MB used.
       Both:     20.82 MB used.

Virtual space:
  Non-class space:       24.00 MB reserved,      18.19 MB ( 76%) committed,  3 nodes.
      Class space:        1.00 GB reserved,       2.88 MB ( <1%) committed,  1 nodes.
             Both:        1.02 GB reserved,      21.06 MB (  2%) committed. 

Chunk freelists:
   Non-Class:  1.34 MB
       Class:  1.08 MB
        Both:  2.42 MB

MaxMetaspaceSize: unlimited
CompressedClassSpaceSize: 1.00 GB
Initial GC threshold: 21.00 MB
Current GC threshold: 21.31 MB
CDS: on
MetaspaceReclaimPolicy: balanced
 - commit_granule_bytes: 65536.
 - commit_granule_words: 8192.
 - virtual_space_node_default_size: 1048576.
 - enlarge_chunks_in_place: 1.
 - new_chunks_are_fully_committed: 0.
 - uncommit_free_chunks: 1.
 - use_allocation_guard: 0.
 - handle_deallocations: 1.


Internal statistics:

num_allocs_failed_limit: 3.
num_arena_births: 186.
num_arena_deaths: 0.
num_vsnodes_births: 4.
num_vsnodes_deaths: 0.
num_space_committed: 337.
num_space_uncommitted: 0.
num_chunks_returned_to_freelist: 3.
num_chunks_taken_from_freelist: 893.
num_chunk_merges: 3.
num_chunk_splits: 627.
num_chunks_enlarged: 505.
num_purges: 0.
num_inconsistent_stats: 0.

CodeHeap 'non-profiled nmethods': size=119168Kb used=1266Kb max_used=1266Kb free=117902Kb
 bounds [0x00000296ae550000, 0x00000296ae7c0000, 0x00000296b59b0000]
CodeHeap 'profiled nmethods': size=119104Kb used=6081Kb max_used=6081Kb free=113022Kb
 bounds [0x00000296a7100000, 0x00000296a7700000, 0x00000296ae550000]
CodeHeap 'non-nmethods': size=7488Kb used=2888Kb max_used=2930Kb free=4599Kb
 bounds [0x00000296a69b0000, 0x00000296a6ca0000, 0x00000296a7100000]
 total_blobs=3333 nmethods=2834 adapters=408
 compilation: enabled
              stopped_count=0, restarted_count=0
 full_count=0

Compilation events (20 events):
Event: 2.593 Thread 0x00000296c220a730 2805       3       java.lang.invoke.LambdaForm::normalize (322 bytes)
Event: 2.596 Thread 0x00000296c220a730 nmethod 2805 0x00000296a76ddf90 code [0x00000296a76de240, 0x00000296a76df5b8]
Event: 2.597 Thread 0x00000296c2a21390 2807       3       java.lang.invoke.DirectMethodHandle::makeAllocator (137 bytes)
Event: 2.598 Thread 0x00000296c2a21390 nmethod 2807 0x00000296a76dfc10 code [0x00000296a76dfe20, 0x00000296a76e0298]
Event: 2.599 Thread 0x00000296c2a21390 2808       3       java.lang.reflect.AccessibleObject::verifyAccess (55 bytes)
Event: 2.599 Thread 0x00000296c220a730 2809       3       java.lang.reflect.AccessibleObject::isAccessChecked (25 bytes)
Event: 2.600 Thread 0x00000296c220a730 nmethod 2809 0x00000296a76e0510 code [0x00000296a76e06e0, 0x00000296a76e0bc8]
Event: 2.600 Thread 0x00000296c2a21390 nmethod 2808 0x00000296a76e0d10 code [0x00000296a76e0f60, 0x00000296a76e1b68]
Event: 2.601 Thread 0x00000296c2a21390 2810       3       java.net.URL::isValidProtocol (78 bytes)
Event: 2.601 Thread 0x00000296c3f325c0 2811       3       sun.nio.fs.WindowsPath::isAbsolute (26 bytes)
Event: 2.602 Thread 0x00000296c220a730 2812       3       org.springframework.boot.context.annotation.ImportCandidates::stripComment (21 bytes)
Event: 2.602 Thread 0x00000296c3f325c0 nmethod 2811 0x00000296a76e1e10 code [0x00000296a76e1fa0, 0x00000296a76e2158]
Event: 2.603 Thread 0x00000296c220a730 nmethod 2812 0x00000296a76e2210 code [0x00000296a76e23c0, 0x00000296a76e2598]
Event: 2.605 Thread 0x00000296c220a730 2813       3       org.springframework.boot.context.properties.source.ConfigurationPropertyName::isIndexed (12 bytes)
Event: 2.605 Thread 0x00000296c2a21390 nmethod 2810 0x00000296a76e2690 code [0x00000296a76e29a0, 0x00000296a76e3c18]
Event: 2.605 Thread 0x00000296c220a730 nmethod 2813 0x00000296a76e4290 code [0x00000296a76e4440, 0x00000296a76e4638]
Event: 2.612 Thread 0x00000296c220a730 2815       3       jdk.internal.loader.BuiltinClassLoader$1::hasNext (93 bytes)
Event: 2.613 Thread 0x00000296c220a730 nmethod 2815 0x00000296a76e4790 code [0x00000296a76e49c0, 0x00000296a76e5468]
Event: 2.614 Thread 0x00000296c220a730 2816   !   3       java.util.zip.ZipFile::getManifestName (61 bytes)
Event: 2.614 Thread 0x00000296c220a730 nmethod 2816 0x00000296a76e5690 code [0x00000296a76e5860, 0x00000296a76e5bf8]

GC Heap History (4 events):
Event: 0.860 GC heap before
{Heap before GC invocations=0 (full 0):
 garbage-first heap   total 262144K, used 22528K [0x0000000701200000, 0x0000000800000000)
  region size 2048K, 11 young (22528K), 0 survivors (0K)
 Metaspace       used 4300K, committed 4544K, reserved 1056768K
  class space    used 527K, committed 640K, reserved 1048576K
}
Event: 0.864 GC heap after
{Heap after GC invocations=1 (full 0):
 garbage-first heap   total 262144K, used 9251K [0x0000000701200000, 0x0000000800000000)
  region size 2048K, 2 young (4096K), 2 survivors (4096K)
 Metaspace       used 4300K, committed 4544K, reserved 1056768K
  class space    used 527K, committed 640K, reserved 1048576K
}
Event: 1.663 GC heap before
{Heap before GC invocations=1 (full 0):
 garbage-first heap   total 262144K, used 35875K [0x0000000701200000, 0x0000000800000000)
  region size 2048K, 15 young (30720K), 2 survivors (4096K)
 Metaspace       used 10840K, committed 11072K, reserved 1064960K
  class space    used 1366K, committed 1472K, reserved 1048576K
}
Event: 1.668 GC heap after
{Heap after GC invocations=2 (full 0):
 garbage-first heap   total 262144K, used 12007K [0x0000000701200000, 0x0000000800000000)
  region size 2048K, 2 young (4096K), 2 survivors (4096K)
 Metaspace       used 10840K, committed 11072K, reserved 1064960K
  class space    used 1366K, committed 1472K, reserved 1048576K
}

Dll operation events (12 events):
Event: 0.008 Loaded shared library C:\Users\Dmitrii\.jdks\corretto-17.0.5\bin\java.dll
Event: 0.019 Loaded shared library C:\Users\Dmitrii\.jdks\corretto-17.0.5\bin\jsvml.dll
Event: 0.171 Loaded shared library C:\Users\Dmitrii\.jdks\corretto-17.0.5\bin\zip.dll
Event: 0.173 Loaded shared library C:\Users\Dmitrii\.jdks\corretto-17.0.5\bin\instrument.dll
Event: 0.179 Loaded shared library C:\Users\Dmitrii\.jdks\corretto-17.0.5\bin\net.dll
Event: 0.181 Loaded shared library C:\Users\Dmitrii\.jdks\corretto-17.0.5\bin\nio.dll
Event: 0.184 Loaded shared library C:\Users\Dmitrii\.jdks\corretto-17.0.5\bin\zip.dll
Event: 0.193 Loaded shared library C:\Program Files\JetBrains\IntelliJ IDEA 2022.1.2\bin\breakgen64.dll
Event: 0.343 Loaded shared library C:\Users\Dmitrii\.jdks\corretto-17.0.5\bin\jimage.dll
Event: 0.586 Loaded shared library C:\Users\Dmitrii\.jdks\corretto-17.0.5\bin\verify.dll
Event: 2.012 Loaded shared library C:\Users\Dmitrii\.jdks\corretto-17.0.5\bin\management.dll
Event: 2.017 Loaded shared library C:\Users\Dmitrii\.jdks\corretto-17.0.5\bin\management_ext.dll

Deoptimization events (20 events):
Event: 2.156 Thread 0x00000296c4c5f880 Uncommon trap: trap_request=0xffffff45 fr.pc=0x00000296ae5fb998 relative=0x0000000000000318
Event: 2.156 Thread 0x00000296c4c5f880 Uncommon trap: reason=unstable_if action=reinterpret pc=0x00000296ae5fb998 method=sun.net.www.ParseUtil.firstEncodeIndex(Ljava/lang/String;)I @ 51 c2
Event: 2.156 Thread 0x00000296c4c5f880 DEOPT PACKING pc=0x00000296ae5fb998 sp=0x000000acb2afcd00
Event: 2.156 Thread 0x00000296c4c5f880 DEOPT UNPACKING pc=0x00000296a6a023a3 sp=0x000000acb2afcba0 mode 2
Event: 2.229 Thread 0x00000296c4c5f880 DEOPT PACKING pc=0x00000296a75e6f7d sp=0x000000acb2af73f0
Event: 2.229 Thread 0x00000296c4c5f880 DEOPT UNPACKING pc=0x00000296a6a02b43 sp=0x000000acb2af6878 mode 0
Event: 2.292 Thread 0x000002969eecf780 DEOPT PACKING pc=0x00000296a75e6f7d sp=0x000000acb07fb110
Event: 2.292 Thread 0x000002969eecf780 DEOPT UNPACKING pc=0x00000296a6a02b43 sp=0x000000acb07fa598 mode 0
Event: 2.347 Thread 0x000002969eecf780 Uncommon trap: trap_request=0xffffff45 fr.pc=0x00000296ae5b7084 relative=0x0000000000000264
Event: 2.347 Thread 0x000002969eecf780 Uncommon trap: reason=unstable_if action=reinterpret pc=0x00000296ae5b7084 method=java.util.concurrent.ConcurrentHashMap.get(Ljava/lang/Object;)Ljava/lang/Object; @ 76 c2
Event: 2.347 Thread 0x000002969eecf780 DEOPT PACKING pc=0x00000296ae5b7084 sp=0x000000acb07fae60
Event: 2.347 Thread 0x000002969eecf780 DEOPT UNPACKING pc=0x00000296a6a023a3 sp=0x000000acb07fadd8 mode 2
Event: 2.349 Thread 0x000002969eecf780 DEOPT PACKING pc=0x00000296a75e6f7d sp=0x000000acb07fb020
Event: 2.349 Thread 0x000002969eecf780 DEOPT UNPACKING pc=0x00000296a6a02b43 sp=0x000000acb07fa4a8 mode 0
Event: 2.423 Thread 0x00000296c4c5f880 DEOPT PACKING pc=0x00000296a75e6f7d sp=0x000000acb2afe3c0
Event: 2.423 Thread 0x00000296c4c5f880 DEOPT UNPACKING pc=0x00000296a6a02b43 sp=0x000000acb2afd848 mode 0
Event: 2.577 Thread 0x00000296c4c5f880 Uncommon trap: trap_request=0xffffff45 fr.pc=0x00000296ae659348 relative=0x0000000000004888
Event: 2.577 Thread 0x00000296c4c5f880 Uncommon trap: reason=unstable_if action=reinterpret pc=0x00000296ae659348 method=java.lang.invoke.MethodType.checkPtypes([Ljava/lang/Class;)I @ 55 c2
Event: 2.577 Thread 0x00000296c4c5f880 DEOPT PACKING pc=0x00000296ae659348 sp=0x000000acb2afdd60
Event: 2.577 Thread 0x00000296c4c5f880 DEOPT UNPACKING pc=0x00000296a6a023a3 sp=0x000000acb2afdce8 mode 2

Classes unloaded (0 events):
No events

Classes redefined (0 events):
No events

Internal exceptions (20 events):
Event: 1.921 Thread 0x000002969eecf780 Exception <a 'java/lang/NoSuchMethodError'{0x00000007108a8d18}: 'java.lang.Object java.lang.invoke.DirectMethodHandle$Holder.newInvokeSpecial(java.lang.Object, int, java.lang.Object)'> (0x00000007108a8d18) 
thrown [s\src\hotspot\share\interpreter\linkResolver.cpp, line 759]
Event: 1.979 Thread 0x000002969eecf780 Implicit null exception at 0x00000296ae633497 to 0x00000296ae636550
Event: 2.003 Thread 0x000002969eecf780 Exception <a 'java/lang/NoSuchMethodError'{0x0000000710656798}: 'void java.lang.invoke.DirectMethodHandle$Holder.invokeStaticInit(java.lang.Object, java.lang.Object)'> (0x0000000710656798) 
thrown [s\src\hotspot\share\interpreter\linkResolver.cpp, line 759]
Event: 2.112 Thread 0x000002969eecf780 Exception <a 'java/lang/NoSuchMethodError'{0x0000000710570400}: 'void java.lang.invoke.DirectMethodHandle$Holder.invokeStatic(java.lang.Object, java.lang.Object, int)'> (0x0000000710570400) 
thrown [s\src\hotspot\share\interpreter\linkResolver.cpp, line 759]
Event: 2.122 Thread 0x000002969eecf780 Exception <a 'java/lang/IncompatibleClassChangeError'{0x000000071059a4b0}: Found class java.lang.Object, but interface was expected> (0x000000071059a4b0) 
thrown [s\src\hotspot\share\interpreter\linkResolver.cpp, line 826]
Event: 2.343 Thread 0x000002969eecf780 Exception <a 'java/lang/ClassNotFoundException'{0x000000070f8fe750}: java/lang/ObjectCustomizer> (0x000000070f8fe750) 
thrown [s\src\hotspot\share\classfile\systemDictionary.cpp, line 256]
Event: 2.349 Thread 0x000002969eecf780 Exception <a 'java/lang/ClassNotFoundException'{0x000000070f6d5940}: org/springframework/context/annotation/ConfigurationClassPostProcessorCustomizer> (0x000000070f6d5940) 
thrown [s\src\hotspot\share\classfile\systemDictionary.cpp, line 256]
Event: 2.352 Thread 0x000002969eecf780 Exception <a 'java/lang/ClassNotFoundException'{0x000000070f6ecb20}: org/springframework/beans/factory/support/BeanDefinitionRegistryPostProcessorCustomizer> (0x000000070f6ecb20) 
thrown [s\src\hotspot\share\classfile\systemDictionary.cpp, line 256]
Event: 2.353 Thread 0x000002969eecf780 Exception <a 'java/lang/ClassNotFoundException'{0x000000070f6f3000}: org/springframework/beans/factory/config/BeanFactoryPostProcessorCustomizer> (0x000000070f6f3000) 
thrown [s\src\hotspot\share\classfile\systemDictionary.cpp, line 256]
Event: 2.354 Thread 0x000002969eecf780 Exception <a 'java/lang/ClassNotFoundException'{0x000000070f6f9178}: org/springframework/core/PriorityOrderedCustomizer> (0x000000070f6f9178) 
thrown [s\src\hotspot\share\classfile\systemDictionary.cpp, line 256]
Event: 2.354 Thread 0x000002969eecf780 Exception <a 'java/lang/ClassNotFoundException'{0x000000070f6fdee8}: org/springframework/core/OrderedCustomizer> (0x000000070f6fdee8) 
thrown [s\src\hotspot\share\classfile\systemDictionary.cpp, line 256]
Event: 2.355 Thread 0x000002969eecf780 Exception <a 'java/lang/ClassNotFoundException'{0x000000070f703f30}: org/springframework/context/ResourceLoaderAwareCustomizer> (0x000000070f703f30) 
thrown [s\src\hotspot\share\classfile\systemDictionary.cpp, line 256]
Event: 2.356 Thread 0x000002969eecf780 Exception <a 'java/lang/ClassNotFoundException'{0x000000070f70a090}: org/springframework/beans/factory/AwareCustomizer> (0x000000070f70a090) 
thrown [s\src\hotspot\share\classfile\systemDictionary.cpp, line 256]
Event: 2.356 Thread 0x000002969eecf780 Exception <a 'java/lang/ClassNotFoundException'{0x000000070f70f258}: org/springframework/context/ApplicationStartupAwareCustomizer> (0x000000070f70f258) 
thrown [s\src\hotspot\share\classfile\systemDictionary.cpp, line 256]
Event: 2.357 Thread 0x000002969eecf780 Exception <a 'java/lang/ClassNotFoundException'{0x000000070f715640}: org/springframework/beans/factory/AwareCustomizer> (0x000000070f715640) 
thrown [s\src\hotspot\share\classfile\systemDictionary.cpp, line 256]
Event: 2.357 Thread 0x000002969eecf780 Exception <a 'java/lang/ClassNotFoundException'{0x000000070f71a880}: org/springframework/beans/factory/BeanClassLoaderAwareCustomizer> (0x000000070f71a880) 
thrown [s\src\hotspot\share\classfile\systemDictionary.cpp, line 256]
Event: 2.358 Thread 0x000002969eecf780 Exception <a 'java/lang/ClassNotFoundException'{0x000000070f7209c8}: org/springframework/beans/factory/AwareCustomizer> (0x000000070f7209c8) 
thrown [s\src\hotspot\share\classfile\systemDictionary.cpp, line 256]
Event: 2.358 Thread 0x000002969eecf780 Exception <a 'java/lang/ClassNotFoundException'{0x000000070f7258f8}: org/springframework/context/EnvironmentAwareCustomizer> (0x000000070f7258f8) 
thrown [s\src\hotspot\share\classfile\systemDictionary.cpp, line 256]
Event: 2.359 Thread 0x000002969eecf780 Exception <a 'java/lang/ClassNotFoundException'{0x000000070f72b9d8}: org/springframework/beans/factory/AwareCustomizer> (0x000000070f72b9d8) 
thrown [s\src\hotspot\share\classfile\systemDictionary.cpp, line 256]
Event: 2.574 Thread 0x00000296c4c5f880 Exception <a 'java/lang/NoSuchMethodError'{0x000000070e56ba90}: 'java.lang.Object java.lang.invoke.DirectMethodHandle$Holder.invokeStaticInit(java.lang.Object, java.lang.Object, java.lang.Object, java.lang.Object, java.lang.Object)'> (0x000000070e56ba90) 
thrown [s\src\hotspot\share\interpreter\linkResolver.cpp, line 759]

VM Operations (20 events):
Event: 1.333 Executing VM operation: HandshakeAllThreads
Event: 1.333 Executing VM operation: HandshakeAllThreads done
Event: 1.345 Executing VM operation: ICBufferFull
Event: 1.345 Executing VM operation: ICBufferFull done
Event: 1.589 Executing VM operation: HandshakeAllThreads
Event: 1.589 Executing VM operation: HandshakeAllThreads done
Event: 1.663 Executing VM operation: G1CollectForAllocation
Event: 1.668 Executing VM operation: G1CollectForAllocation done
Event: 1.692 Executing VM operation: HandshakeAllThreads
Event: 1.692 Executing VM operation: HandshakeAllThreads done
Event: 1.901 Executing VM operation: HandshakeAllThreads
Event: 1.901 Executing VM operation: HandshakeAllThreads done
Event: 2.128 Executing VM operation: ICBufferFull
Event: 2.128 Executing VM operation: ICBufferFull done
Event: 2.313 Executing VM operation: HandshakeAllThreads
Event: 2.313 Executing VM operation: HandshakeAllThreads done
Event: 2.322 Executing VM operation: HandshakeAllThreads
Event: 2.322 Executing VM operation: HandshakeAllThreads done
Event: 2.372 Executing VM operation: HandshakeAllThreads
Event: 2.372 Executing VM operation: HandshakeAllThreads done

Events (20 events):
Event: 2.603 loading class jdk/xml/internal/JdkProperty$State done
Event: 2.603 loading class com/sun/org/apache/xalan/internal/utils/XMLSecurityPropertyManager
Event: 2.604 loading class com/sun/org/apache/xalan/internal/utils/FeaturePropertyBase
Event: 2.604 loading class com/sun/org/apache/xalan/internal/utils/FeaturePropertyBase done
Event: 2.604 loading class com/sun/org/apache/xalan/internal/utils/XMLSecurityPropertyManager done
Event: 2.604 loading class com/sun/org/apache/xalan/internal/utils/FeaturePropertyBase$State
Event: 2.604 loading class com/sun/org/apache/xalan/internal/utils/FeaturePropertyBase$State done
Event: 2.605 loading class com/sun/org/apache/xalan/internal/utils/XMLSecurityPropertyManager$Property
Event: 2.605 loading class com/sun/org/apache/xalan/internal/utils/XMLSecurityPropertyManager$Property done
Event: 2.605 loading class jdk/xml/internal/XMLSecurityManager
Event: 2.605 loading class jdk/xml/internal/XMLSecurityManager done
Event: 2.606 loading class jdk/xml/internal/XMLSecurityManager$Limit
Event: 2.606 loading class jdk/xml/internal/XMLSecurityManager$Limit done
Event: 2.606 loading class jdk/xml/internal/XMLSecurityManager$Processor
Event: 2.606 loading class jdk/xml/internal/XMLSecurityManager$Processor done
Event: 2.606 loading class jdk/xml/internal/XMLSecurityManager$NameMap
Event: 2.606 loading class jdk/xml/internal/XMLSecurityManager$NameMap done
Event: 2.606 loading class jdk/xml/internal/JdkProperty
Event: 2.607 loading class jdk/xml/internal/JdkProperty done
Event: 2.613 Thread 0x00000296c53db5b0 Thread added: 0x00000296c53db5b0


Dynamic libraries:
0x00007ff7443a0000 - 0x00007ff7443ad000 	C:\Users\Dmitrii\.jdks\corretto-17.0.5\bin\java.exe
0x00007ffdb1880000 - 0x00007ffdb1a6e000 	C:\Windows\SYSTEM32\ntdll.dll
0x00007ffdb1530000 - 0x00007ffdb15e3000 	C:\Windows\System32\KERNEL32.DLL
0x00007ffdae7c0000 - 0x00007ffdaea5c000 	C:\Windows\System32\KERNELBASE.dll
0x00007ffdae6c0000 - 0x00007ffdae7ba000 	C:\Windows\System32\ucrtbase.dll
0x00007ffda5ca0000 - 0x00007ffda5cb5000 	C:\Users\Dmitrii\.jdks\corretto-17.0.5\bin\VCRUNTIME140.dll
0x00007ffda63d0000 - 0x00007ffda63e7000 	C:\Users\Dmitrii\.jdks\corretto-17.0.5\bin\jli.dll
0x00007ffdb09f0000 - 0x00007ffdb0b88000 	C:\Windows\System32\USER32.dll
0x00007ffdae500000 - 0x00007ffdae520000 	C:\Windows\System32\win32u.dll
0x00007ffda0980000 - 0x00007ffda0bf9000 	C:\Windows\WinSxS\amd64_microsoft.windows.common-controls_6595b64144ccf1df_6.0.17763.4131_none_de70d21e534b9adf\COMCTL32.dll
0x00007ffdb14f0000 - 0x00007ffdb1519000 	C:\Windows\System32\GDI32.dll
0x00007ffdb1080000 - 0x00007ffdb111e000 	C:\Windows\System32\msvcrt.dll
0x00007ffdadb50000 - 0x00007ffdadcf0000 	C:\Windows\System32\gdi32full.dll
0x00007ffdb0ba0000 - 0x00007ffdb0ecc000 	C:\Windows\System32\combase.dll
0x00007ffdae460000 - 0x00007ffdae500000 	C:\Windows\System32\msvcp_win.dll
0x00007ffdaf250000 - 0x00007ffdaf36d000 	C:\Windows\System32\RPCRT4.dll
0x00007ffdae5d0000 - 0x00007ffdae652000 	C:\Windows\System32\bcryptPrimitives.dll
0x00007ffdb17c0000 - 0x00007ffdb17ee000 	C:\Windows\System32\IMM32.DLL
0x00007ffd9ca80000 - 0x00007ffd9cb1b000 	C:\Users\Dmitrii\.jdks\corretto-17.0.5\bin\msvcp140.dll
0x00007ffd3ef10000 - 0x00007ffd3fb24000 	C:\Users\Dmitrii\.jdks\corretto-17.0.5\bin\server\jvm.dll
0x00007ffdb1440000 - 0x00007ffdb14e7000 	C:\Windows\System32\ADVAPI32.dll
0x00007ffdb1720000 - 0x00007ffdb17bf000 	C:\Windows\System32\sechost.dll
0x00007ffdaa560000 - 0x00007ffdaa584000 	C:\Windows\SYSTEM32\WINMM.dll
0x00007ffd97e50000 - 0x00007ffd97e59000 	C:\Windows\SYSTEM32\WSOCK32.dll
0x00007ffda8a70000 - 0x00007ffda8a7a000 	C:\Windows\SYSTEM32\VERSION.dll
0x00007ffdb1190000 - 0x00007ffdb11fd000 	C:\Windows\System32\WS2_32.dll
0x00007ffdaa530000 - 0x00007ffdaa55d000 	C:\Windows\SYSTEM32\WINMMBASE.dll
0x00007ffdaea60000 - 0x00007ffdaeaaa000 	C:\Windows\System32\cfgmgr32.dll
0x00007ffdad900000 - 0x00007ffdad911000 	C:\Windows\System32\kernel.appcore.dll
0x00007ffda75c0000 - 0x00007ffda75ca000 	C:\Users\Dmitrii\.jdks\corretto-17.0.5\bin\jimage.dll
0x00007ffda79c0000 - 0x00007ffda7bad000 	C:\Windows\SYSTEM32\DBGHELP.DLL
0x00007ffda0950000 - 0x00007ffda097a000 	C:\Windows\SYSTEM32\dbgcore.DLL
0x00007ffda9930000 - 0x00007ffda993e000 	C:\Users\Dmitrii\.jdks\corretto-17.0.5\bin\instrument.dll
0x00007ffda2690000 - 0x00007ffda26b5000 	C:\Users\Dmitrii\.jdks\corretto-17.0.5\bin\java.dll
0x00007ffd84230000 - 0x00007ffd84306000 	C:\Users\Dmitrii\.jdks\corretto-17.0.5\bin\jsvml.dll
0x00007ffdaf440000 - 0x00007ffdb0938000 	C:\Windows\System32\SHELL32.dll
0x00007ffdb0940000 - 0x00007ffdb09e7000 	C:\Windows\System32\shcore.dll
0x00007ffdadd10000 - 0x00007ffdae459000 	C:\Windows\System32\windows.storage.dll
0x00007ffdad8b0000 - 0x00007ffdad8d3000 	C:\Windows\System32\profapi.dll
0x00007ffdad850000 - 0x00007ffdad8ad000 	C:\Windows\System32\powrprof.dll
0x00007ffdb1130000 - 0x00007ffdb1182000 	C:\Windows\System32\shlwapi.dll
0x00007ffdadcf0000 - 0x00007ffdadd0b000 	C:\Windows\System32\cryptsp.dll
0x00007ffda10b0000 - 0x00007ffda10c8000 	C:\Users\Dmitrii\.jdks\corretto-17.0.5\bin\zip.dll
0x00007ffda2670000 - 0x00007ffda2689000 	C:\Users\Dmitrii\.jdks\corretto-17.0.5\bin\net.dll
0x00007ffda2370000 - 0x00007ffda246f000 	C:\Windows\SYSTEM32\WINHTTP.dll
0x00007ffdad050000 - 0x00007ffdad0b7000 	C:\Windows\system32\mswsock.dll
0x00007ffda10e0000 - 0x00007ffda10f5000 	C:\Users\Dmitrii\.jdks\corretto-17.0.5\bin\nio.dll
0x00007ffda26c0000 - 0x00007ffda26da000 	C:\Program Files\JetBrains\IntelliJ IDEA 2022.1.2\bin\breakgen64.dll
0x00007ffda63c0000 - 0x00007ffda63d0000 	C:\Users\Dmitrii\.jdks\corretto-17.0.5\bin\verify.dll
0x00007ffdaa3a0000 - 0x00007ffdaa3a9000 	C:\Users\Dmitrii\.jdks\corretto-17.0.5\bin\management.dll
0x00007ffda99e0000 - 0x00007ffda99eb000 	C:\Users\Dmitrii\.jdks\corretto-17.0.5\bin\management_ext.dll
0x00007ffdb1120000 - 0x00007ffdb1128000 	C:\Windows\System32\PSAPI.DLL
0x00007ffd94d10000 - 0x00007ffd94d26000 	C:\Windows\system32\napinsp.dll
0x00007ffd94cf0000 - 0x00007ffd94d0a000 	C:\Windows\system32\pnrpnsp.dll
0x00007ffdacdb0000 - 0x00007ffdace76000 	C:\Windows\SYSTEM32\DNSAPI.dll
0x00007ffdb1520000 - 0x00007ffdb1528000 	C:\Windows\System32\NSI.dll
0x00007ffdacd70000 - 0x00007ffdacdad000 	C:\Windows\SYSTEM32\IPHLPAPI.DLL
0x00007ffd9dee0000 - 0x00007ffd9deee000 	C:\Windows\System32\winrnr.dll
0x00007ffdaa380000 - 0x00007ffdaa39b000 	C:\Windows\system32\NLAapi.dll
0x00007ffd832c0000 - 0x00007ffd832d5000 	C:\Windows\system32\wshbth.dll
0x00007ffda7030000 - 0x00007ffda703a000 	C:\Windows\System32\rasadhlp.dll
0x00007ffda2580000 - 0x00007ffda25f9000 	C:\Windows\System32\fwpuclnt.dll
0x00007ffdadb20000 - 0x00007ffdadb46000 	C:\Windows\System32\bcrypt.dll

dbghelp: loaded successfully - version: 4.0.5 - missing functions: none
symbol engine: initialized successfully - sym options: 0x614 - pdb path: .;C:\Users\Dmitrii\.jdks\corretto-17.0.5\bin;C:\Windows\SYSTEM32;C:\Windows\WinSxS\amd64_microsoft.windows.common-controls_6595b64144ccf1df_6.0.17763.4131_none_de70d21e534b9adf;C:\Users\Dmitrii\.jdks\corretto-17.0.5\bin\server;C:\Program Files\JetBrains\IntelliJ IDEA 2022.1.2\bin

VM Arguments:
jvm_args: -ea -Didea.test.cyclic.buffer.size=1048576 -javaagent:C:\Program Files\JetBrains\IntelliJ IDEA 2022.1.2\lib\idea_rt.jar=63203:C:\Program Files\JetBrains\IntelliJ IDEA 2022.1.2\bin -Dfile.encoding=UTF-8 
java_command: com.intellij.rt.junit.JUnitStarter -ideVersion5 -junit5 com.securityapi.controller.PanelControllerIntegrationTest,createNewTemplate_shouldCreateTemplateAndReturnStatusCREATED
java_class_path (initial): C:\Users\Dmitrii\.m2\repository\org\junit\platform\junit-platform-launcher\1.8.2\junit-platform-launcher-1.8.2.jar;C:\Users\Dmitrii\.m2\repository\org\junit\vintage\junit-vintage-engine\5.8.2\junit-vintage-engine-5.8.2.jar;C:\Program Files\JetBrains\IntelliJ IDEA 2022.1.2\lib\idea_rt.jar;C:\Program Files\JetBrains\IntelliJ IDEA 2022.1.2\plugins\junit\lib\junit5-rt.jar;C:\Program Files\JetBrains\IntelliJ IDEA 2022.1.2\plugins\junit\lib\junit-rt.jar;C:\workspace\securityapi\target\test-classes;C:\workspace\securityapi\target\classes;C:\Users\Dmitrii\.m2\repository\org\springframework\boot\spring-boot-starter-validation\2.7.9\spring-boot-starter-validation-2.7.9.jar;C:\Users\Dmitrii\.m2\repository\org\springframework\boot\spring-boot-starter\2.7.9\spring-boot-starter-2.7.9.jar;C:\Users\Dmitrii\.m2\repository\org\springframework\boot\spring-boot\2.7.9\spring-boot-2.7.9.jar;C:\Users\Dmitrii\.m2\repository\org\springframework\boot\spring-boot-autoconfigure\2.7.9\spring-boot-autoconfigure-2.7.9.jar;C:\Users\Dmitrii\.m2\repository\org\springframework\boot\spring-boot-starter-logging\2.7.9\spring-boot-starter-logging-2.7.9.jar;C:\Users\Dmitrii\.m2\repository\org\apache\logging\log4j\log4j-to-slf4j\2.17.2\log4j-to-slf4j-2.17.2.jar;C:\Users\Dmitrii\.m2\repository\org\apache\logging\log4j\log4j-api\2.17.2\log4j-api-2.17.2.jar;C:\Users\Dmitrii\.m2\repository\org\slf4j\jul-to-slf4j\1.7.36\jul-to-slf4j-1.7.36.jar;C:\Users\Dmitrii\.m2\repository\jakarta\annotation\jakarta.annotation-api\1.3.5\jakarta.annotation-api-1.3.5.jar;C:\Users\Dmitrii\.m2\repository\org\yaml\snakeyaml\1.30\snakeyaml-1.30.jar;C:\Users\Dmitrii\.m2\repository\org\apache\tomcat\embed\tomcat-embed-el\9.0.71\tomcat-embed-el-9.0.71.jar;C:\Users\Dmitrii\.m2\repository\org\hibernate\validator\hibernate-validator\6.2.5.Final\hibernate-validator-6.2.5.Final.jar;C:\Users\Dmitrii\.m2\repository\jakarta\validation\jakarta.validation-api\2.0.2\jakarta.validation-api-2.0.2.jar;C:\Users\Dmitrii\.
Launcher Type: SUN_STANDARD

[Global flags]
     intx CICompilerCount                          = 12                                        {product} {ergonomic}
     uint ConcGCThreads                            = 3                                         {product} {ergonomic}
     uint G1ConcRefinementThreads                  = 13                                        {product} {ergonomic}
   size_t G1HeapRegionSize                         = 2097152                                   {product} {ergonomic}
    uintx GCDrainStackTargetSize                   = 64                                        {product} {ergonomic}
   size_t InitialHeapSize                          = 268435456                                 {product} {ergonomic}
   size_t MarkStackSize                            = 4194304                                   {product} {ergonomic}
   size_t MaxHeapSize                              = 4276092928                                {product} {ergonomic}
   size_t MaxNewSize                               = 2564816896                                {product} {ergonomic}
   size_t MinHeapDeltaBytes                        = 2097152                                   {product} {ergonomic}
   size_t MinHeapSize                              = 8388608                                   {product} {ergonomic}
    uintx NonNMethodCodeHeapSize                   = 7602480                                {pd product} {ergonomic}
    uintx NonProfiledCodeHeapSize                  = 122027880                              {pd product} {ergonomic}
    uintx ProfiledCodeHeapSize                     = 122027880                              {pd product} {ergonomic}
    uintx ReservedCodeCacheSize                    = 251658240                              {pd product} {ergonomic}
     bool SegmentedCodeCache                       = true                                      {product} {ergonomic}
   size_t SoftMaxHeapSize                          = 4276092928                             {manageable} {ergonomic}
     bool UseCompressedClassPointers               = true                           {product lp64_product} {ergonomic}
     bool UseCompressedOops                        = true                           {product lp64_product} {ergonomic}
     bool UseG1GC                                  = true                                      {product} {ergonomic}
     bool UseLargePagesIndividualAllocation        = false                                  {pd product} {ergonomic}

Logging:
Log output configuration:
 #0: stdout all=warning uptime,level,tags
 #1: stderr all=off uptime,level,tags

Environment Variables:
JAVA_HOME=C:\Java\jdk8
PATH=C:\Windows\system32;C:\Windows;C:\Windows\System32\Wbem;C:\Windows\System32\WindowsPowerShell\v1.0\;C:\Windows\System32\OpenSSH\;C:\Program Files (x86)\Common Files\Acronis\SnapAPI\;C:\Program Files (x86)\mingw-w64\i686-8.1.0-posix-dwarf-rt_v6-rev0\mingw32\bin;C:\Program Files\PuTTY\;C:\Program Files\dotnet\;C:\Users\Dmitrii\AppData\Roaming\nvm;C:\Program Files\nodejs;C:\Program Files (x86)\Yarn\bin\;C:\Java\jdk8\bin;C:\Program Files\PostgreSQL\14\bin;C:\Program Files\Git\cmd;C:\Program Files\Docker\Docker\resources\bin;C:\ProgramData\DockerDesktop\version-bin;C:\backendTools\apache-maven-3.9.0\bin;C:\Users\Dmitrii\AppData\Local\Microsoft\WindowsApps;E:\visualstudioncodeF\Microsoft VS Code\bin;C:\Users\Dmitrii\AppData\Local\Programs\Python\Python38-32\Scripts;C:\ProgramData\Dmitrii\atom\bin;C:\Program Files\JetBrains\WebStorm 2021.1.1\bin;C:\Program Files\JetBrains\JetBrains Rider 2021.2.2\bin;C:\Users\Dmitrii\.dotnet\tools;C:\Program Files\JetBrains\PyCharm 2021.2.3\bin;C:\Program Files\JetBrains\PhpStorm 2021.2.3\bin;C:\Program Files\JetBrains\GoLand 2021.2.4\bin;C:\Program Files\JetBrains\DataGrip 2021.2.4\bin;C:\Program Files\JetBrains\CLion 2021.2.3\bin;C:\Program Files\JetBrains\IntelliJ IDEA 2021.2.3\bin;E:\cliheroku\heroku\bin;C:\Users\Dmitrii\AppData\Roaming\nvm;C:\Program Files\nodejs;C:\Users\Dmitrii\AppData\Local\Yarn\bin;C:\Users\Dmitrii\AppData\Local\JetBrains\Toolbox\scripts
USERNAME=Dmitrii
OS=Windows_NT
PROCESSOR_IDENTIFIER=Intel64 Family 6 Model 62 Stepping 4, GenuineIntel
TMP=C:\Users\Dmitrii\AppData\Local\Temp
TEMP=C:\Users\Dmitrii\AppData\Local\Temp



---------------  S Y S T E M  ---------------

OS:
 Windows 10 , 64 bit Build 17763 (10.0.17763.4131)
OS uptime: 0 days 5:57 hours
Hyper-V role detected

CPU: total 16 (initial active 16) (8 cores per cpu, 2 threads per core) family 6 model 62 stepping 4 microcode 0x42e, cx8, cmov, fxsr, ht, mmx, sse, sse2, sse3, ssse3, sse4.1, sse4.2, popcnt, tsc, tscinvbit, avx, aes, erms, clmul, vzeroupper, clflush, hv

Memory: 4k page, system-wide physical 16304M (512M free)
TotalPageFile size 20400M (AvailPageFile size 137M)
current process WorkingSet (physical memory assigned to process): 178M, peak: 178M
current process commit charge ("private bytes"): 293M, peak: 425M

vm_info: OpenJDK 64-Bit Server VM (17.0.5+8-LTS) for windows-amd64 JRE (17.0.5+8-LTS), built on Oct 13 2022 05:18:14 by "Administrator" with MS VC++ 15.9 (VS2017)

END.
