#
# There is insufficient memory for the Java Runtime Environment to continue.
# Native memory allocation (malloc) failed to allocate 32744 bytes for ChunkPool::allocate
# Possible reasons:
#   The system is out of physical RAM or swap space
#   The process is running with CompressedOops enabled, and the Java Heap may be blocking the growth of the native heap
# Possible solutions:
#   Reduce memory load on the system
#   Increase physical memory or swap space
#   Check if swap backing store is full
#   Decrease Java heap size (-Xmx/-Xms)
#   Decrease number of Java threads
#   Decrease Java thread stack sizes (-Xss)
#   Set larger code cache with -XX:ReservedCodeCacheSize=
#   JVM is running with Zero Based Compressed Oops mode in which the Java heap is
#     placed in the first 32GB address space. The Java Heap base address is the
#     maximum limit for the native heap growth. Please use -XX:HeapBaseMinAddress
#     to set the Java Heap base and to place the Java Heap above 32GB virtual address.
# This output file may be truncated or incomplete.
#
#  Out of Memory Error (arena.cpp:78), pid=16820, tid=16888
#
# JRE version: OpenJDK Runtime Environment Corretto-17.0.5.8.1 (17.0.5+8) (build 17.0.5+8-LTS)
# Java VM: OpenJDK 64-Bit Server VM Corretto-17.0.5.8.1 (17.0.5+8-LTS, mixed mode, sharing, tiered, compressed oops, compressed class ptrs, g1 gc, windows-amd64)
# No core dump will be written. Minidumps are not enabled by default on client versions of Windows
#

---------------  S U M M A R Y ------------

Command Line: -ea -Didea.test.cyclic.buffer.size=1048576 -javaagent:C:\Program Files\JetBrains\IntelliJ IDEA 2022.1.2\lib\idea_rt.jar=63136:C:\Program Files\JetBrains\IntelliJ IDEA 2022.1.2\bin -Dfile.encoding=UTF-8 com.intellij.rt.junit.JUnitStarter -ideVersion5 -junit5 com.securityapi.controller.PanelControllerIntegrationTest

Host: Intel(R) Xeon(R) CPU E5-2650 v2 @ 2.60GHz, 16 cores, 15G,  Windows 10 , 64 bit Build 17763 (10.0.17763.4131)
Time: Fri Mar 31 23:02:07 2023 FLE Daylight Time elapsed time: 0.045365 seconds (0d 0h 0m 0s)

---------------  T H R E A D  ---------------

Current thread (0x00000202adb8a730):  JavaThread "C2 CompilerThread0" daemon [_thread_in_native, id=16888, stack(0x0000001ad2e00000,0x0000001ad2f00000)]


Current CompileTask:
C2:     45   15       4       java.lang.StringLatin1::hashCode (42 bytes)

Stack: [0x0000001ad2e00000,0x0000001ad2f00000]
Native frames: (J=compiled Java code, j=interpreted, Vv=VM code, C=native code)
V  [jvm.dll+0x646e0a]
V  [jvm.dll+0x7f7f14]
V  [jvm.dll+0x7f96ce]
V  [jvm.dll+0x7f9d23]
V  [jvm.dll+0x234c98]
V  [jvm.dll+0xbcf18]
V  [jvm.dll+0xbd2dc]
V  [jvm.dll+0x29bed5]
V  [jvm.dll+0x5538e8]
V  [jvm.dll+0x21176b]
V  [jvm.dll+0x20aeb0]
V  [jvm.dll+0x208722]
V  [jvm.dll+0x198a9d]
V  [jvm.dll+0x217bdd]
V  [jvm.dll+0x215e24]
V  [jvm.dll+0x7b06ab]
V  [jvm.dll+0x7aac5a]
V  [jvm.dll+0x645cd5]
C  [ucrtbase.dll+0x2268a]
C  [KERNEL32.DLL+0x17ab4]
C  [ntdll.dll+0x5a351]


---------------  P R O C E S S  ---------------

Threads class SMR info:
_java_thread_list=0x00000202adb85920, length=10, elements={
0x000002028a7a18c0, 0x00000202adb65be0, 0x00000202adb66a50, 0x00000202adb7d480,
0x00000202adb80350, 0x00000202adb837e0, 0x00000202adb81b00, 0x00000202adb8a730,
0x00000202adb931e0, 0x00000202adba83f0
}

Java Threads: ( => current thread )
  0x000002028a7a18c0 JavaThread "main" [_thread_in_native, id=14852, stack(0x0000001ad2100000,0x0000001ad2200000)]
  0x00000202adb65be0 JavaThread "Reference Handler" daemon [_thread_blocked, id=10672, stack(0x0000001ad2800000,0x0000001ad2900000)]
  0x00000202adb66a50 JavaThread "Finalizer" daemon [_thread_blocked, id=15212, stack(0x0000001ad2900000,0x0000001ad2a00000)]
  0x00000202adb7d480 JavaThread "Signal Dispatcher" daemon [_thread_blocked, id=15228, stack(0x0000001ad2a00000,0x0000001ad2b00000)]
  0x00000202adb80350 JavaThread "Attach Listener" daemon [_thread_blocked, id=12676, stack(0x0000001ad2b00000,0x0000001ad2c00000)]
  0x00000202adb837e0 JavaThread "Service Thread" daemon [_thread_blocked, id=15836, stack(0x0000001ad2c00000,0x0000001ad2d00000)]
  0x00000202adb81b00 JavaThread "Monitor Deflation Thread" daemon [_thread_blocked, id=3068, stack(0x0000001ad2d00000,0x0000001ad2e00000)]
=>0x00000202adb8a730 JavaThread "C2 CompilerThread0" daemon [_thread_in_native, id=16888, stack(0x0000001ad2e00000,0x0000001ad2f00000)]
  0x00000202adb931e0 JavaThread "C1 CompilerThread0" daemon [_thread_blocked, id=5992, stack(0x0000001ad2f00000,0x0000001ad3000000)]
  0x00000202adba83f0 JavaThread "Sweeper thread" daemon [_thread_blocked, id=14636, stack(0x0000001ad3000000,0x0000001ad3100000)]

Other Threads:
  0x00000202adb60be0 VMThread "VM Thread" [stack: 0x0000001ad2700000,0x0000001ad2800000] [id=16684]
  0x000002028a80f420 GCTaskThread "GC Thread#0" [stack: 0x0000001ad2200000,0x0000001ad2300000] [id=17172]
  0x000002028a822640 ConcurrentGCThread "G1 Main Marker" [stack: 0x0000001ad2300000,0x0000001ad2400000] [id=1728]
  0x000002028a823cb0 ConcurrentGCThread "G1 Conc#0" [stack: 0x0000001ad2400000,0x0000001ad2500000] [id=15096]
  0x000002028a84e5e0 ConcurrentGCThread "G1 Refine#0" [stack: 0x0000001ad2500000,0x0000001ad2600000] [id=17372]
  0x00000202ada97d10 ConcurrentGCThread "G1 Service" [stack: 0x0000001ad2600000,0x0000001ad2700000] [id=5452]

Threads with active compile tasks:
C2 CompilerThread0       67   15       4       java.lang.StringLatin1::hashCode (42 bytes)

VM state: not at safepoint (normal execution)

VM Mutex/Monitor currently owned by a thread: None

Heap address: 0x0000000701200000, size: 4078 MB, Compressed Oops mode: Zero based, Oop shift amount: 3

CDS archive(s) mapped at: [0x0000000800000000-0x0000000800bc0000-0x0000000800bc0000), size 12320768, SharedBaseAddress: 0x0000000800000000, ArchiveRelocationMode: 0.
Compressed class space mapped at: 0x0000000800c00000-0x0000000840c00000, reserved size: 1073741824
Narrow klass base: 0x0000000800000000, Narrow klass shift: 0, Narrow klass range: 0x100000000

GC Precious Log:
 CPUs: 16 total, 16 available
 Memory: 16304M
 Large Page Support: Disabled
 NUMA Support: Disabled
 Compressed Oops: Enabled (Zero based)
 Heap Region Size: 2M
 Heap Min Capacity: 8M
 Heap Initial Capacity: 256M
 Heap Max Capacity: 4078M
 Pre-touch: Disabled
 Parallel Workers: 13
 Concurrent Workers: 3
 Concurrent Refinement Workers: 13
 Periodic GC: Disabled

Heap:
 garbage-first heap   total 262144K, used 0K [0x0000000701200000, 0x0000000800000000)
  region size 2048K, 1 young (2048K), 0 survivors (0K)
 Metaspace       used 84K, committed 192K, reserved 1056768K
  class space    used 2K, committed 64K, reserved 1048576K

Heap Regions: E=young(eden), S=young(survivor), O=old, HS=humongous(starts), HC=humongous(continues), CS=collection set, F=free, OA=open archive, CA=closed archive, TAMS=top-at-mark-start (previous, next)
|   0|0x0000000701200000, 0x0000000701200000, 0x0000000701400000|  0%| F|  |TAMS 0x0000000701200000, 0x0000000701200000| Untracked 
|   1|0x0000000701400000, 0x0000000701400000, 0x0000000701600000|  0%| F|  |TAMS 0x0000000701400000, 0x0000000701400000| Untracked 
|   2|0x0000000701600000, 0x0000000701600000, 0x0000000701800000|  0%| F|  |TAMS 0x0000000701600000, 0x0000000701600000| Untracked 
|   3|0x0000000701800000, 0x0000000701800000, 0x0000000701a00000|  0%| F|  |TAMS 0x0000000701800000, 0x0000000701800000| Untracked 
|   4|0x0000000701a00000, 0x0000000701a00000, 0x0000000701c00000|  0%| F|  |TAMS 0x0000000701a00000, 0x0000000701a00000| Untracked 
|   5|0x0000000701c00000, 0x0000000701c00000, 0x0000000701e00000|  0%| F|  |TAMS 0x0000000701c00000, 0x0000000701c00000| Untracked 
|   6|0x0000000701e00000, 0x0000000701e00000, 0x0000000702000000|  0%| F|  |TAMS 0x0000000701e00000, 0x0000000701e00000| Untracked 
|   7|0x0000000702000000, 0x0000000702000000, 0x0000000702200000|  0%| F|  |TAMS 0x0000000702000000, 0x0000000702000000| Untracked 
|   8|0x0000000702200000, 0x0000000702200000, 0x0000000702400000|  0%| F|  |TAMS 0x0000000702200000, 0x0000000702200000| Untracked 
|   9|0x0000000702400000, 0x0000000702400000, 0x0000000702600000|  0%| F|  |TAMS 0x0000000702400000, 0x0000000702400000| Untracked 
|  10|0x0000000702600000, 0x0000000702600000, 0x0000000702800000|  0%| F|  |TAMS 0x0000000702600000, 0x0000000702600000| Untracked 
|  11|0x0000000702800000, 0x0000000702800000, 0x0000000702a00000|  0%| F|  |TAMS 0x0000000702800000, 0x0000000702800000| Untracked 
|  12|0x0000000702a00000, 0x0000000702a00000, 0x0000000702c00000|  0%| F|  |TAMS 0x0000000702a00000, 0x0000000702a00000| Untracked 
|  13|0x0000000702c00000, 0x0000000702c00000, 0x0000000702e00000|  0%| F|  |TAMS 0x0000000702c00000, 0x0000000702c00000| Untracked 
|  14|0x0000000702e00000, 0x0000000702e00000, 0x0000000703000000|  0%| F|  |TAMS 0x0000000702e00000, 0x0000000702e00000| Untracked 
|  15|0x0000000703000000, 0x0000000703000000, 0x0000000703200000|  0%| F|  |TAMS 0x0000000703000000, 0x0000000703000000| Untracked 
|  16|0x0000000703200000, 0x0000000703200000, 0x0000000703400000|  0%| F|  |TAMS 0x0000000703200000, 0x0000000703200000| Untracked 
|  17|0x0000000703400000, 0x0000000703400000, 0x0000000703600000|  0%| F|  |TAMS 0x0000000703400000, 0x0000000703400000| Untracked 
|  18|0x0000000703600000, 0x0000000703600000, 0x0000000703800000|  0%| F|  |TAMS 0x0000000703600000, 0x0000000703600000| Untracked 
|  19|0x0000000703800000, 0x0000000703800000, 0x0000000703a00000|  0%| F|  |TAMS 0x0000000703800000, 0x0000000703800000| Untracked 
|  20|0x0000000703a00000, 0x0000000703a00000, 0x0000000703c00000|  0%| F|  |TAMS 0x0000000703a00000, 0x0000000703a00000| Untracked 
|  21|0x0000000703c00000, 0x0000000703c00000, 0x0000000703e00000|  0%| F|  |TAMS 0x0000000703c00000, 0x0000000703c00000| Untracked 
|  22|0x0000000703e00000, 0x0000000703e00000, 0x0000000704000000|  0%| F|  |TAMS 0x0000000703e00000, 0x0000000703e00000| Untracked 
|  23|0x0000000704000000, 0x0000000704000000, 0x0000000704200000|  0%| F|  |TAMS 0x0000000704000000, 0x0000000704000000| Untracked 
|  24|0x0000000704200000, 0x0000000704200000, 0x0000000704400000|  0%| F|  |TAMS 0x0000000704200000, 0x0000000704200000| Untracked 
|  25|0x0000000704400000, 0x0000000704400000, 0x0000000704600000|  0%| F|  |TAMS 0x0000000704400000, 0x0000000704400000| Untracked 
|  26|0x0000000704600000, 0x0000000704600000, 0x0000000704800000|  0%| F|  |TAMS 0x0000000704600000, 0x0000000704600000| Untracked 
|  27|0x0000000704800000, 0x0000000704800000, 0x0000000704a00000|  0%| F|  |TAMS 0x0000000704800000, 0x0000000704800000| Untracked 
|  28|0x0000000704a00000, 0x0000000704a00000, 0x0000000704c00000|  0%| F|  |TAMS 0x0000000704a00000, 0x0000000704a00000| Untracked 
|  29|0x0000000704c00000, 0x0000000704c00000, 0x0000000704e00000|  0%| F|  |TAMS 0x0000000704c00000, 0x0000000704c00000| Untracked 
|  30|0x0000000704e00000, 0x0000000704e00000, 0x0000000705000000|  0%| F|  |TAMS 0x0000000704e00000, 0x0000000704e00000| Untracked 
|  31|0x0000000705000000, 0x0000000705000000, 0x0000000705200000|  0%| F|  |TAMS 0x0000000705000000, 0x0000000705000000| Untracked 
|  32|0x0000000705200000, 0x0000000705200000, 0x0000000705400000|  0%| F|  |TAMS 0x0000000705200000, 0x0000000705200000| Untracked 
|  33|0x0000000705400000, 0x0000000705400000, 0x0000000705600000|  0%| F|  |TAMS 0x0000000705400000, 0x0000000705400000| Untracked 
|  34|0x0000000705600000, 0x0000000705600000, 0x0000000705800000|  0%| F|  |TAMS 0x0000000705600000, 0x0000000705600000| Untracked 
|  35|0x0000000705800000, 0x0000000705800000, 0x0000000705a00000|  0%| F|  |TAMS 0x0000000705800000, 0x0000000705800000| Untracked 
|  36|0x0000000705a00000, 0x0000000705a00000, 0x0000000705c00000|  0%| F|  |TAMS 0x0000000705a00000, 0x0000000705a00000| Untracked 
|  37|0x0000000705c00000, 0x0000000705c00000, 0x0000000705e00000|  0%| F|  |TAMS 0x0000000705c00000, 0x0000000705c00000| Untracked 
|  38|0x0000000705e00000, 0x0000000705e00000, 0x0000000706000000|  0%| F|  |TAMS 0x0000000705e00000, 0x0000000705e00000| Untracked 
|  39|0x0000000706000000, 0x0000000706000000, 0x0000000706200000|  0%| F|  |TAMS 0x0000000706000000, 0x0000000706000000| Untracked 
|  40|0x0000000706200000, 0x0000000706200000, 0x0000000706400000|  0%| F|  |TAMS 0x0000000706200000, 0x0000000706200000| Untracked 
|  41|0x0000000706400000, 0x0000000706400000, 0x0000000706600000|  0%| F|  |TAMS 0x0000000706400000, 0x0000000706400000| Untracked 
|  42|0x0000000706600000, 0x0000000706600000, 0x0000000706800000|  0%| F|  |TAMS 0x0000000706600000, 0x0000000706600000| Untracked 
|  43|0x0000000706800000, 0x0000000706800000, 0x0000000706a00000|  0%| F|  |TAMS 0x0000000706800000, 0x0000000706800000| Untracked 
|  44|0x0000000706a00000, 0x0000000706a00000, 0x0000000706c00000|  0%| F|  |TAMS 0x0000000706a00000, 0x0000000706a00000| Untracked 
|  45|0x0000000706c00000, 0x0000000706c00000, 0x0000000706e00000|  0%| F|  |TAMS 0x0000000706c00000, 0x0000000706c00000| Untracked 
|  46|0x0000000706e00000, 0x0000000706e00000, 0x0000000707000000|  0%| F|  |TAMS 0x0000000706e00000, 0x0000000706e00000| Untracked 
|  47|0x0000000707000000, 0x0000000707000000, 0x0000000707200000|  0%| F|  |TAMS 0x0000000707000000, 0x0000000707000000| Untracked 
|  48|0x0000000707200000, 0x0000000707200000, 0x0000000707400000|  0%| F|  |TAMS 0x0000000707200000, 0x0000000707200000| Untracked 
|  49|0x0000000707400000, 0x0000000707400000, 0x0000000707600000|  0%| F|  |TAMS 0x0000000707400000, 0x0000000707400000| Untracked 
|  50|0x0000000707600000, 0x0000000707600000, 0x0000000707800000|  0%| F|  |TAMS 0x0000000707600000, 0x0000000707600000| Untracked 
|  51|0x0000000707800000, 0x0000000707800000, 0x0000000707a00000|  0%| F|  |TAMS 0x0000000707800000, 0x0000000707800000| Untracked 
|  52|0x0000000707a00000, 0x0000000707a00000, 0x0000000707c00000|  0%| F|  |TAMS 0x0000000707a00000, 0x0000000707a00000| Untracked 
|  53|0x0000000707c00000, 0x0000000707c00000, 0x0000000707e00000|  0%| F|  |TAMS 0x0000000707c00000, 0x0000000707c00000| Untracked 
|  54|0x0000000707e00000, 0x0000000707e00000, 0x0000000708000000|  0%| F|  |TAMS 0x0000000707e00000, 0x0000000707e00000| Untracked 
|  55|0x0000000708000000, 0x0000000708000000, 0x0000000708200000|  0%| F|  |TAMS 0x0000000708000000, 0x0000000708000000| Untracked 
|  56|0x0000000708200000, 0x0000000708200000, 0x0000000708400000|  0%| F|  |TAMS 0x0000000708200000, 0x0000000708200000| Untracked 
|  57|0x0000000708400000, 0x0000000708400000, 0x0000000708600000|  0%| F|  |TAMS 0x0000000708400000, 0x0000000708400000| Untracked 
|  58|0x0000000708600000, 0x0000000708600000, 0x0000000708800000|  0%| F|  |TAMS 0x0000000708600000, 0x0000000708600000| Untracked 
|  59|0x0000000708800000, 0x0000000708800000, 0x0000000708a00000|  0%| F|  |TAMS 0x0000000708800000, 0x0000000708800000| Untracked 
|  60|0x0000000708a00000, 0x0000000708a00000, 0x0000000708c00000|  0%| F|  |TAMS 0x0000000708a00000, 0x0000000708a00000| Untracked 
|  61|0x0000000708c00000, 0x0000000708c00000, 0x0000000708e00000|  0%| F|  |TAMS 0x0000000708c00000, 0x0000000708c00000| Untracked 
|  62|0x0000000708e00000, 0x0000000708e00000, 0x0000000709000000|  0%| F|  |TAMS 0x0000000708e00000, 0x0000000708e00000| Untracked 
|  63|0x0000000709000000, 0x0000000709000000, 0x0000000709200000|  0%| F|  |TAMS 0x0000000709000000, 0x0000000709000000| Untracked 
|  64|0x0000000709200000, 0x0000000709200000, 0x0000000709400000|  0%| F|  |TAMS 0x0000000709200000, 0x0000000709200000| Untracked 
|  65|0x0000000709400000, 0x0000000709400000, 0x0000000709600000|  0%| F|  |TAMS 0x0000000709400000, 0x0000000709400000| Untracked 
|  66|0x0000000709600000, 0x0000000709600000, 0x0000000709800000|  0%| F|  |TAMS 0x0000000709600000, 0x0000000709600000| Untracked 
|  67|0x0000000709800000, 0x0000000709800000, 0x0000000709a00000|  0%| F|  |TAMS 0x0000000709800000, 0x0000000709800000| Untracked 
|  68|0x0000000709a00000, 0x0000000709a00000, 0x0000000709c00000|  0%| F|  |TAMS 0x0000000709a00000, 0x0000000709a00000| Untracked 
|  69|0x0000000709c00000, 0x0000000709c00000, 0x0000000709e00000|  0%| F|  |TAMS 0x0000000709c00000, 0x0000000709c00000| Untracked 
|  70|0x0000000709e00000, 0x0000000709e00000, 0x000000070a000000|  0%| F|  |TAMS 0x0000000709e00000, 0x0000000709e00000| Untracked 
|  71|0x000000070a000000, 0x000000070a000000, 0x000000070a200000|  0%| F|  |TAMS 0x000000070a000000, 0x000000070a000000| Untracked 
|  72|0x000000070a200000, 0x000000070a200000, 0x000000070a400000|  0%| F|  |TAMS 0x000000070a200000, 0x000000070a200000| Untracked 
|  73|0x000000070a400000, 0x000000070a400000, 0x000000070a600000|  0%| F|  |TAMS 0x000000070a400000, 0x000000070a400000| Untracked 
|  74|0x000000070a600000, 0x000000070a600000, 0x000000070a800000|  0%| F|  |TAMS 0x000000070a600000, 0x000000070a600000| Untracked 
|  75|0x000000070a800000, 0x000000070a800000, 0x000000070aa00000|  0%| F|  |TAMS 0x000000070a800000, 0x000000070a800000| Untracked 
|  76|0x000000070aa00000, 0x000000070aa00000, 0x000000070ac00000|  0%| F|  |TAMS 0x000000070aa00000, 0x000000070aa00000| Untracked 
|  77|0x000000070ac00000, 0x000000070ac00000, 0x000000070ae00000|  0%| F|  |TAMS 0x000000070ac00000, 0x000000070ac00000| Untracked 
|  78|0x000000070ae00000, 0x000000070ae00000, 0x000000070b000000|  0%| F|  |TAMS 0x000000070ae00000, 0x000000070ae00000| Untracked 
|  79|0x000000070b000000, 0x000000070b000000, 0x000000070b200000|  0%| F|  |TAMS 0x000000070b000000, 0x000000070b000000| Untracked 
|  80|0x000000070b200000, 0x000000070b200000, 0x000000070b400000|  0%| F|  |TAMS 0x000000070b200000, 0x000000070b200000| Untracked 
|  81|0x000000070b400000, 0x000000070b400000, 0x000000070b600000|  0%| F|  |TAMS 0x000000070b400000, 0x000000070b400000| Untracked 
|  82|0x000000070b600000, 0x000000070b600000, 0x000000070b800000|  0%| F|  |TAMS 0x000000070b600000, 0x000000070b600000| Untracked 
|  83|0x000000070b800000, 0x000000070b800000, 0x000000070ba00000|  0%| F|  |TAMS 0x000000070b800000, 0x000000070b800000| Untracked 
|  84|0x000000070ba00000, 0x000000070ba00000, 0x000000070bc00000|  0%| F|  |TAMS 0x000000070ba00000, 0x000000070ba00000| Untracked 
|  85|0x000000070bc00000, 0x000000070bc00000, 0x000000070be00000|  0%| F|  |TAMS 0x000000070bc00000, 0x000000070bc00000| Untracked 
|  86|0x000000070be00000, 0x000000070be00000, 0x000000070c000000|  0%| F|  |TAMS 0x000000070be00000, 0x000000070be00000| Untracked 
|  87|0x000000070c000000, 0x000000070c000000, 0x000000070c200000|  0%| F|  |TAMS 0x000000070c000000, 0x000000070c000000| Untracked 
|  88|0x000000070c200000, 0x000000070c200000, 0x000000070c400000|  0%| F|  |TAMS 0x000000070c200000, 0x000000070c200000| Untracked 
|  89|0x000000070c400000, 0x000000070c400000, 0x000000070c600000|  0%| F|  |TAMS 0x000000070c400000, 0x000000070c400000| Untracked 
|  90|0x000000070c600000, 0x000000070c600000, 0x000000070c800000|  0%| F|  |TAMS 0x000000070c600000, 0x000000070c600000| Untracked 
|  91|0x000000070c800000, 0x000000070c800000, 0x000000070ca00000|  0%| F|  |TAMS 0x000000070c800000, 0x000000070c800000| Untracked 
|  92|0x000000070ca00000, 0x000000070ca00000, 0x000000070cc00000|  0%| F|  |TAMS 0x000000070ca00000, 0x000000070ca00000| Untracked 
|  93|0x000000070cc00000, 0x000000070cc00000, 0x000000070ce00000|  0%| F|  |TAMS 0x000000070cc00000, 0x000000070cc00000| Untracked 
|  94|0x000000070ce00000, 0x000000070ce00000, 0x000000070d000000|  0%| F|  |TAMS 0x000000070ce00000, 0x000000070ce00000| Untracked 
|  95|0x000000070d000000, 0x000000070d000000, 0x000000070d200000|  0%| F|  |TAMS 0x000000070d000000, 0x000000070d000000| Untracked 
|  96|0x000000070d200000, 0x000000070d200000, 0x000000070d400000|  0%| F|  |TAMS 0x000000070d200000, 0x000000070d200000| Untracked 
|  97|0x000000070d400000, 0x000000070d400000, 0x000000070d600000|  0%| F|  |TAMS 0x000000070d400000, 0x000000070d400000| Untracked 
|  98|0x000000070d600000, 0x000000070d600000, 0x000000070d800000|  0%| F|  |TAMS 0x000000070d600000, 0x000000070d600000| Untracked 
|  99|0x000000070d800000, 0x000000070d800000, 0x000000070da00000|  0%| F|  |TAMS 0x000000070d800000, 0x000000070d800000| Untracked 
| 100|0x000000070da00000, 0x000000070da00000, 0x000000070dc00000|  0%| F|  |TAMS 0x000000070da00000, 0x000000070da00000| Untracked 
| 101|0x000000070dc00000, 0x000000070dc00000, 0x000000070de00000|  0%| F|  |TAMS 0x000000070dc00000, 0x000000070dc00000| Untracked 
| 102|0x000000070de00000, 0x000000070de00000, 0x000000070e000000|  0%| F|  |TAMS 0x000000070de00000, 0x000000070de00000| Untracked 
| 103|0x000000070e000000, 0x000000070e000000, 0x000000070e200000|  0%| F|  |TAMS 0x000000070e000000, 0x000000070e000000| Untracked 
| 104|0x000000070e200000, 0x000000070e200000, 0x000000070e400000|  0%| F|  |TAMS 0x000000070e200000, 0x000000070e200000| Untracked 
| 105|0x000000070e400000, 0x000000070e400000, 0x000000070e600000|  0%| F|  |TAMS 0x000000070e400000, 0x000000070e400000| Untracked 
| 106|0x000000070e600000, 0x000000070e600000, 0x000000070e800000|  0%| F|  |TAMS 0x000000070e600000, 0x000000070e600000| Untracked 
| 107|0x000000070e800000, 0x000000070e800000, 0x000000070ea00000|  0%| F|  |TAMS 0x000000070e800000, 0x000000070e800000| Untracked 
| 108|0x000000070ea00000, 0x000000070ea00000, 0x000000070ec00000|  0%| F|  |TAMS 0x000000070ea00000, 0x000000070ea00000| Untracked 
| 109|0x000000070ec00000, 0x000000070ec00000, 0x000000070ee00000|  0%| F|  |TAMS 0x000000070ec00000, 0x000000070ec00000| Untracked 
| 110|0x000000070ee00000, 0x000000070ee00000, 0x000000070f000000|  0%| F|  |TAMS 0x000000070ee00000, 0x000000070ee00000| Untracked 
| 111|0x000000070f000000, 0x000000070f000000, 0x000000070f200000|  0%| F|  |TAMS 0x000000070f000000, 0x000000070f000000| Untracked 
| 112|0x000000070f200000, 0x000000070f200000, 0x000000070f400000|  0%| F|  |TAMS 0x000000070f200000, 0x000000070f200000| Untracked 
| 113|0x000000070f400000, 0x000000070f400000, 0x000000070f600000|  0%| F|  |TAMS 0x000000070f400000, 0x000000070f400000| Untracked 
| 114|0x000000070f600000, 0x000000070f600000, 0x000000070f800000|  0%| F|  |TAMS 0x000000070f600000, 0x000000070f600000| Untracked 
| 115|0x000000070f800000, 0x000000070f800000, 0x000000070fa00000|  0%| F|  |TAMS 0x000000070f800000, 0x000000070f800000| Untracked 
| 116|0x000000070fa00000, 0x000000070fa00000, 0x000000070fc00000|  0%| F|  |TAMS 0x000000070fa00000, 0x000000070fa00000| Untracked 
| 117|0x000000070fc00000, 0x000000070fc00000, 0x000000070fe00000|  0%| F|  |TAMS 0x000000070fc00000, 0x000000070fc00000| Untracked 
| 118|0x000000070fe00000, 0x000000070fe00000, 0x0000000710000000|  0%| F|  |TAMS 0x000000070fe00000, 0x000000070fe00000| Untracked 
| 119|0x0000000710000000, 0x0000000710000000, 0x0000000710200000|  0%| F|  |TAMS 0x0000000710000000, 0x0000000710000000| Untracked 
| 120|0x0000000710200000, 0x0000000710200000, 0x0000000710400000|  0%| F|  |TAMS 0x0000000710200000, 0x0000000710200000| Untracked 
| 121|0x0000000710400000, 0x0000000710400000, 0x0000000710600000|  0%| F|  |TAMS 0x0000000710400000, 0x0000000710400000| Untracked 
| 122|0x0000000710600000, 0x0000000710600000, 0x0000000710800000|  0%| F|  |TAMS 0x0000000710600000, 0x0000000710600000| Untracked 
| 123|0x0000000710800000, 0x0000000710800000, 0x0000000710a00000|  0%| F|  |TAMS 0x0000000710800000, 0x0000000710800000| Untracked 
| 124|0x0000000710a00000, 0x0000000710a00000, 0x0000000710c00000|  0%| F|  |TAMS 0x0000000710a00000, 0x0000000710a00000| Untracked 
| 125|0x0000000710c00000, 0x0000000710c00000, 0x0000000710e00000|  0%| F|  |TAMS 0x0000000710c00000, 0x0000000710c00000| Untracked 
| 126|0x0000000710e00000, 0x0000000710e00000, 0x0000000711000000|  0%| F|  |TAMS 0x0000000710e00000, 0x0000000710e00000| Untracked 
| 127|0x0000000711000000, 0x0000000711151ff8, 0x0000000711200000| 66%| E|  |TAMS 0x0000000711000000, 0x0000000711000000| Complete 

Card table byte_map: [0x00000202a2300000,0x00000202a2b00000] _byte_map_base: 0x000002029eaf7000

Marking Bits (Prev, Next): (CMBitMap*) 0x000002028a80fa30, (CMBitMap*) 0x000002028a80fa70
 Prev Bits: [0x00000202a3300000, 0x00000202a72b8000)
 Next Bits: [0x00000202a72c0000, 0x00000202ab278000)

Polling page: 0x00000202884f0000

Metaspace:

Usage:
  Non-class:     81.91 KB used.
      Class:      2.68 KB used.
       Both:     84.59 KB used.

Virtual space:
  Non-class space:        8.00 MB reserved,     128.00 KB (  2%) committed,  1 nodes.
      Class space:        1.00 GB reserved,      64.00 KB ( <1%) committed,  1 nodes.
             Both:        1.01 GB reserved,     192.00 KB ( <1%) committed. 

Chunk freelists:
   Non-Class:  0 bytes
       Class:  3.75 MB
        Both:  3.75 MB

MaxMetaspaceSize: unlimited
CompressedClassSpaceSize: 1.00 GB
Initial GC threshold: 21.00 MB
Current GC threshold: 21.00 MB
CDS: on
MetaspaceReclaimPolicy: balanced
 - commit_granule_bytes: 65536.
 - commit_granule_words: 8192.
 - virtual_space_node_default_size: 1048576.
 - enlarge_chunks_in_place: 1.
 - new_chunks_are_fully_committed: 0.
 - uncommit_free_chunks: 1.
 - use_allocation_guard: 0.
 - handle_deallocations: 1.


Internal statistics:

num_allocs_failed_limit: 0.
num_arena_births: 2.
num_arena_deaths: 0.
num_vsnodes_births: 2.
num_vsnodes_deaths: 0.
num_space_committed: 3.
num_space_uncommitted: 0.
num_chunks_returned_to_freelist: 0.
num_chunks_taken_from_freelist: 3.
num_chunk_merges: 0.
num_chunk_splits: 1.
num_chunks_enlarged: 0.
num_purges: 0.
num_inconsistent_stats: 0.

CodeHeap 'non-profiled nmethods': size=119168Kb used=3Kb max_used=3Kb free=119164Kb
 bounds [0x0000020299e20000, 0x000002029a090000, 0x00000202a1280000]
CodeHeap 'profiled nmethods': size=119104Kb used=37Kb max_used=37Kb free=119066Kb
 bounds [0x00000202929d0000, 0x0000020292c40000, 0x0000020299e20000]
CodeHeap 'non-nmethods': size=7488Kb used=1029Kb max_used=1038Kb free=6458Kb
 bounds [0x0000020292280000, 0x00000202924f0000, 0x00000202929d0000]
 total_blobs=314 nmethods=31 adapters=196
 compilation: enabled
              stopped_count=0, restarted_count=0
 full_count=0

Compilation events (20 events):
Event: 0.041 Thread 0x00000202adb931e0 nmethod 9 0x00000202929d3290 code [0x00000202929d3440, 0x00000202929d36f8]
Event: 0.041 Thread 0x00000202adb931e0   10       3       java.util.Objects::equals (23 bytes)
Event: 0.041 Thread 0x00000202adb931e0 nmethod 10 0x00000202929d3810 code [0x00000202929d39c0, 0x00000202929d3c48]
Event: 0.041 Thread 0x00000202adb931e0   11       3       java.util.Objects::requireNonNull (14 bytes)
Event: 0.042 Thread 0x00000202adb931e0 nmethod 11 0x00000202929d3d10 code [0x00000202929d3ec0, 0x00000202929d40a8]
Event: 0.042 Thread 0x00000202adb931e0   12       3       java.util.Set::of (4 bytes)
Event: 0.042 Thread 0x00000202adb931e0 nmethod 12 0x00000202929d4190 code [0x00000202929d4320, 0x00000202929d4418]
Event: 0.042 Thread 0x00000202adb931e0   13       3       java.lang.module.ModuleDescriptor$Exports::<init> (20 bytes)
Event: 0.042 Thread 0x00000202adb931e0 nmethod 13 0x00000202929d4490 code [0x00000202929d4640, 0x00000202929d48d8]
Event: 0.042 Thread 0x00000202adb931e0   14       3       java.lang.module.ModuleDescriptor$Exports::hashCode (38 bytes)
Event: 0.042 Thread 0x00000202adb8a730   15       4       java.lang.StringLatin1::hashCode (42 bytes)
Event: 0.042 Thread 0x00000202adb931e0 nmethod 14 0x00000202929d4990 code [0x00000202929d4b60, 0x00000202929d4e88]
Event: 0.042 Thread 0x00000202adb931e0   16       3       java.util.AbstractCollection::<init> (5 bytes)
Event: 0.042 Thread 0x00000202adb931e0 nmethod 16 0x00000202929d5010 code [0x00000202929d51a0, 0x00000202929d52f8]
Event: 0.042 Thread 0x00000202adb931e0   17       3       java.util.ImmutableCollections$AbstractImmutableCollection::<init> (5 bytes)
Event: 0.042 Thread 0x00000202adb931e0 nmethod 17 0x00000202929d5390 code [0x00000202929d5540, 0x00000202929d56f8]
Event: 0.042 Thread 0x00000202adb931e0   19       3       java.util.ImmutableCollections$AbstractImmutableSet::<init> (5 bytes)
Event: 0.043 Thread 0x00000202adb931e0 nmethod 19 0x00000202929d5810 code [0x00000202929d59c0, 0x00000202929d5bf8]
Event: 0.043 Thread 0x00000202adb931e0   20       3       java.util.Set::of (68 bytes)
Event: 0.043 Thread 0x00000202adb931e0 nmethod 20 0x00000202929d5d10 code [0x00000202929d5f40, 0x00000202929d6788]

GC Heap History (0 events):
No events

Dll operation events (2 events):
Event: 0.008 Loaded shared library C:\Users\Dmitrii\.jdks\corretto-17.0.5\bin\java.dll
Event: 0.019 Loaded shared library C:\Users\Dmitrii\.jdks\corretto-17.0.5\bin\jsvml.dll

Deoptimization events (0 events):
No events

Classes unloaded (0 events):
No events

Classes redefined (0 events):
No events

Internal exceptions (0 events):
No events

VM Operations (0 events):
No events

Events (16 events):
Event: 0.019 Thread 0x000002028a7a18c0 Thread added: 0x000002028a7a18c0
Event: 0.024 Thread 0x00000202adb65be0 Thread added: 0x00000202adb65be0
Event: 0.024 Thread 0x00000202adb66a50 Thread added: 0x00000202adb66a50
Event: 0.030 loading class sun/nio/cs/MS1251
Event: 0.031 loading class sun/nio/cs/MS1251 done
Event: 0.031 loading class sun/nio/cs/MS1251$Holder
Event: 0.031 loading class sun/nio/cs/MS1251$Holder done
Event: 0.034 loading class sun/nio/cs/UTF_8$Encoder
Event: 0.034 loading class sun/nio/cs/UTF_8$Encoder done
Event: 0.036 Thread 0x00000202adb7d480 Thread added: 0x00000202adb7d480
Event: 0.036 Thread 0x00000202adb80350 Thread added: 0x00000202adb80350
Event: 0.036 Thread 0x00000202adb837e0 Thread added: 0x00000202adb837e0
Event: 0.036 Thread 0x00000202adb81b00 Thread added: 0x00000202adb81b00
Event: 0.036 Thread 0x00000202adb8a730 Thread added: 0x00000202adb8a730
Event: 0.037 Thread 0x00000202adb931e0 Thread added: 0x00000202adb931e0
Event: 0.037 Thread 0x00000202adba83f0 Thread added: 0x00000202adba83f0


Dynamic libraries:
0x00007ff7443a0000 - 0x00007ff7443ad000 	C:\Users\Dmitrii\.jdks\corretto-17.0.5\bin\java.exe
0x00007ffdb1880000 - 0x00007ffdb1a6e000 	C:\Windows\SYSTEM32\ntdll.dll
0x00007ffdb1530000 - 0x00007ffdb15e3000 	C:\Windows\System32\KERNEL32.DLL
0x00007ffdae7c0000 - 0x00007ffdaea5c000 	C:\Windows\System32\KERNELBASE.dll
0x00007ffdae6c0000 - 0x00007ffdae7ba000 	C:\Windows\System32\ucrtbase.dll
0x00007ffda63d0000 - 0x00007ffda63e7000 	C:\Users\Dmitrii\.jdks\corretto-17.0.5\bin\jli.dll
0x00007ffda5ca0000 - 0x00007ffda5cb5000 	C:\Users\Dmitrii\.jdks\corretto-17.0.5\bin\VCRUNTIME140.dll
0x00007ffdb09f0000 - 0x00007ffdb0b88000 	C:\Windows\System32\USER32.dll
0x00007ffda0980000 - 0x00007ffda0bf9000 	C:\Windows\WinSxS\amd64_microsoft.windows.common-controls_6595b64144ccf1df_6.0.17763.4131_none_de70d21e534b9adf\COMCTL32.dll
0x00007ffdae500000 - 0x00007ffdae520000 	C:\Windows\System32\win32u.dll
0x00007ffdb14f0000 - 0x00007ffdb1519000 	C:\Windows\System32\GDI32.dll
0x00007ffdb1080000 - 0x00007ffdb111e000 	C:\Windows\System32\msvcrt.dll
0x00007ffdadb50000 - 0x00007ffdadcf0000 	C:\Windows\System32\gdi32full.dll
0x00007ffdae460000 - 0x00007ffdae500000 	C:\Windows\System32\msvcp_win.dll
0x00007ffdb0ba0000 - 0x00007ffdb0ecc000 	C:\Windows\System32\combase.dll
0x00007ffdaf250000 - 0x00007ffdaf36d000 	C:\Windows\System32\RPCRT4.dll
0x00007ffdae5d0000 - 0x00007ffdae652000 	C:\Windows\System32\bcryptPrimitives.dll
0x00007ffdb17c0000 - 0x00007ffdb17ee000 	C:\Windows\System32\IMM32.DLL
0x00007ffd9ca80000 - 0x00007ffd9cb1b000 	C:\Users\Dmitrii\.jdks\corretto-17.0.5\bin\msvcp140.dll
0x00007ffd3ef10000 - 0x00007ffd3fb24000 	C:\Users\Dmitrii\.jdks\corretto-17.0.5\bin\server\jvm.dll
0x00007ffdb1440000 - 0x00007ffdb14e7000 	C:\Windows\System32\ADVAPI32.dll
0x00007ffdb1720000 - 0x00007ffdb17bf000 	C:\Windows\System32\sechost.dll
0x00007ffdaa560000 - 0x00007ffdaa584000 	C:\Windows\SYSTEM32\WINMM.dll
0x00007ffda8a70000 - 0x00007ffda8a7a000 	C:\Windows\SYSTEM32\VERSION.dll
0x00007ffd97e50000 - 0x00007ffd97e59000 	C:\Windows\SYSTEM32\WSOCK32.dll
0x00007ffdb1190000 - 0x00007ffdb11fd000 	C:\Windows\System32\WS2_32.dll
0x00007ffdaa530000 - 0x00007ffdaa55d000 	C:\Windows\SYSTEM32\WINMMBASE.dll
0x00007ffdaea60000 - 0x00007ffdaeaaa000 	C:\Windows\System32\cfgmgr32.dll
0x00007ffdad900000 - 0x00007ffdad911000 	C:\Windows\System32\kernel.appcore.dll
0x00007ffda75c0000 - 0x00007ffda75ca000 	C:\Users\Dmitrii\.jdks\corretto-17.0.5\bin\jimage.dll
0x00007ffda79c0000 - 0x00007ffda7bad000 	C:\Windows\SYSTEM32\DBGHELP.DLL
0x00007ffda0950000 - 0x00007ffda097a000 	C:\Windows\SYSTEM32\dbgcore.DLL
0x00007ffda99d0000 - 0x00007ffda99de000 	C:\Users\Dmitrii\.jdks\corretto-17.0.5\bin\instrument.dll
0x00007ffda2690000 - 0x00007ffda26b5000 	C:\Users\Dmitrii\.jdks\corretto-17.0.5\bin\java.dll
0x00007ffd84230000 - 0x00007ffd84306000 	C:\Users\Dmitrii\.jdks\corretto-17.0.5\bin\jsvml.dll
0x00007ffdaf440000 - 0x00007ffdb0938000 	C:\Windows\System32\SHELL32.dll
0x00007ffdb0940000 - 0x00007ffdb09e7000 	C:\Windows\System32\shcore.dll
0x00007ffdadd10000 - 0x00007ffdae459000 	C:\Windows\System32\windows.storage.dll
0x00007ffdad8b0000 - 0x00007ffdad8d3000 	C:\Windows\System32\profapi.dll
0x00007ffdad850000 - 0x00007ffdad8ad000 	C:\Windows\System32\powrprof.dll
0x00007ffdb1130000 - 0x00007ffdb1182000 	C:\Windows\System32\shlwapi.dll
0x00007ffdadcf0000 - 0x00007ffdadd0b000 	C:\Windows\System32\cryptsp.dll

dbghelp: loaded successfully - version: 4.0.5 - missing functions: none
symbol engine: initialized successfully - sym options: 0x614 - pdb path: .;C:\Users\Dmitrii\.jdks\corretto-17.0.5\bin;C:\Windows\SYSTEM32;C:\Windows\WinSxS\amd64_microsoft.windows.common-controls_6595b64144ccf1df_6.0.17763.4131_none_de70d21e534b9adf;C:\Users\Dmitrii\.jdks\corretto-17.0.5\bin\server

VM Arguments:
jvm_args: -ea -Didea.test.cyclic.buffer.size=1048576 -javaagent:C:\Program Files\JetBrains\IntelliJ IDEA 2022.1.2\lib\idea_rt.jar=63136:C:\Program Files\JetBrains\IntelliJ IDEA 2022.1.2\bin -Dfile.encoding=UTF-8 
java_command: com.intellij.rt.junit.JUnitStarter -ideVersion5 -junit5 com.securityapi.controller.PanelControllerIntegrationTest
java_class_path (initial): C:\Users\Dmitrii\.m2\repository\org\junit\platform\junit-platform-launcher\1.8.2\junit-platform-launcher-1.8.2.jar;C:\Users\Dmitrii\.m2\repository\org\junit\vintage\junit-vintage-engine\5.8.2\junit-vintage-engine-5.8.2.jar;C:\Program Files\JetBrains\IntelliJ IDEA 2022.1.2\lib\idea_rt.jar;C:\Program Files\JetBrains\IntelliJ IDEA 2022.1.2\plugins\junit\lib\junit5-rt.jar;C:\Program Files\JetBrains\IntelliJ IDEA 2022.1.2\plugins\junit\lib\junit-rt.jar;C:\workspace\securityapi\target\test-classes;C:\workspace\securityapi\target\classes;C:\Users\Dmitrii\.m2\repository\org\springframework\boot\spring-boot-starter-validation\2.7.9\spring-boot-starter-validation-2.7.9.jar;C:\Users\Dmitrii\.m2\repository\org\springframework\boot\spring-boot-starter\2.7.9\spring-boot-starter-2.7.9.jar;C:\Users\Dmitrii\.m2\repository\org\springframework\boot\spring-boot\2.7.9\spring-boot-2.7.9.jar;C:\Users\Dmitrii\.m2\repository\org\springframework\boot\spring-boot-autoconfigure\2.7.9\spring-boot-autoconfigure-2.7.9.jar;C:\Users\Dmitrii\.m2\repository\org\springframework\boot\spring-boot-starter-logging\2.7.9\spring-boot-starter-logging-2.7.9.jar;C:\Users\Dmitrii\.m2\repository\org\apache\logging\log4j\log4j-to-slf4j\2.17.2\log4j-to-slf4j-2.17.2.jar;C:\Users\Dmitrii\.m2\repository\org\apache\logging\log4j\log4j-api\2.17.2\log4j-api-2.17.2.jar;C:\Users\Dmitrii\.m2\repository\org\slf4j\jul-to-slf4j\1.7.36\jul-to-slf4j-1.7.36.jar;C:\Users\Dmitrii\.m2\repository\jakarta\annotation\jakarta.annotation-api\1.3.5\jakarta.annotation-api-1.3.5.jar;C:\Users\Dmitrii\.m2\repository\org\yaml\snakeyaml\1.30\snakeyaml-1.30.jar;C:\Users\Dmitrii\.m2\repository\org\apache\tomcat\embed\tomcat-embed-el\9.0.71\tomcat-embed-el-9.0.71.jar;C:\Users\Dmitrii\.m2\repository\org\hibernate\validator\hibernate-validator\6.2.5.Final\hibernate-validator-6.2.5.Final.jar;C:\Users\Dmitrii\.m2\repository\jakarta\validation\jakarta.validation-api\2.0.2\jakarta.validation-api-2.0.2.jar;C:\Users\Dmitrii\.
Launcher Type: SUN_STANDARD

[Global flags]
     intx CICompilerCount                          = 12                                        {product} {ergonomic}
     uint ConcGCThreads                            = 3                                         {product} {ergonomic}
     uint G1ConcRefinementThreads                  = 13                                        {product} {ergonomic}
   size_t G1HeapRegionSize                         = 2097152                                   {product} {ergonomic}
    uintx GCDrainStackTargetSize                   = 64                                        {product} {ergonomic}
   size_t InitialHeapSize                          = 268435456                                 {product} {ergonomic}
   size_t MarkStackSize                            = 4194304                                   {product} {ergonomic}
   size_t MaxHeapSize                              = 4276092928                                {product} {ergonomic}
   size_t MaxNewSize                               = 2564816896                                {product} {ergonomic}
   size_t MinHeapDeltaBytes                        = 2097152                                   {product} {ergonomic}
   size_t MinHeapSize                              = 8388608                                   {product} {ergonomic}
    uintx NonNMethodCodeHeapSize                   = 7602480                                {pd product} {ergonomic}
    uintx NonProfiledCodeHeapSize                  = 122027880                              {pd product} {ergonomic}
    uintx ProfiledCodeHeapSize                     = 122027880                              {pd product} {ergonomic}
    uintx ReservedCodeCacheSize                    = 251658240                              {pd product} {ergonomic}
     bool SegmentedCodeCache                       = true                                      {product} {ergonomic}
   size_t SoftMaxHeapSize                          = 4276092928                             {manageable} {ergonomic}
     bool UseCompressedClassPointers               = true                           {product lp64_product} {ergonomic}
     bool UseCompressedOops                        = true                           {product lp64_product} {ergonomic}
     bool UseG1GC                                  = true                                      {product} {ergonomic}
     bool UseLargePagesIndividualAllocation        = false                                  {pd product} {ergonomic}

Logging:
Log output configuration:
 #0: stdout all=warning uptime,level,tags
 #1: stderr all=off uptime,level,tags

Environment Variables:
JAVA_HOME=C:\Java\jdk8
PATH=C:\Windows\system32;C:\Windows;C:\Windows\System32\Wbem;C:\Windows\System32\WindowsPowerShell\v1.0\;C:\Windows\System32\OpenSSH\;C:\Program Files (x86)\Common Files\Acronis\SnapAPI\;C:\Program Files (x86)\mingw-w64\i686-8.1.0-posix-dwarf-rt_v6-rev0\mingw32\bin;C:\Program Files\PuTTY\;C:\Program Files\dotnet\;C:\Users\Dmitrii\AppData\Roaming\nvm;C:\Program Files\nodejs;C:\Program Files (x86)\Yarn\bin\;C:\Java\jdk8\bin;C:\Program Files\PostgreSQL\14\bin;C:\Program Files\Git\cmd;C:\Program Files\Docker\Docker\resources\bin;C:\ProgramData\DockerDesktop\version-bin;C:\backendTools\apache-maven-3.9.0\bin;C:\Users\Dmitrii\AppData\Local\Microsoft\WindowsApps;E:\visualstudioncodeF\Microsoft VS Code\bin;C:\Users\Dmitrii\AppData\Local\Programs\Python\Python38-32\Scripts;C:\ProgramData\Dmitrii\atom\bin;C:\Program Files\JetBrains\WebStorm 2021.1.1\bin;C:\Program Files\JetBrains\JetBrains Rider 2021.2.2\bin;C:\Users\Dmitrii\.dotnet\tools;C:\Program Files\JetBrains\PyCharm 2021.2.3\bin;C:\Program Files\JetBrains\PhpStorm 2021.2.3\bin;C:\Program Files\JetBrains\GoLand 2021.2.4\bin;C:\Program Files\JetBrains\DataGrip 2021.2.4\bin;C:\Program Files\JetBrains\CLion 2021.2.3\bin;C:\Program Files\JetBrains\IntelliJ IDEA 2021.2.3\bin;E:\cliheroku\heroku\bin;C:\Users\Dmitrii\AppData\Roaming\nvm;C:\Program Files\nodejs;C:\Users\Dmitrii\AppData\Local\Yarn\bin;C:\Users\Dmitrii\AppData\Local\JetBrains\Toolbox\scripts
USERNAME=Dmitrii
OS=Windows_NT
PROCESSOR_IDENTIFIER=Intel64 Family 6 Model 62 Stepping 4, GenuineIntel
TMP=C:\Users\Dmitrii\AppData\Local\Temp
TEMP=C:\Users\Dmitrii\AppData\Local\Temp



---------------  S Y S T E M  ---------------

OS:
 Windows 10 , 64 bit Build 17763 (10.0.17763.4131)
OS uptime: 0 days 5:51 hours
Hyper-V role detected

CPU: total 16 (initial active 16) (8 cores per cpu, 2 threads per core) family 6 model 62 stepping 4 microcode 0x42e, cx8, cmov, fxsr, ht, mmx, sse, sse2, sse3, ssse3, sse4.1, sse4.2, popcnt, tsc, tscinvbit, avx, aes, erms, clmul, vzeroupper, clflush, hv

Memory: 4k page, system-wide physical 16304M (680M free)
TotalPageFile size 20400M (AvailPageFile size 4M)
current process WorkingSet (physical memory assigned to process): 25M, peak: 25M
current process commit charge ("private bytes"): 353M, peak: 353M

vm_info: OpenJDK 64-Bit Server VM (17.0.5+8-LTS) for windows-amd64 JRE (17.0.5+8-LTS), built on Oct 13 2022 05:18:14 by "Administrator" with MS VC++ 15.9 (VS2017)

END.
