#
# There is insufficient memory for the Java Runtime Environment to continue.
# Native memory allocation (malloc) failed to allocate 1762576 bytes for Chunk::new
# Possible reasons:
#   The system is out of physical RAM or swap space
#   The process is running with CompressedOops enabled, and the Java Heap may be blocking the growth of the native heap
# Possible solutions:
#   Reduce memory load on the system
#   Increase physical memory or swap space
#   Check if swap backing store is full
#   Decrease Java heap size (-Xmx/-Xms)
#   Decrease number of Java threads
#   Decrease Java thread stack sizes (-Xss)
#   Set larger code cache with -XX:ReservedCodeCacheSize=
#   JVM is running with Zero Based Compressed Oops mode in which the Java heap is
#     placed in the first 32GB address space. The Java Heap base address is the
#     maximum limit for the native heap growth. Please use -XX:HeapBaseMinAddress
#     to set the Java Heap base and to place the Java Heap above 32GB virtual address.
# This output file may be truncated or incomplete.
#
#  Out of Memory Error (arena.cpp:189), pid=16856, tid=16056
#
# JRE version: OpenJDK Runtime Environment Corretto-17.0.5.8.1 (17.0.5+8) (build 17.0.5+8-LTS)
# Java VM: OpenJDK 64-Bit Server VM Corretto-17.0.5.8.1 (17.0.5+8-LTS, mixed mode, sharing, tiered, compressed oops, compressed class ptrs, g1 gc, windows-amd64)
# No core dump will be written. Minidumps are not enabled by default on client versions of Windows
#

---------------  S U M M A R Y ------------

Command Line: -agentlib:jdwp=transport=dt_socket,address=127.0.0.1:63391,suspend=y,server=n -ea -Didea.test.cyclic.buffer.size=1048576 -javaagent:C:\Users\Dmitrii\AppData\Local\JetBrains\IntelliJIdea2022.1\captureAgent\debugger-agent.jar -Dfile.encoding=UTF-8 com.intellij.rt.junit.JUnitStarter -ideVersion5 -junit5 com.securityapi.controller.PanelControllerIntegrationTest,createNewTemplate_shouldCreateTemplateAndReturnStatusCREATED

Host: Intel(R) Xeon(R) CPU E5-2650 v2 @ 2.60GHz, 16 cores, 15G,  Windows 10 , 64 bit Build 17763 (10.0.17763.4131)
Time: Fri Mar 31 23:19:33 2023 FLE Daylight Time elapsed time: 1.896489 seconds (0d 0h 0m 1s)

---------------  T H R E A D  ---------------

Current thread (0x00000262b6172ea0):  JavaThread "C2 CompilerThread1" daemon [_thread_in_native, id=16056, stack(0x000000c34ed00000,0x000000c34ee00000)]


Current CompileTask:
C2:   1896 1802       4       jdk.internal.loader.URLClassPath::getResource (74 bytes)

Stack: [0x000000c34ed00000,0x000000c34ee00000]
Native frames: (J=compiled Java code, j=interpreted, Vv=VM code, C=native code)
V  [jvm.dll+0x646e0a]
V  [jvm.dll+0x7f7f14]
V  [jvm.dll+0x7f96ce]
V  [jvm.dll+0x7f9d23]
V  [jvm.dll+0x234c98]
V  [jvm.dll+0xbccfc]
V  [jvm.dll+0xbd2dc]
V  [jvm.dll+0x34d6d2]
V  [jvm.dll+0x31821f]
V  [jvm.dll+0x31765a]
V  [jvm.dll+0x2092a5]
V  [jvm.dll+0x208837]
V  [jvm.dll+0x198a9d]
V  [jvm.dll+0x217bdd]
V  [jvm.dll+0x215e24]
V  [jvm.dll+0x7b06ab]
V  [jvm.dll+0x7aac5a]
V  [jvm.dll+0x645cd5]
C  [ucrtbase.dll+0x2268a]
C  [KERNEL32.DLL+0x17ab4]
C  [ntdll.dll+0x5a351]


---------------  P R O C E S S  ---------------

Threads class SMR info:
_java_thread_list=0x00000262b8169420, length=20, elements={
0x000002629245f240, 0x00000262b5c549a0, 0x00000262b5c55460, 0x00000262b5c67e10,
0x00000262b5c6c8e0, 0x00000262b5c6f1b0, 0x00000262b5c70a80, 0x00000262b5c75c30,
0x00000262b5c765e0, 0x00000262b5c8b300, 0x00000262b6151030, 0x00000262b6081010,
0x00000262b6172ea0, 0x00000262b61deab0, 0x00000262b61df590, 0x00000262b61dfa80,
0x00000262b6151500, 0x00000262b62241d0, 0x00000262b8146c70, 0x00000262b8018030
}

Java Threads: ( => current thread )
  0x000002629245f240 JavaThread "main" [_thread_in_vm, id=16600, stack(0x000000c34db00000,0x000000c34dc00000)]
  0x00000262b5c549a0 JavaThread "Reference Handler" daemon [_thread_blocked, id=14800, stack(0x000000c34e200000,0x000000c34e300000)]
  0x00000262b5c55460 JavaThread "Finalizer" daemon [_thread_blocked, id=15300, stack(0x000000c34e300000,0x000000c34e400000)]
  0x00000262b5c67e10 JavaThread "Signal Dispatcher" daemon [_thread_blocked, id=16416, stack(0x000000c34e400000,0x000000c34e500000)]
  0x00000262b5c6c8e0 JavaThread "Attach Listener" daemon [_thread_blocked, id=16784, stack(0x000000c34e500000,0x000000c34e600000)]
  0x00000262b5c6f1b0 JavaThread "Service Thread" daemon [_thread_blocked, id=17112, stack(0x000000c34e600000,0x000000c34e700000)]
  0x00000262b5c70a80 JavaThread "Monitor Deflation Thread" daemon [_thread_blocked, id=17220, stack(0x000000c34e700000,0x000000c34e800000)]
  0x00000262b5c75c30 JavaThread "C2 CompilerThread0" daemon [_thread_in_vm, id=15928, stack(0x000000c34e800000,0x000000c34e900000)]
  0x00000262b5c765e0 JavaThread "C1 CompilerThread0" daemon [_thread_blocked, id=13784, stack(0x000000c34e900000,0x000000c34ea00000)]
  0x00000262b5c8b300 JavaThread "Sweeper thread" daemon [_thread_blocked, id=16224, stack(0x000000c34ea00000,0x000000c34eb00000)]
  0x00000262b6151030 JavaThread "Common-Cleaner" daemon [_thread_blocked, id=15644, stack(0x000000c34eb00000,0x000000c34ec00000)]
  0x00000262b6081010 JavaThread "C1 CompilerThread1" daemon [_thread_blocked, id=1844, stack(0x000000c34ec00000,0x000000c34ed00000)]
=>0x00000262b6172ea0 JavaThread "C2 CompilerThread1" daemon [_thread_in_native, id=16056, stack(0x000000c34ed00000,0x000000c34ee00000)]
  0x00000262b61deab0 JavaThread "JDWP Transport Listener: dt_socket" daemon [_thread_blocked, id=17052, stack(0x000000c34ee00000,0x000000c34ef00000)]
  0x00000262b61df590 JavaThread "JDWP Event Helper Thread" daemon [_thread_blocked, id=9736, stack(0x000000c34ef00000,0x000000c34f000000)]
  0x00000262b61dfa80 JavaThread "JDWP Command Reader" daemon [_thread_in_native, id=16764, stack(0x000000c34f000000,0x000000c34f100000)]
  0x00000262b6151500 JavaThread "Notification Thread" daemon [_thread_blocked, id=13420, stack(0x000000c34f100000,0x000000c34f200000)]
  0x00000262b62241d0 JavaThread "C1 CompilerThread2" daemon [_thread_blocked, id=17260, stack(0x000000c34fd00000,0x000000c34fe00000)]
  0x00000262b8146c70 JavaThread "C1 CompilerThread3" daemon [_thread_blocked, id=15252, stack(0x000000c34fe00000,0x000000c34ff00000)]
  0x00000262b8018030 JavaThread "C2 CompilerThread2" daemon [_thread_in_native, id=13464, stack(0x000000c350100000,0x000000c350200000)]

Other Threads:
  0x00000262b5c4bfe0 VMThread "VM Thread" [stack: 0x000000c34e100000,0x000000c34e200000] [id=16804]
  0x00000262924fbf80 WatcherThread [stack: 0x000000c34f200000,0x000000c34f300000] [id=15240]
  0x00000262924d0b70 GCTaskThread "GC Thread#0" [stack: 0x000000c34dc00000,0x000000c34dd00000] [id=15484]
  0x00000262b78ef1c0 GCTaskThread "GC Thread#1" [stack: 0x000000c34f400000,0x000000c34f500000] [id=15640]
  0x00000262b8038580 GCTaskThread "GC Thread#2" [stack: 0x000000c34f500000,0x000000c34f600000] [id=14692]
  0x00000262b823a2a0 GCTaskThread "GC Thread#3" [stack: 0x000000c34f600000,0x000000c34f700000] [id=17128]
  0x00000262b8771bf0 GCTaskThread "GC Thread#4" [stack: 0x000000c34f700000,0x000000c34f800000] [id=16972]
  0x00000262b7b03b90 GCTaskThread "GC Thread#5" [stack: 0x000000c34f800000,0x000000c34f900000] [id=8468]
  0x00000262b7a90bd0 GCTaskThread "GC Thread#6" [stack: 0x000000c34f900000,0x000000c34fa00000] [id=15832]
  0x00000262b798d390 GCTaskThread "GC Thread#7" [stack: 0x000000c34fa00000,0x000000c34fb00000] [id=17076]
  0x00000262b88a0060 GCTaskThread "GC Thread#8" [stack: 0x000000c34fb00000,0x000000c34fc00000] [id=16880]
  0x00000262b88a0310 GCTaskThread "GC Thread#9" [stack: 0x000000c34fc00000,0x000000c34fd00000] [id=8988]
  0x00000262b84657b0 GCTaskThread "GC Thread#10" [stack: 0x000000c34f300000,0x000000c34f400000] [id=17240]
  0x00000262b8465fc0 GCTaskThread "GC Thread#11" [stack: 0x000000c34ff00000,0x000000c350000000] [id=16644]
  0x00000262b8465a60 GCTaskThread "GC Thread#12" [stack: 0x000000c350000000,0x000000c350100000] [id=15352]
  0x00000262924e1730 ConcurrentGCThread "G1 Main Marker" [stack: 0x000000c34dd00000,0x000000c34de00000] [id=16476]
  0x00000262924e1ef0 ConcurrentGCThread "G1 Conc#0" [stack: 0x000000c34de00000,0x000000c34df00000] [id=7996]
  0x00000262b5b81af0 ConcurrentGCThread "G1 Refine#0" [stack: 0x000000c34df00000,0x000000c34e000000] [id=14872]
  0x00000262b5b822c0 ConcurrentGCThread "G1 Service" [stack: 0x000000c34e000000,0x000000c34e100000] [id=10580]

Threads with active compile tasks:
C2 CompilerThread0     1918 1832       4       java.util.jar.JarFile::getEntry (35 bytes)
C2 CompilerThread1     1918 1802       4       jdk.internal.loader.URLClassPath::getResource (74 bytes)
C2 CompilerThread2     1918 1836   !   4       jdk.internal.loader.URLClassPath$JarLoader::getResource (65 bytes)

VM state: not at safepoint (normal execution)

VM Mutex/Monitor currently owned by a thread: None

Heap address: 0x0000000701200000, size: 4078 MB, Compressed Oops mode: Zero based, Oop shift amount: 3

CDS archive(s) mapped at: [0x0000000800000000-0x0000000800bc0000-0x0000000800bc0000), size 12320768, SharedBaseAddress: 0x0000000800000000, ArchiveRelocationMode: 0.
Compressed class space mapped at: 0x0000000800c00000-0x0000000840c00000, reserved size: 1073741824
Narrow klass base: 0x0000000800000000, Narrow klass shift: 0, Narrow klass range: 0x100000000

GC Precious Log:
 CPUs: 16 total, 16 available
 Memory: 16304M
 Large Page Support: Disabled
 NUMA Support: Disabled
 Compressed Oops: Enabled (Zero based)
 Heap Region Size: 2M
 Heap Min Capacity: 8M
 Heap Initial Capacity: 256M
 Heap Max Capacity: 4078M
 Pre-touch: Disabled
 Parallel Workers: 13
 Concurrent Workers: 3
 Concurrent Refinement Workers: 13
 Periodic GC: Disabled

Heap:
 garbage-first heap   total 262144K, used 17671K [0x0000000701200000, 0x0000000800000000)
  region size 2048K, 6 young (12288K), 2 survivors (4096K)
 Metaspace       used 10086K, committed 10240K, reserved 1064960K
  class space    used 1254K, committed 1344K, reserved 1048576K

Heap Regions: E=young(eden), S=young(survivor), O=old, HS=humongous(starts), HC=humongous(continues), CS=collection set, F=free, OA=open archive, CA=closed archive, TAMS=top-at-mark-start (previous, next)
|   0|0x0000000701200000, 0x0000000701400000, 0x0000000701400000|100%|HS|  |TAMS 0x0000000701200000, 0x0000000701200000| Complete 
|   1|0x0000000701400000, 0x0000000701600000, 0x0000000701600000|100%| O|  |TAMS 0x0000000701400000, 0x0000000701400000| Untracked 
|   2|0x0000000701600000, 0x0000000701800000, 0x0000000701800000|100%| O|  |TAMS 0x0000000701600000, 0x0000000701600000| Untracked 
|   3|0x0000000701800000, 0x0000000701a00000, 0x0000000701a00000|100%| O|  |TAMS 0x0000000701800000, 0x0000000701800000| Untracked 
|   4|0x0000000701a00000, 0x0000000701afda00, 0x0000000701c00000| 49%| O|  |TAMS 0x0000000701a00000, 0x0000000701a00000| Untracked 
|   5|0x0000000701c00000, 0x0000000701c00000, 0x0000000701e00000|  0%| F|  |TAMS 0x0000000701c00000, 0x0000000701c00000| Untracked 
|   6|0x0000000701e00000, 0x0000000701e00000, 0x0000000702000000|  0%| F|  |TAMS 0x0000000701e00000, 0x0000000701e00000| Untracked 
|   7|0x0000000702000000, 0x0000000702000000, 0x0000000702200000|  0%| F|  |TAMS 0x0000000702000000, 0x0000000702000000| Untracked 
|   8|0x0000000702200000, 0x0000000702200000, 0x0000000702400000|  0%| F|  |TAMS 0x0000000702200000, 0x0000000702200000| Untracked 
|   9|0x0000000702400000, 0x0000000702400000, 0x0000000702600000|  0%| F|  |TAMS 0x0000000702400000, 0x0000000702400000| Untracked 
|  10|0x0000000702600000, 0x0000000702600000, 0x0000000702800000|  0%| F|  |TAMS 0x0000000702600000, 0x0000000702600000| Untracked 
|  11|0x0000000702800000, 0x0000000702800000, 0x0000000702a00000|  0%| F|  |TAMS 0x0000000702800000, 0x0000000702800000| Untracked 
|  12|0x0000000702a00000, 0x0000000702a00000, 0x0000000702c00000|  0%| F|  |TAMS 0x0000000702a00000, 0x0000000702a00000| Untracked 
|  13|0x0000000702c00000, 0x0000000702c00000, 0x0000000702e00000|  0%| F|  |TAMS 0x0000000702c00000, 0x0000000702c00000| Untracked 
|  14|0x0000000702e00000, 0x0000000702e00000, 0x0000000703000000|  0%| F|  |TAMS 0x0000000702e00000, 0x0000000702e00000| Untracked 
|  15|0x0000000703000000, 0x0000000703000000, 0x0000000703200000|  0%| F|  |TAMS 0x0000000703000000, 0x0000000703000000| Untracked 
|  16|0x0000000703200000, 0x0000000703200000, 0x0000000703400000|  0%| F|  |TAMS 0x0000000703200000, 0x0000000703200000| Untracked 
|  17|0x0000000703400000, 0x0000000703400000, 0x0000000703600000|  0%| F|  |TAMS 0x0000000703400000, 0x0000000703400000| Untracked 
|  18|0x0000000703600000, 0x0000000703600000, 0x0000000703800000|  0%| F|  |TAMS 0x0000000703600000, 0x0000000703600000| Untracked 
|  19|0x0000000703800000, 0x0000000703800000, 0x0000000703a00000|  0%| F|  |TAMS 0x0000000703800000, 0x0000000703800000| Untracked 
|  20|0x0000000703a00000, 0x0000000703a00000, 0x0000000703c00000|  0%| F|  |TAMS 0x0000000703a00000, 0x0000000703a00000| Untracked 
|  21|0x0000000703c00000, 0x0000000703c00000, 0x0000000703e00000|  0%| F|  |TAMS 0x0000000703c00000, 0x0000000703c00000| Untracked 
|  22|0x0000000703e00000, 0x0000000703e00000, 0x0000000704000000|  0%| F|  |TAMS 0x0000000703e00000, 0x0000000703e00000| Untracked 
|  23|0x0000000704000000, 0x0000000704000000, 0x0000000704200000|  0%| F|  |TAMS 0x0000000704000000, 0x0000000704000000| Untracked 
|  24|0x0000000704200000, 0x0000000704200000, 0x0000000704400000|  0%| F|  |TAMS 0x0000000704200000, 0x0000000704200000| Untracked 
|  25|0x0000000704400000, 0x0000000704400000, 0x0000000704600000|  0%| F|  |TAMS 0x0000000704400000, 0x0000000704400000| Untracked 
|  26|0x0000000704600000, 0x0000000704600000, 0x0000000704800000|  0%| F|  |TAMS 0x0000000704600000, 0x0000000704600000| Untracked 
|  27|0x0000000704800000, 0x0000000704800000, 0x0000000704a00000|  0%| F|  |TAMS 0x0000000704800000, 0x0000000704800000| Untracked 
|  28|0x0000000704a00000, 0x0000000704a00000, 0x0000000704c00000|  0%| F|  |TAMS 0x0000000704a00000, 0x0000000704a00000| Untracked 
|  29|0x0000000704c00000, 0x0000000704c00000, 0x0000000704e00000|  0%| F|  |TAMS 0x0000000704c00000, 0x0000000704c00000| Untracked 
|  30|0x0000000704e00000, 0x0000000704e00000, 0x0000000705000000|  0%| F|  |TAMS 0x0000000704e00000, 0x0000000704e00000| Untracked 
|  31|0x0000000705000000, 0x0000000705000000, 0x0000000705200000|  0%| F|  |TAMS 0x0000000705000000, 0x0000000705000000| Untracked 
|  32|0x0000000705200000, 0x0000000705200000, 0x0000000705400000|  0%| F|  |TAMS 0x0000000705200000, 0x0000000705200000| Untracked 
|  33|0x0000000705400000, 0x0000000705400000, 0x0000000705600000|  0%| F|  |TAMS 0x0000000705400000, 0x0000000705400000| Untracked 
|  34|0x0000000705600000, 0x0000000705600000, 0x0000000705800000|  0%| F|  |TAMS 0x0000000705600000, 0x0000000705600000| Untracked 
|  35|0x0000000705800000, 0x0000000705800000, 0x0000000705a00000|  0%| F|  |TAMS 0x0000000705800000, 0x0000000705800000| Untracked 
|  36|0x0000000705a00000, 0x0000000705a00000, 0x0000000705c00000|  0%| F|  |TAMS 0x0000000705a00000, 0x0000000705a00000| Untracked 
|  37|0x0000000705c00000, 0x0000000705c00000, 0x0000000705e00000|  0%| F|  |TAMS 0x0000000705c00000, 0x0000000705c00000| Untracked 
|  38|0x0000000705e00000, 0x0000000705e00000, 0x0000000706000000|  0%| F|  |TAMS 0x0000000705e00000, 0x0000000705e00000| Untracked 
|  39|0x0000000706000000, 0x0000000706000000, 0x0000000706200000|  0%| F|  |TAMS 0x0000000706000000, 0x0000000706000000| Untracked 
|  40|0x0000000706200000, 0x0000000706200000, 0x0000000706400000|  0%| F|  |TAMS 0x0000000706200000, 0x0000000706200000| Untracked 
|  41|0x0000000706400000, 0x0000000706400000, 0x0000000706600000|  0%| F|  |TAMS 0x0000000706400000, 0x0000000706400000| Untracked 
|  42|0x0000000706600000, 0x0000000706600000, 0x0000000706800000|  0%| F|  |TAMS 0x0000000706600000, 0x0000000706600000| Untracked 
|  43|0x0000000706800000, 0x0000000706800000, 0x0000000706a00000|  0%| F|  |TAMS 0x0000000706800000, 0x0000000706800000| Untracked 
|  44|0x0000000706a00000, 0x0000000706a00000, 0x0000000706c00000|  0%| F|  |TAMS 0x0000000706a00000, 0x0000000706a00000| Untracked 
|  45|0x0000000706c00000, 0x0000000706c00000, 0x0000000706e00000|  0%| F|  |TAMS 0x0000000706c00000, 0x0000000706c00000| Untracked 
|  46|0x0000000706e00000, 0x0000000706e00000, 0x0000000707000000|  0%| F|  |TAMS 0x0000000706e00000, 0x0000000706e00000| Untracked 
|  47|0x0000000707000000, 0x0000000707000000, 0x0000000707200000|  0%| F|  |TAMS 0x0000000707000000, 0x0000000707000000| Untracked 
|  48|0x0000000707200000, 0x0000000707200000, 0x0000000707400000|  0%| F|  |TAMS 0x0000000707200000, 0x0000000707200000| Untracked 
|  49|0x0000000707400000, 0x0000000707400000, 0x0000000707600000|  0%| F|  |TAMS 0x0000000707400000, 0x0000000707400000| Untracked 
|  50|0x0000000707600000, 0x0000000707600000, 0x0000000707800000|  0%| F|  |TAMS 0x0000000707600000, 0x0000000707600000| Untracked 
|  51|0x0000000707800000, 0x0000000707800000, 0x0000000707a00000|  0%| F|  |TAMS 0x0000000707800000, 0x0000000707800000| Untracked 
|  52|0x0000000707a00000, 0x0000000707a00000, 0x0000000707c00000|  0%| F|  |TAMS 0x0000000707a00000, 0x0000000707a00000| Untracked 
|  53|0x0000000707c00000, 0x0000000707c00000, 0x0000000707e00000|  0%| F|  |TAMS 0x0000000707c00000, 0x0000000707c00000| Untracked 
|  54|0x0000000707e00000, 0x0000000707e00000, 0x0000000708000000|  0%| F|  |TAMS 0x0000000707e00000, 0x0000000707e00000| Untracked 
|  55|0x0000000708000000, 0x0000000708000000, 0x0000000708200000|  0%| F|  |TAMS 0x0000000708000000, 0x0000000708000000| Untracked 
|  56|0x0000000708200000, 0x0000000708200000, 0x0000000708400000|  0%| F|  |TAMS 0x0000000708200000, 0x0000000708200000| Untracked 
|  57|0x0000000708400000, 0x0000000708400000, 0x0000000708600000|  0%| F|  |TAMS 0x0000000708400000, 0x0000000708400000| Untracked 
|  58|0x0000000708600000, 0x0000000708600000, 0x0000000708800000|  0%| F|  |TAMS 0x0000000708600000, 0x0000000708600000| Untracked 
|  59|0x0000000708800000, 0x0000000708800000, 0x0000000708a00000|  0%| F|  |TAMS 0x0000000708800000, 0x0000000708800000| Untracked 
|  60|0x0000000708a00000, 0x0000000708a00000, 0x0000000708c00000|  0%| F|  |TAMS 0x0000000708a00000, 0x0000000708a00000| Untracked 
|  61|0x0000000708c00000, 0x0000000708c00000, 0x0000000708e00000|  0%| F|  |TAMS 0x0000000708c00000, 0x0000000708c00000| Untracked 
|  62|0x0000000708e00000, 0x0000000708e00000, 0x0000000709000000|  0%| F|  |TAMS 0x0000000708e00000, 0x0000000708e00000| Untracked 
|  63|0x0000000709000000, 0x0000000709000000, 0x0000000709200000|  0%| F|  |TAMS 0x0000000709000000, 0x0000000709000000| Untracked 
|  64|0x0000000709200000, 0x0000000709200000, 0x0000000709400000|  0%| F|  |TAMS 0x0000000709200000, 0x0000000709200000| Untracked 
|  65|0x0000000709400000, 0x0000000709400000, 0x0000000709600000|  0%| F|  |TAMS 0x0000000709400000, 0x0000000709400000| Untracked 
|  66|0x0000000709600000, 0x0000000709600000, 0x0000000709800000|  0%| F|  |TAMS 0x0000000709600000, 0x0000000709600000| Untracked 
|  67|0x0000000709800000, 0x0000000709800000, 0x0000000709a00000|  0%| F|  |TAMS 0x0000000709800000, 0x0000000709800000| Untracked 
|  68|0x0000000709a00000, 0x0000000709a00000, 0x0000000709c00000|  0%| F|  |TAMS 0x0000000709a00000, 0x0000000709a00000| Untracked 
|  69|0x0000000709c00000, 0x0000000709c00000, 0x0000000709e00000|  0%| F|  |TAMS 0x0000000709c00000, 0x0000000709c00000| Untracked 
|  70|0x0000000709e00000, 0x0000000709e00000, 0x000000070a000000|  0%| F|  |TAMS 0x0000000709e00000, 0x0000000709e00000| Untracked 
|  71|0x000000070a000000, 0x000000070a000000, 0x000000070a200000|  0%| F|  |TAMS 0x000000070a000000, 0x000000070a000000| Untracked 
|  72|0x000000070a200000, 0x000000070a200000, 0x000000070a400000|  0%| F|  |TAMS 0x000000070a200000, 0x000000070a200000| Untracked 
|  73|0x000000070a400000, 0x000000070a400000, 0x000000070a600000|  0%| F|  |TAMS 0x000000070a400000, 0x000000070a400000| Untracked 
|  74|0x000000070a600000, 0x000000070a600000, 0x000000070a800000|  0%| F|  |TAMS 0x000000070a600000, 0x000000070a600000| Untracked 
|  75|0x000000070a800000, 0x000000070a800000, 0x000000070aa00000|  0%| F|  |TAMS 0x000000070a800000, 0x000000070a800000| Untracked 
|  76|0x000000070aa00000, 0x000000070aa00000, 0x000000070ac00000|  0%| F|  |TAMS 0x000000070aa00000, 0x000000070aa00000| Untracked 
|  77|0x000000070ac00000, 0x000000070ac00000, 0x000000070ae00000|  0%| F|  |TAMS 0x000000070ac00000, 0x000000070ac00000| Untracked 
|  78|0x000000070ae00000, 0x000000070ae00000, 0x000000070b000000|  0%| F|  |TAMS 0x000000070ae00000, 0x000000070ae00000| Untracked 
|  79|0x000000070b000000, 0x000000070b000000, 0x000000070b200000|  0%| F|  |TAMS 0x000000070b000000, 0x000000070b000000| Untracked 
|  80|0x000000070b200000, 0x000000070b200000, 0x000000070b400000|  0%| F|  |TAMS 0x000000070b200000, 0x000000070b200000| Untracked 
|  81|0x000000070b400000, 0x000000070b400000, 0x000000070b600000|  0%| F|  |TAMS 0x000000070b400000, 0x000000070b400000| Untracked 
|  82|0x000000070b600000, 0x000000070b600000, 0x000000070b800000|  0%| F|  |TAMS 0x000000070b600000, 0x000000070b600000| Untracked 
|  83|0x000000070b800000, 0x000000070b800000, 0x000000070ba00000|  0%| F|  |TAMS 0x000000070b800000, 0x000000070b800000| Untracked 
|  84|0x000000070ba00000, 0x000000070ba00000, 0x000000070bc00000|  0%| F|  |TAMS 0x000000070ba00000, 0x000000070ba00000| Untracked 
|  85|0x000000070bc00000, 0x000000070bc00000, 0x000000070be00000|  0%| F|  |TAMS 0x000000070bc00000, 0x000000070bc00000| Untracked 
|  86|0x000000070be00000, 0x000000070be00000, 0x000000070c000000|  0%| F|  |TAMS 0x000000070be00000, 0x000000070be00000| Untracked 
|  87|0x000000070c000000, 0x000000070c000000, 0x000000070c200000|  0%| F|  |TAMS 0x000000070c000000, 0x000000070c000000| Untracked 
|  88|0x000000070c200000, 0x000000070c200000, 0x000000070c400000|  0%| F|  |TAMS 0x000000070c200000, 0x000000070c200000| Untracked 
|  89|0x000000070c400000, 0x000000070c400000, 0x000000070c600000|  0%| F|  |TAMS 0x000000070c400000, 0x000000070c400000| Untracked 
|  90|0x000000070c600000, 0x000000070c600000, 0x000000070c800000|  0%| F|  |TAMS 0x000000070c600000, 0x000000070c600000| Untracked 
|  91|0x000000070c800000, 0x000000070c800000, 0x000000070ca00000|  0%| F|  |TAMS 0x000000070c800000, 0x000000070c800000| Untracked 
|  92|0x000000070ca00000, 0x000000070ca00000, 0x000000070cc00000|  0%| F|  |TAMS 0x000000070ca00000, 0x000000070ca00000| Untracked 
|  93|0x000000070cc00000, 0x000000070cc00000, 0x000000070ce00000|  0%| F|  |TAMS 0x000000070cc00000, 0x000000070cc00000| Untracked 
|  94|0x000000070ce00000, 0x000000070ce00000, 0x000000070d000000|  0%| F|  |TAMS 0x000000070ce00000, 0x000000070ce00000| Untracked 
|  95|0x000000070d000000, 0x000000070d000000, 0x000000070d200000|  0%| F|  |TAMS 0x000000070d000000, 0x000000070d000000| Untracked 
|  96|0x000000070d200000, 0x000000070d200000, 0x000000070d400000|  0%| F|  |TAMS 0x000000070d200000, 0x000000070d200000| Untracked 
|  97|0x000000070d400000, 0x000000070d400000, 0x000000070d600000|  0%| F|  |TAMS 0x000000070d400000, 0x000000070d400000| Untracked 
|  98|0x000000070d600000, 0x000000070d600000, 0x000000070d800000|  0%| F|  |TAMS 0x000000070d600000, 0x000000070d600000| Untracked 
|  99|0x000000070d800000, 0x000000070d800000, 0x000000070da00000|  0%| F|  |TAMS 0x000000070d800000, 0x000000070d800000| Untracked 
| 100|0x000000070da00000, 0x000000070da00000, 0x000000070dc00000|  0%| F|  |TAMS 0x000000070da00000, 0x000000070da00000| Untracked 
| 101|0x000000070dc00000, 0x000000070dc00000, 0x000000070de00000|  0%| F|  |TAMS 0x000000070dc00000, 0x000000070dc00000| Untracked 
| 102|0x000000070de00000, 0x000000070de00000, 0x000000070e000000|  0%| F|  |TAMS 0x000000070de00000, 0x000000070de00000| Untracked 
| 103|0x000000070e000000, 0x000000070e000000, 0x000000070e200000|  0%| F|  |TAMS 0x000000070e000000, 0x000000070e000000| Untracked 
| 104|0x000000070e200000, 0x000000070e200000, 0x000000070e400000|  0%| F|  |TAMS 0x000000070e200000, 0x000000070e200000| Untracked 
| 105|0x000000070e400000, 0x000000070e400000, 0x000000070e600000|  0%| F|  |TAMS 0x000000070e400000, 0x000000070e400000| Untracked 
| 106|0x000000070e600000, 0x000000070e600000, 0x000000070e800000|  0%| F|  |TAMS 0x000000070e600000, 0x000000070e600000| Untracked 
| 107|0x000000070e800000, 0x000000070e800000, 0x000000070ea00000|  0%| F|  |TAMS 0x000000070e800000, 0x000000070e800000| Untracked 
| 108|0x000000070ea00000, 0x000000070ea00000, 0x000000070ec00000|  0%| F|  |TAMS 0x000000070ea00000, 0x000000070ea00000| Untracked 
| 109|0x000000070ec00000, 0x000000070ec00000, 0x000000070ee00000|  0%| F|  |TAMS 0x000000070ec00000, 0x000000070ec00000| Untracked 
| 110|0x000000070ee00000, 0x000000070ee00000, 0x000000070f000000|  0%| F|  |TAMS 0x000000070ee00000, 0x000000070ee00000| Untracked 
| 111|0x000000070f000000, 0x000000070f044228, 0x000000070f200000| 13%| S|CS|TAMS 0x000000070f000000, 0x000000070f000000| Complete 
| 112|0x000000070f200000, 0x000000070f400000, 0x000000070f400000|100%| S|CS|TAMS 0x000000070f200000, 0x000000070f200000| Complete 
| 113|0x000000070f400000, 0x000000070f400000, 0x000000070f600000|  0%| F|  |TAMS 0x000000070f400000, 0x000000070f400000| Untracked 
| 114|0x000000070f600000, 0x000000070f600000, 0x000000070f800000|  0%| F|  |TAMS 0x000000070f600000, 0x000000070f600000| Untracked 
| 115|0x000000070f800000, 0x000000070f800000, 0x000000070fa00000|  0%| F|  |TAMS 0x000000070f800000, 0x000000070f800000| Untracked 
| 116|0x000000070fa00000, 0x000000070fa00000, 0x000000070fc00000|  0%| F|  |TAMS 0x000000070fa00000, 0x000000070fa00000| Untracked 
| 117|0x000000070fc00000, 0x000000070fc00000, 0x000000070fe00000|  0%| F|  |TAMS 0x000000070fc00000, 0x000000070fc00000| Untracked 
| 118|0x000000070fe00000, 0x000000070fe00000, 0x0000000710000000|  0%| F|  |TAMS 0x000000070fe00000, 0x000000070fe00000| Untracked 
| 119|0x0000000710000000, 0x0000000710000000, 0x0000000710200000|  0%| F|  |TAMS 0x0000000710000000, 0x0000000710000000| Untracked 
| 120|0x0000000710200000, 0x0000000710200000, 0x0000000710400000|  0%| F|  |TAMS 0x0000000710200000, 0x0000000710200000| Untracked 
| 121|0x0000000710400000, 0x0000000710400000, 0x0000000710600000|  0%| F|  |TAMS 0x0000000710400000, 0x0000000710400000| Untracked 
| 122|0x0000000710600000, 0x0000000710600000, 0x0000000710800000|  0%| F|  |TAMS 0x0000000710600000, 0x0000000710600000| Untracked 
| 123|0x0000000710800000, 0x0000000710800000, 0x0000000710a00000|  0%| F|  |TAMS 0x0000000710800000, 0x0000000710800000| Untracked 
| 124|0x0000000710a00000, 0x0000000710a00800, 0x0000000710c00000|  0%| E|  |TAMS 0x0000000710a00000, 0x0000000710a00000| Complete 
| 125|0x0000000710c00000, 0x0000000710e00000, 0x0000000710e00000|100%| E|CS|TAMS 0x0000000710c00000, 0x0000000710c00000| Complete 
| 126|0x0000000710e00000, 0x0000000711000000, 0x0000000711000000|100%| E|CS|TAMS 0x0000000710e00000, 0x0000000710e00000| Complete 
| 127|0x0000000711000000, 0x0000000711200000, 0x0000000711200000|100%| E|CS|TAMS 0x0000000711000000, 0x0000000711000000| Complete 

Card table byte_map: [0x00000262a9fd0000,0x00000262aa7d0000] _byte_map_base: 0x00000262a67c7000

Marking Bits (Prev, Next): (CMBitMap*) 0x00000262924d0f30, (CMBitMap*) 0x00000262924d0f70
 Prev Bits: [0x00000262aafd0000, 0x00000262aef88000)
 Next Bits: [0x00000262aef90000, 0x00000262b2f48000)

Polling page: 0x00000262903e0000

Metaspace:

Usage:
  Non-class:      8.66 MB used.
      Class:      1.23 MB used.
       Both:      9.89 MB used.

Virtual space:
  Non-class space:       16.00 MB reserved,       8.75 MB ( 55%) committed,  2 nodes.
      Class space:        1.00 GB reserved,       1.31 MB ( <1%) committed,  1 nodes.
             Both:        1.02 GB reserved,      10.06 MB ( <1%) committed. 

Chunk freelists:
   Non-Class:  2.55 MB
       Class:  2.50 MB
        Both:  5.05 MB

MaxMetaspaceSize: unlimited
CompressedClassSpaceSize: 1.00 GB
Initial GC threshold: 21.00 MB
Current GC threshold: 21.00 MB
CDS: on
MetaspaceReclaimPolicy: balanced
 - commit_granule_bytes: 65536.
 - commit_granule_words: 8192.
 - virtual_space_node_default_size: 1048576.
 - enlarge_chunks_in_place: 1.
 - new_chunks_are_fully_committed: 0.
 - uncommit_free_chunks: 1.
 - use_allocation_guard: 0.
 - handle_deallocations: 1.


Internal statistics:

num_allocs_failed_limit: 0.
num_arena_births: 106.
num_arena_deaths: 0.
num_vsnodes_births: 3.
num_vsnodes_deaths: 0.
num_space_committed: 161.
num_space_uncommitted: 0.
num_chunks_returned_to_freelist: 0.
num_chunks_taken_from_freelist: 447.
num_chunk_merges: 0.
num_chunk_splits: 276.
num_chunks_enlarged: 200.
num_purges: 0.
num_inconsistent_stats: 0.

CodeHeap 'non-profiled nmethods': size=119168Kb used=789Kb max_used=789Kb free=118378Kb
 bounds [0x00000262a1ae0000, 0x00000262a1d50000, 0x00000262a8f40000]
CodeHeap 'profiled nmethods': size=119104Kb used=4152Kb max_used=4152Kb free=114951Kb
 bounds [0x000002629a690000, 0x000002629aaa0000, 0x00000262a1ae0000]
CodeHeap 'non-nmethods': size=7488Kb used=2928Kb max_used=2967Kb free=4559Kb
 bounds [0x0000026299f40000, 0x000002629a240000, 0x000002629a690000]
 total_blobs=2365 nmethods=1903 adapters=371
 compilation: enabled
              stopped_count=0, restarted_count=0
 full_count=0

Compilation events (20 events):
Event: 1.842 Thread 0x00000262b62241d0 nmethod 1876 0x000002629aa89a10 code [0x000002629aa8a100, 0x000002629aa8d018]
Event: 1.842 Thread 0x00000262b62241d0 1887       3       java.lang.ref.SoftReference::get (29 bytes)
Event: 1.843 Thread 0x00000262b6081010 1888       3       java.lang.invoke.MethodHandles$Lookup::makeHiddenClassDefiner (22 bytes)
Event: 1.843 Thread 0x00000262b8146c70 1889       3       java.lang.invoke.MethodHandles$Lookup$ClassDefiner::defineClassAsLookup (19 bytes)
Event: 1.843 Thread 0x00000262b62241d0 nmethod 1887 0x000002629aa90710 code [0x000002629aa908a0, 0x000002629aa90a78]
Event: 1.843 Thread 0x00000262b8146c70 nmethod 1889 0x000002629aa90b10 code [0x000002629aa90cc0, 0x000002629aa90ed8]
Event: 1.844 Thread 0x00000262b6081010 nmethod 1888 0x000002629aa91010 code [0x000002629aa911c0, 0x000002629aa913a8]
Event: 1.844 Thread 0x00000262b5c765e0 nmethod 1886 0x000002629aa8e710 code [0x000002629aa8eaa0, 0x000002629aa8ff88]
Event: 1.852 Thread 0x00000262b5c765e0 1890       3       sun.reflect.annotation.AnnotationParser::parseArray (220 bytes)
Event: 1.853 Thread 0x00000262b5c765e0 nmethod 1890 0x000002629aa91510 code [0x000002629aa91880, 0x000002629aa92818]
Event: 1.853 Thread 0x00000262b6081010 1891       3       org.springframework.core.annotation.MergedAnnotation::missing (4 bytes)
Event: 1.853 Thread 0x00000262b62241d0 1892       3       org.springframework.core.annotation.MissingMergedAnnotation::getInstance (4 bytes)
Event: 1.853 Thread 0x00000262b6081010 nmethod 1891 0x000002629aa92c10 code [0x000002629aa92da0, 0x000002629aa92ef8]
Event: 1.853 Thread 0x00000262b62241d0 nmethod 1892 0x000002629aa92f90 code [0x000002629aa93120, 0x000002629aa93218]
Event: 1.883 Thread 0x00000262b62241d0 1894       1       java.lang.reflect.Field::getModifiers (5 bytes)
Event: 1.883 Thread 0x00000262b62241d0 nmethod 1894 0x00000262a1b8fc10 code [0x00000262a1b8fda0, 0x00000262a1b8fe78]
Event: 1.885 Thread 0x00000262b8146c70 1895       3       java.util.concurrent.CopyOnWriteArrayList::get (9 bytes)
Event: 1.885 Thread 0x00000262b5c765e0 1896       3       java.util.concurrent.CopyOnWriteArrayList::elementAt (4 bytes)
Event: 1.885 Thread 0x00000262b5c765e0 nmethod 1896 0x000002629aa93290 code [0x000002629aa93420, 0x000002629aa93538]
Event: 1.885 Thread 0x00000262b8146c70 nmethod 1895 0x000002629aa93610 code [0x000002629aa937c0, 0x000002629aa93978]

GC Heap History (4 events):
Event: 0.872 GC heap before
{Heap before GC invocations=0 (full 0):
 garbage-first heap   total 262144K, used 22528K [0x0000000701200000, 0x0000000800000000)
  region size 2048K, 11 young (22528K), 0 survivors (0K)
 Metaspace       used 3380K, committed 3520K, reserved 1056768K
  class space    used 381K, committed 448K, reserved 1048576K
}
Event: 0.877 GC heap after
{Heap after GC invocations=1 (full 0):
 garbage-first heap   total 262144K, used 9111K [0x0000000701200000, 0x0000000800000000)
  region size 2048K, 2 young (4096K), 2 survivors (4096K)
 Metaspace       used 3380K, committed 3520K, reserved 1056768K
  class space    used 381K, committed 448K, reserved 1048576K
}
Event: 1.742 GC heap before
{Heap before GC invocations=1 (full 0):
 garbage-first heap   total 262144K, used 35735K [0x0000000701200000, 0x0000000800000000)
  region size 2048K, 15 young (30720K), 2 survivors (4096K)
 Metaspace       used 8943K, committed 9088K, reserved 1064960K
  class space    used 1103K, committed 1152K, reserved 1048576K
}
Event: 1.746 GC heap after
{Heap after GC invocations=2 (full 0):
 garbage-first heap   total 262144K, used 11527K [0x0000000701200000, 0x0000000800000000)
  region size 2048K, 2 young (4096K), 2 survivors (4096K)
 Metaspace       used 8943K, committed 9088K, reserved 1064960K
  class space    used 1103K, committed 1152K, reserved 1048576K
}

Dll operation events (9 events):
Event: 0.025 Loaded shared library C:\Users\Dmitrii\.jdks\corretto-17.0.5\bin\java.dll
Event: 0.027 Loaded shared library C:\Users\Dmitrii\.jdks\corretto-17.0.5\bin\zip.dll
Event: 0.040 Loaded shared library C:\Users\Dmitrii\.jdks\corretto-17.0.5\bin\jsvml.dll
Event: 0.245 Loaded shared library C:\Users\Dmitrii\.jdks\corretto-17.0.5\bin\instrument.dll
Event: 0.266 Loaded shared library C:\Users\Dmitrii\.jdks\corretto-17.0.5\bin\net.dll
Event: 0.267 Loaded shared library C:\Users\Dmitrii\.jdks\corretto-17.0.5\bin\nio.dll
Event: 0.276 Loaded shared library C:\Users\Dmitrii\.jdks\corretto-17.0.5\bin\zip.dll
Event: 0.495 Loaded shared library C:\Users\Dmitrii\.jdks\corretto-17.0.5\bin\jimage.dll
Event: 0.752 Loaded shared library C:\Users\Dmitrii\.jdks\corretto-17.0.5\bin\verify.dll

Deoptimization events (20 events):
Event: 1.884 Thread 0x000002629245f240 DEOPT PACKING pc=0x000002629a7fc6cc sp=0x000000c34dbfc370
Event: 1.884 Thread 0x000002629245f240 DEOPT UNPACKING pc=0x0000026299f92b43 sp=0x000000c34dbfb860 mode 1
Event: 1.884 Thread 0x000002629245f240 DEOPT PACKING pc=0x000002629a831704 sp=0x000000c34dbfb880
Event: 1.885 Thread 0x000002629245f240 DEOPT UNPACKING pc=0x0000026299f92b43 sp=0x000000c34dbfad18 mode 1
Event: 1.885 Thread 0x000002629245f240 DEOPT PACKING pc=0x000002629a82ffdc sp=0x000000c34dbfb950
Event: 1.885 Thread 0x000002629245f240 DEOPT UNPACKING pc=0x0000026299f92b43 sp=0x000000c34dbfae08 mode 1
Event: 1.885 Thread 0x000002629245f240 DEOPT PACKING pc=0x000002629a7fc6cc sp=0x000000c34dbfc370
Event: 1.885 Thread 0x000002629245f240 DEOPT UNPACKING pc=0x0000026299f92b43 sp=0x000000c34dbfb860 mode 1
Event: 1.888 Thread 0x000002629245f240 DEOPT PACKING pc=0x000002629a831704 sp=0x000000c34dbfc0e0
Event: 1.888 Thread 0x000002629245f240 DEOPT UNPACKING pc=0x0000026299f92b43 sp=0x000000c34dbfb578 mode 1
Event: 1.888 Thread 0x000002629245f240 DEOPT PACKING pc=0x000002629a82ffdc sp=0x000000c34dbfc1b0
Event: 1.888 Thread 0x000002629245f240 DEOPT UNPACKING pc=0x0000026299f92b43 sp=0x000000c34dbfb668 mode 1
Event: 1.888 Thread 0x000002629245f240 DEOPT PACKING pc=0x000002629a7fc6cc sp=0x000000c34dbfcbd0
Event: 1.889 Thread 0x000002629245f240 DEOPT UNPACKING pc=0x0000026299f92b43 sp=0x000000c34dbfc0c0 mode 1
Event: 1.889 Thread 0x000002629245f240 DEOPT PACKING pc=0x000002629a831704 sp=0x000000c34dbfc0e0
Event: 1.889 Thread 0x000002629245f240 DEOPT UNPACKING pc=0x0000026299f92b43 sp=0x000000c34dbfb578 mode 1
Event: 1.889 Thread 0x000002629245f240 DEOPT PACKING pc=0x000002629a82ffdc sp=0x000000c34dbfc1b0
Event: 1.889 Thread 0x000002629245f240 DEOPT UNPACKING pc=0x0000026299f92b43 sp=0x000000c34dbfb668 mode 1
Event: 1.889 Thread 0x000002629245f240 DEOPT PACKING pc=0x000002629a7fc6cc sp=0x000000c34dbfcbd0
Event: 1.889 Thread 0x000002629245f240 DEOPT UNPACKING pc=0x0000026299f92b43 sp=0x000000c34dbfc0c0 mode 1

Classes unloaded (0 events):
No events

Classes redefined (0 events):
No events

Internal exceptions (20 events):
Event: 0.956 Thread 0x000002629245f240 Exception <a 'java/lang/NoSuchMethodError'{0x0000000710e1d790}: 'void java.lang.invoke.DirectMethodHandle$Holder.invokeInterface(java.lang.Object, java.lang.Object, java.lang.Object, java.lang.Object, java.lang.Object)'> (0x0000000710e1d790) 
thrown [s\src\hotspot\share\interpreter\linkResolver.cpp, line 759]
Event: 0.957 Thread 0x000002629245f240 Exception <a 'java/lang/IncompatibleClassChangeError'{0x0000000710e21708}: Found class java.lang.Object, but interface was expected> (0x0000000710e21708) 
thrown [s\src\hotspot\share\interpreter\linkResolver.cpp, line 826]
Event: 0.980 Thread 0x000002629245f240 Exception <a 'java/lang/NoSuchMethodError'{0x0000000710e6df40}: 'java.lang.Object java.lang.invoke.DirectMethodHandle$Holder.invokeStatic(java.lang.Object, java.lang.Object, int)'> (0x0000000710e6df40) 
thrown [s\src\hotspot\share\interpreter\linkResolver.cpp, line 759]
Event: 0.999 Thread 0x000002629245f240 Exception <a 'java/lang/NoSuchMethodError'{0x0000000710ec5770}: 'void java.lang.invoke.DirectMethodHandle$Holder.invokeSpecial(java.lang.Object, java.lang.Object, java.lang.Object, java.lang.Object, java.lang.Object)'> (0x0000000710ec5770) 
thrown [s\src\hotspot\share\interpreter\linkResolver.cpp, line 759]
Event: 1.013 Thread 0x000002629245f240 Exception <a 'java/lang/NoSuchMethodError'{0x0000000710f1e5b8}: 'void java.lang.invoke.DirectMethodHandle$Holder.invokeInterface(java.lang.Object, java.lang.Object, java.lang.Object, java.lang.Object)'> (0x0000000710f1e5b8) 
thrown [s\src\hotspot\share\interpreter\linkResolver.cpp, line 759]
Event: 1.013 Thread 0x000002629245f240 Exception <a 'java/lang/IncompatibleClassChangeError'{0x0000000710f21ee0}: Found class java.lang.Object, but interface was expected> (0x0000000710f21ee0) 
thrown [s\src\hotspot\share\interpreter\linkResolver.cpp, line 826]
Event: 1.017 Thread 0x000002629245f240 Exception <a 'java/lang/NoSuchMethodError'{0x0000000710f38ce8}: 'void java.lang.invoke.DirectMethodHandle$Holder.invokeStatic(java.lang.Object, java.lang.Object, java.lang.Object, java.lang.Object)'> (0x0000000710f38ce8) 
thrown [s\src\hotspot\share\interpreter\linkResolver.cpp, line 759]
Event: 1.022 Thread 0x000002629245f240 Exception <a 'java/lang/NoSuchMethodError'{0x0000000710f4a3d0}: 'java.lang.Object java.lang.invoke.DirectMethodHandle$Holder.newInvokeSpecial(java.lang.Object, java.lang.Object, int)'> (0x0000000710f4a3d0) 
thrown [s\src\hotspot\share\interpreter\linkResolver.cpp, line 759]
Event: 1.056 Thread 0x000002629245f240 Exception <a 'java/lang/NoSuchMethodError'{0x0000000710c25790}: 'java.lang.Object java.lang.invoke.Invokers$Holder.invokeExact_MT(java.lang.Object, java.lang.Object, java.lang.Object, java.lang.Object, java.lang.Object, java.lang.Object)'> (0x0000000710c25790) 
thrown [s\src\hotspot\share\interpreter\linkResolver.cpp, line 759]
Event: 1.058 Thread 0x000002629245f240 Exception <a 'java/lang/NoSuchMethodError'{0x0000000710c35da0}: 'int java.lang.invoke.DirectMethodHandle$Holder.invokeStatic(java.lang.Object, java.lang.Object, java.lang.Object, java.lang.Object, java.lang.Object)'> (0x0000000710c35da0) 
thrown [s\src\hotspot\share\interpreter\linkResolver.cpp, line 759]
Event: 1.070 Thread 0x000002629245f240 Exception <a 'java/lang/NoSuchMethodError'{0x0000000710c88680}: 'void java.lang.invoke.DirectMethodHandle$Holder.invokeStaticInit(java.lang.Object)'> (0x0000000710c88680) 
thrown [s\src\hotspot\share\interpreter\linkResolver.cpp, line 759]
Event: 1.107 Thread 0x000002629245f240 Exception <a 'java/lang/NoSuchMethodError'{0x0000000710da8880}: 'int java.lang.invoke.DirectMethodHandle$Holder.invokeStaticInit(java.lang.Object, java.lang.Object)'> (0x0000000710da8880) 
thrown [s\src\hotspot\share\interpreter\linkResolver.cpp, line 759]
Event: 1.223 Thread 0x000002629245f240 Exception <a 'java/lang/ClassNotFoundException'{0x00000007109a4ff0}: javax/smartcardio/CardPermission> (0x00000007109a4ff0) 
thrown [s\src\hotspot\share\classfile\systemDictionary.cpp, line 256]
Event: 1.227 Thread 0x000002629245f240 Exception <a 'java/io/FileNotFoundException'{0x00000007109b5b18}> (0x00000007109b5b18) 
thrown [s\src\hotspot\share\prims\jni.cpp, line 516]
Event: 1.326 Thread 0x000002629245f240 Exception <a 'java/lang/NoSuchMethodError'{0x00000007104f4a58}: 'org.slf4j.impl.StaticMDCBinder org.slf4j.impl.StaticMDCBinder.getSingleton()'> (0x00000007104f4a58) 
thrown [s\src\hotspot\share\interpreter\linkResolver.cpp, line 759]
Event: 1.344 Thread 0x000002629245f240 Exception <a 'java/lang/IncompatibleClassChangeError'{0x0000000710572ac8}: Found class java.lang.Object, but interface was expected> (0x0000000710572ac8) 
thrown [s\src\hotspot\share\interpreter\linkResolver.cpp, line 826]
Event: 1.368 Thread 0x000002629245f240 Exception <a 'java/lang/NoSuchMethodError'{0x000000071024d308}: 'int java.lang.invoke.DirectMethodHandle$Holder.invokeStaticInit(java.lang.Object, java.lang.Object, java.lang.Object)'> (0x000000071024d308) 
thrown [s\src\hotspot\share\interpreter\linkResolver.cpp, line 759]
Event: 1.387 Thread 0x000002629245f240 Implicit null exception at 0x00000262a1b5f058 to 0x00000262a1b5f0ee
Event: 1.397 Thread 0x000002629245f240 Exception <a 'java/lang/NoSuchMethodError'{0x0000000710362640}: 'int java.lang.invoke.DirectMethodHandle$Holder.invokeInterface(java.lang.Object, java.lang.Object)'> (0x0000000710362640) 
thrown [s\src\hotspot\share\interpreter\linkResolver.cpp, line 759]
Event: 1.690 Thread 0x000002629245f240 Exception <a 'java/lang/NoSuchMethodError'{0x000000070f7e1d08}: 'void java.lang.invoke.DirectMethodHandle$Holder.invokeVirtual(java.lang.Object, java.lang.Object, java.lang.Object, java.lang.Object)'> (0x000000070f7e1d08) 
thrown [s\src\hotspot\share\interpreter\linkResolver.cpp, line 759]

VM Operations (20 events):
Event: 1.230 Executing VM operation: HandshakeAllThreads
Event: 1.230 Executing VM operation: HandshakeAllThreads done
Event: 1.251 Executing VM operation: HandshakeAllThreads
Event: 1.251 Executing VM operation: HandshakeAllThreads done
Event: 1.300 Executing VM operation: HandshakeAllThreads
Event: 1.300 Executing VM operation: HandshakeAllThreads done
Event: 1.303 Executing VM operation: HandshakeAllThreads
Event: 1.303 Executing VM operation: HandshakeAllThreads done
Event: 1.401 Executing VM operation: HandshakeAllThreads
Event: 1.401 Executing VM operation: HandshakeAllThreads done
Event: 1.442 Executing VM operation: HandshakeAllThreads
Event: 1.442 Executing VM operation: HandshakeAllThreads done
Event: 1.493 Executing VM operation: ICBufferFull
Event: 1.493 Executing VM operation: ICBufferFull done
Event: 1.556 Executing VM operation: HandshakeAllThreads
Event: 1.556 Executing VM operation: HandshakeAllThreads done
Event: 1.613 Executing VM operation: HandshakeAllThreads
Event: 1.613 Executing VM operation: HandshakeAllThreads done
Event: 1.742 Executing VM operation: G1CollectForAllocation
Event: 1.746 Executing VM operation: G1CollectForAllocation done

Events (20 events):
Event: 1.889 loading class org/springframework/security/test/context/support/ReactorContextTestExecutionListener$1
Event: 1.889 loading class org/springframework/security/test/context/support/ReactorContextTestExecutionListener$1 done
Event: 1.890 loading class org/junit/jupiter/engine/execution/ExtensionValuesStore$MemoizingSupplier$Failure
Event: 1.890 loading class org/junit/jupiter/engine/execution/ExtensionValuesStore$MemoizingSupplier$Failure done
Event: 1.890 loading class org/springframework/test/annotation/DirtiesContext$ClassMode
Event: 1.890 loading class org/springframework/test/annotation/DirtiesContext$ClassMode done
Event: 1.891 loading class org/springframework/test/annotation/DirtiesContext
Event: 1.891 loading class org/springframework/test/annotation/DirtiesContext done
Event: 1.892 loading class org/springframework/core/style/ToStringCreator
Event: 1.892 loading class org/springframework/core/style/ToStringCreator done
Event: 1.892 loading class org/springframework/core/style/ToStringStyler
Event: 1.892 loading class org/springframework/core/style/ToStringStyler done
Event: 1.893 loading class org/springframework/core/style/DefaultToStringStyler
Event: 1.893 loading class org/springframework/core/style/DefaultToStringStyler done
Event: 1.893 loading class org/springframework/core/style/StylerUtils
Event: 1.893 loading class org/springframework/core/style/StylerUtils done
Event: 1.894 loading class org/springframework/core/style/ValueStyler
Event: 1.894 loading class org/springframework/core/style/ValueStyler done
Event: 1.894 loading class org/springframework/core/style/DefaultValueStyler
Event: 1.894 loading class org/springframework/core/style/DefaultValueStyler done


Dynamic libraries:
0x00007ff7443a0000 - 0x00007ff7443ad000 	C:\Users\Dmitrii\.jdks\corretto-17.0.5\bin\java.exe
0x00007ffdb1880000 - 0x00007ffdb1a6e000 	C:\Windows\SYSTEM32\ntdll.dll
0x00007ffdb1530000 - 0x00007ffdb15e3000 	C:\Windows\System32\KERNEL32.DLL
0x00007ffdae7c0000 - 0x00007ffdaea5c000 	C:\Windows\System32\KERNELBASE.dll
0x00007ffdae6c0000 - 0x00007ffdae7ba000 	C:\Windows\System32\ucrtbase.dll
0x00007ffda63d0000 - 0x00007ffda63e7000 	C:\Users\Dmitrii\.jdks\corretto-17.0.5\bin\jli.dll
0x00007ffda5ca0000 - 0x00007ffda5cb5000 	C:\Users\Dmitrii\.jdks\corretto-17.0.5\bin\VCRUNTIME140.dll
0x00007ffdb09f0000 - 0x00007ffdb0b88000 	C:\Windows\System32\USER32.dll
0x00007ffda0980000 - 0x00007ffda0bf9000 	C:\Windows\WinSxS\amd64_microsoft.windows.common-controls_6595b64144ccf1df_6.0.17763.4131_none_de70d21e534b9adf\COMCTL32.dll
0x00007ffdae500000 - 0x00007ffdae520000 	C:\Windows\System32\win32u.dll
0x00007ffdb1080000 - 0x00007ffdb111e000 	C:\Windows\System32\msvcrt.dll
0x00007ffdb14f0000 - 0x00007ffdb1519000 	C:\Windows\System32\GDI32.dll
0x00007ffdb0ba0000 - 0x00007ffdb0ecc000 	C:\Windows\System32\combase.dll
0x00007ffdadb50000 - 0x00007ffdadcf0000 	C:\Windows\System32\gdi32full.dll
0x00007ffdaf250000 - 0x00007ffdaf36d000 	C:\Windows\System32\RPCRT4.dll
0x00007ffdae460000 - 0x00007ffdae500000 	C:\Windows\System32\msvcp_win.dll
0x00007ffdae5d0000 - 0x00007ffdae652000 	C:\Windows\System32\bcryptPrimitives.dll
0x00007ffdb17c0000 - 0x00007ffdb17ee000 	C:\Windows\System32\IMM32.DLL
0x00007ffd9ca80000 - 0x00007ffd9cb1b000 	C:\Users\Dmitrii\.jdks\corretto-17.0.5\bin\msvcp140.dll
0x00007ffd3ef10000 - 0x00007ffd3fb24000 	C:\Users\Dmitrii\.jdks\corretto-17.0.5\bin\server\jvm.dll
0x00007ffdb1440000 - 0x00007ffdb14e7000 	C:\Windows\System32\ADVAPI32.dll
0x00007ffdb1720000 - 0x00007ffdb17bf000 	C:\Windows\System32\sechost.dll
0x00007ffdaa560000 - 0x00007ffdaa584000 	C:\Windows\SYSTEM32\WINMM.dll
0x00007ffda8a70000 - 0x00007ffda8a7a000 	C:\Windows\SYSTEM32\VERSION.dll
0x00007ffd97e50000 - 0x00007ffd97e59000 	C:\Windows\SYSTEM32\WSOCK32.dll
0x00007ffdb1190000 - 0x00007ffdb11fd000 	C:\Windows\System32\WS2_32.dll
0x00007ffdaa530000 - 0x00007ffdaa55d000 	C:\Windows\SYSTEM32\WINMMBASE.dll
0x00007ffdaea60000 - 0x00007ffdaeaaa000 	C:\Windows\System32\cfgmgr32.dll
0x00007ffdad900000 - 0x00007ffdad911000 	C:\Windows\System32\kernel.appcore.dll
0x00007ffda75c0000 - 0x00007ffda75ca000 	C:\Users\Dmitrii\.jdks\corretto-17.0.5\bin\jimage.dll
0x00007ffda79c0000 - 0x00007ffda7bad000 	C:\Windows\SYSTEM32\DBGHELP.DLL
0x00007ffda0950000 - 0x00007ffda097a000 	C:\Windows\SYSTEM32\dbgcore.DLL
0x00007ffda7700000 - 0x00007ffda7739000 	C:\Users\Dmitrii\.jdks\corretto-17.0.5\bin\jdwp.dll
0x00007ffda9950000 - 0x00007ffda995e000 	C:\Users\Dmitrii\.jdks\corretto-17.0.5\bin\instrument.dll
0x00007ffda2690000 - 0x00007ffda26b5000 	C:\Users\Dmitrii\.jdks\corretto-17.0.5\bin\java.dll
0x00007ffda10b0000 - 0x00007ffda10c8000 	C:\Users\Dmitrii\.jdks\corretto-17.0.5\bin\zip.dll
0x00007ffd84230000 - 0x00007ffd84306000 	C:\Users\Dmitrii\.jdks\corretto-17.0.5\bin\jsvml.dll
0x00007ffdaf440000 - 0x00007ffdb0938000 	C:\Windows\System32\SHELL32.dll
0x00007ffdb0940000 - 0x00007ffdb09e7000 	C:\Windows\System32\shcore.dll
0x00007ffdadd10000 - 0x00007ffdae459000 	C:\Windows\System32\windows.storage.dll
0x00007ffdad8b0000 - 0x00007ffdad8d3000 	C:\Windows\System32\profapi.dll
0x00007ffdad850000 - 0x00007ffdad8ad000 	C:\Windows\System32\powrprof.dll
0x00007ffdb1130000 - 0x00007ffdb1182000 	C:\Windows\System32\shlwapi.dll
0x00007ffdadcf0000 - 0x00007ffdadd0b000 	C:\Windows\System32\cryptsp.dll
0x00007ffda9910000 - 0x00007ffda991c000 	C:\Users\Dmitrii\.jdks\corretto-17.0.5\bin\dt_socket.dll
0x00007ffdacd70000 - 0x00007ffdacdad000 	C:\Windows\SYSTEM32\IPHLPAPI.DLL
0x00007ffdad050000 - 0x00007ffdad0b7000 	C:\Windows\system32\mswsock.dll
0x00007ffda2670000 - 0x00007ffda2689000 	C:\Users\Dmitrii\.jdks\corretto-17.0.5\bin\net.dll
0x00007ffda2370000 - 0x00007ffda246f000 	C:\Windows\SYSTEM32\WINHTTP.dll
0x00007ffda10e0000 - 0x00007ffda10f5000 	C:\Users\Dmitrii\.jdks\corretto-17.0.5\bin\nio.dll
0x00007ffda63c0000 - 0x00007ffda63d0000 	C:\Users\Dmitrii\.jdks\corretto-17.0.5\bin\verify.dll

dbghelp: loaded successfully - version: 4.0.5 - missing functions: none
symbol engine: initialized successfully - sym options: 0x614 - pdb path: .;C:\Users\Dmitrii\.jdks\corretto-17.0.5\bin;C:\Windows\SYSTEM32;C:\Windows\WinSxS\amd64_microsoft.windows.common-controls_6595b64144ccf1df_6.0.17763.4131_none_de70d21e534b9adf;C:\Users\Dmitrii\.jdks\corretto-17.0.5\bin\server

VM Arguments:
jvm_args: -agentlib:jdwp=transport=dt_socket,address=127.0.0.1:63391,suspend=y,server=n -ea -Didea.test.cyclic.buffer.size=1048576 -javaagent:C:\Users\Dmitrii\AppData\Local\JetBrains\IntelliJIdea2022.1\captureAgent\debugger-agent.jar -Dfile.encoding=UTF-8 
java_command: com.intellij.rt.junit.JUnitStarter -ideVersion5 -junit5 com.securityapi.controller.PanelControllerIntegrationTest,createNewTemplate_shouldCreateTemplateAndReturnStatusCREATED
java_class_path (initial): C:\Users\Dmitrii\.m2\repository\org\junit\platform\junit-platform-launcher\1.8.2\junit-platform-launcher-1.8.2.jar;C:\Users\Dmitrii\.m2\repository\org\junit\vintage\junit-vintage-engine\5.8.2\junit-vintage-engine-5.8.2.jar;C:\Program Files\JetBrains\IntelliJ IDEA 2022.1.2\lib\idea_rt.jar;C:\Program Files\JetBrains\IntelliJ IDEA 2022.1.2\plugins\junit\lib\junit5-rt.jar;C:\Program Files\JetBrains\IntelliJ IDEA 2022.1.2\plugins\junit\lib\junit-rt.jar;C:\workspace\securityapi\target\test-classes;C:\workspace\securityapi\target\classes;C:\Users\Dmitrii\.m2\repository\org\springframework\boot\spring-boot-starter-validation\2.7.9\spring-boot-starter-validation-2.7.9.jar;C:\Users\Dmitrii\.m2\repository\org\springframework\boot\spring-boot-starter\2.7.9\spring-boot-starter-2.7.9.jar;C:\Users\Dmitrii\.m2\repository\org\springframework\boot\spring-boot\2.7.9\spring-boot-2.7.9.jar;C:\Users\Dmitrii\.m2\repository\org\springframework\boot\spring-boot-autoconfigure\2.7.9\spring-boot-autoconfigure-2.7.9.jar;C:\Users\Dmitrii\.m2\repository\org\springframework\boot\spring-boot-starter-logging\2.7.9\spring-boot-starter-logging-2.7.9.jar;C:\Users\Dmitrii\.m2\repository\org\apache\logging\log4j\log4j-to-slf4j\2.17.2\log4j-to-slf4j-2.17.2.jar;C:\Users\Dmitrii\.m2\repository\org\apache\logging\log4j\log4j-api\2.17.2\log4j-api-2.17.2.jar;C:\Users\Dmitrii\.m2\repository\org\slf4j\jul-to-slf4j\1.7.36\jul-to-slf4j-1.7.36.jar;C:\Users\Dmitrii\.m2\repository\jakarta\annotation\jakarta.annotation-api\1.3.5\jakarta.annotation-api-1.3.5.jar;C:\Users\Dmitrii\.m2\repository\org\yaml\snakeyaml\1.30\snakeyaml-1.30.jar;C:\Users\Dmitrii\.m2\repository\org\apache\tomcat\embed\tomcat-embed-el\9.0.71\tomcat-embed-el-9.0.71.jar;C:\Users\Dmitrii\.m2\repository\org\hibernate\validator\hibernate-validator\6.2.5.Final\hibernate-validator-6.2.5.Final.jar;C:\Users\Dmitrii\.m2\repository\jakarta\validation\jakarta.validation-api\2.0.2\jakarta.validation-api-2.0.2.jar;C:\Users\Dmitrii\.
Launcher Type: SUN_STANDARD

[Global flags]
     intx CICompilerCount                          = 12                                        {product} {ergonomic}
     uint ConcGCThreads                            = 3                                         {product} {ergonomic}
     uint G1ConcRefinementThreads                  = 13                                        {product} {ergonomic}
   size_t G1HeapRegionSize                         = 2097152                                   {product} {ergonomic}
    uintx GCDrainStackTargetSize                   = 64                                        {product} {ergonomic}
   size_t InitialHeapSize                          = 268435456                                 {product} {ergonomic}
   size_t MarkStackSize                            = 4194304                                   {product} {ergonomic}
   size_t MaxHeapSize                              = 4276092928                                {product} {ergonomic}
   size_t MaxNewSize                               = 2564816896                                {product} {ergonomic}
   size_t MinHeapDeltaBytes                        = 2097152                                   {product} {ergonomic}
   size_t MinHeapSize                              = 8388608                                   {product} {ergonomic}
    uintx NonNMethodCodeHeapSize                   = 7602480                                {pd product} {ergonomic}
    uintx NonProfiledCodeHeapSize                  = 122027880                              {pd product} {ergonomic}
    uintx ProfiledCodeHeapSize                     = 122027880                              {pd product} {ergonomic}
    uintx ReservedCodeCacheSize                    = 251658240                              {pd product} {ergonomic}
     bool SegmentedCodeCache                       = true                                      {product} {ergonomic}
   size_t SoftMaxHeapSize                          = 4276092928                             {manageable} {ergonomic}
     bool UseCompressedClassPointers               = true                           {product lp64_product} {ergonomic}
     bool UseCompressedOops                        = true                           {product lp64_product} {ergonomic}
     bool UseG1GC                                  = true                                      {product} {ergonomic}
     bool UseLargePagesIndividualAllocation        = false                                  {pd product} {ergonomic}

Logging:
Log output configuration:
 #0: stdout all=warning uptime,level,tags
 #1: stderr all=off uptime,level,tags

Environment Variables:
JAVA_HOME=C:\Java\jdk8
PATH=C:\Windows\system32;C:\Windows;C:\Windows\System32\Wbem;C:\Windows\System32\WindowsPowerShell\v1.0\;C:\Windows\System32\OpenSSH\;C:\Program Files (x86)\Common Files\Acronis\SnapAPI\;C:\Program Files (x86)\mingw-w64\i686-8.1.0-posix-dwarf-rt_v6-rev0\mingw32\bin;C:\Program Files\PuTTY\;C:\Program Files\dotnet\;C:\Users\Dmitrii\AppData\Roaming\nvm;C:\Program Files\nodejs;C:\Program Files (x86)\Yarn\bin\;C:\Java\jdk8\bin;C:\Program Files\PostgreSQL\14\bin;C:\Program Files\Git\cmd;C:\Program Files\Docker\Docker\resources\bin;C:\ProgramData\DockerDesktop\version-bin;C:\backendTools\apache-maven-3.9.0\bin;C:\Users\Dmitrii\AppData\Local\Microsoft\WindowsApps;E:\visualstudioncodeF\Microsoft VS Code\bin;C:\Users\Dmitrii\AppData\Local\Programs\Python\Python38-32\Scripts;C:\ProgramData\Dmitrii\atom\bin;C:\Program Files\JetBrains\WebStorm 2021.1.1\bin;C:\Program Files\JetBrains\JetBrains Rider 2021.2.2\bin;C:\Users\Dmitrii\.dotnet\tools;C:\Program Files\JetBrains\PyCharm 2021.2.3\bin;C:\Program Files\JetBrains\PhpStorm 2021.2.3\bin;C:\Program Files\JetBrains\GoLand 2021.2.4\bin;C:\Program Files\JetBrains\DataGrip 2021.2.4\bin;C:\Program Files\JetBrains\CLion 2021.2.3\bin;C:\Program Files\JetBrains\IntelliJ IDEA 2021.2.3\bin;E:\cliheroku\heroku\bin;C:\Users\Dmitrii\AppData\Roaming\nvm;C:\Program Files\nodejs;C:\Users\Dmitrii\AppData\Local\Yarn\bin;C:\Users\Dmitrii\AppData\Local\JetBrains\Toolbox\scripts
USERNAME=Dmitrii
OS=Windows_NT
PROCESSOR_IDENTIFIER=Intel64 Family 6 Model 62 Stepping 4, GenuineIntel
TMP=C:\Users\Dmitrii\AppData\Local\Temp
TEMP=C:\Users\Dmitrii\AppData\Local\Temp



---------------  S Y S T E M  ---------------

OS:
 Windows 10 , 64 bit Build 17763 (10.0.17763.4131)
OS uptime: 0 days 6:09 hours
Hyper-V role detected

CPU: total 16 (initial active 16) (8 cores per cpu, 2 threads per core) family 6 model 62 stepping 4 microcode 0x42e, cx8, cmov, fxsr, ht, mmx, sse, sse2, sse3, ssse3, sse4.1, sse4.2, popcnt, tsc, tscinvbit, avx, aes, erms, clmul, vzeroupper, clflush, hv

Memory: 4k page, system-wide physical 16304M (654M free)
TotalPageFile size 20400M (AvailPageFile size 8M)
current process WorkingSet (physical memory assigned to process): 137M, peak: 142M
current process commit charge ("private bytes"): 416M, peak: 423M

vm_info: OpenJDK 64-Bit Server VM (17.0.5+8-LTS) for windows-amd64 JRE (17.0.5+8-LTS), built on Oct 13 2022 05:18:14 by "Administrator" with MS VC++ 15.9 (VS2017)

END.
