#
# There is insufficient memory for the Java Runtime Environment to continue.
# Native memory allocation (malloc) failed to allocate 3748016 bytes for Chunk::new
# Possible reasons:
#   The system is out of physical RAM or swap space
#   The process is running with CompressedOops enabled, and the Java Heap may be blocking the growth of the native heap
# Possible solutions:
#   Reduce memory load on the system
#   Increase physical memory or swap space
#   Check if swap backing store is full
#   Decrease Java heap size (-Xmx/-Xms)
#   Decrease number of Java threads
#   Decrease Java thread stack sizes (-Xss)
#   Set larger code cache with -XX:ReservedCodeCacheSize=
#   JVM is running with Zero Based Compressed Oops mode in which the Java heap is
#     placed in the first 32GB address space. The Java Heap base address is the
#     maximum limit for the native heap growth. Please use -XX:HeapBaseMinAddress
#     to set the Java Heap base and to place the Java Heap above 32GB virtual address.
# This output file may be truncated or incomplete.
#
#  Out of Memory Error (arena.cpp:189), pid=16888, tid=14996
#
# JRE version: OpenJDK Runtime Environment Corretto-17.0.5.8.1 (17.0.5+8) (build 17.0.5+8-LTS)
# Java VM: OpenJDK 64-Bit Server VM Corretto-17.0.5.8.1 (17.0.5+8-LTS, mixed mode, sharing, tiered, compressed oops, compressed class ptrs, g1 gc, windows-amd64)
# No core dump will be written. Minidumps are not enabled by default on client versions of Windows
#

---------------  S U M M A R Y ------------

Command Line: -agentlib:jdwp=transport=dt_socket,address=127.0.0.1:63332,suspend=y,server=n -ea -Didea.test.cyclic.buffer.size=1048576 -javaagent:C:\Users\Dmitrii\AppData\Local\JetBrains\IntelliJIdea2022.1\captureAgent\debugger-agent.jar -Dfile.encoding=UTF-8 com.intellij.rt.junit.JUnitStarter -ideVersion5 -junit5 com.securityapi.controller.PanelControllerIntegrationTest,createNewTemplate_shouldCreateTemplateAndReturnStatusCREATED

Host: Intel(R) Xeon(R) CPU E5-2650 v2 @ 2.60GHz, 16 cores, 15G,  Windows 10 , 64 bit Build 17763 (10.0.17763.4131)
Time: Fri Mar 31 23:16:25 2023 FLE Daylight Time elapsed time: 16.864024 seconds (0d 0h 0m 16s)

---------------  T H R E A D  ---------------

Current thread (0x0000022e1db64cf0):  JavaThread "C2 CompilerThread1" daemon [_thread_in_native, id=14996, stack(0x000000a46cb00000,0x000000a46cc00000)]


Current CompileTask:
C2:  16864 7823   !   4       java.lang.reflect.Executable::declaredAnnotations (85 bytes)

Stack: [0x000000a46cb00000,0x000000a46cc00000]
Native frames: (J=compiled Java code, j=interpreted, Vv=VM code, C=native code)
V  [jvm.dll+0x646e0a]
V  [jvm.dll+0x7f7f14]
V  [jvm.dll+0x7f96ce]
V  [jvm.dll+0x7f9d23]
V  [jvm.dll+0x234c98]
V  [jvm.dll+0xbccfc]
V  [jvm.dll+0xbd2dc]
V  [jvm.dll+0x34d6d2]
V  [jvm.dll+0x1aff30]
V  [jvm.dll+0x20938f]
V  [jvm.dll+0x208837]
V  [jvm.dll+0x198a9d]
V  [jvm.dll+0x217bdd]
V  [jvm.dll+0x215e24]
V  [jvm.dll+0x7b06ab]
V  [jvm.dll+0x7aac5a]
V  [jvm.dll+0x645cd5]
C  [ucrtbase.dll+0x2268a]
C  [KERNEL32.DLL+0x17ab4]
C  [ntdll.dll+0x5a351]


---------------  P R O C E S S  ---------------

Threads class SMR info:
_java_thread_list=0x0000022e26920920, length=41, elements={
0x0000022e72a508c0, 0x0000022e7f10cd50, 0x0000022e7f10dbc0, 0x0000022e7f127f90,
0x0000022e7f12a960, 0x0000022e7f12b520, 0x0000022e7f12cee0, 0x0000022e7f12fc90,
0x0000022e7f13c050, 0x0000022e7f150e30, 0x0000022e7f6e3380, 0x0000022e7f756d30,
0x0000022e7f757590, 0x0000022e7f7fe160, 0x0000022e7f8c8d90, 0x0000022e7f8ca620,
0x0000022e7f809bf0, 0x0000022e1aa72710, 0x0000022e1aa70a30, 0x0000022e1aa72be0,
0x0000022e1aa73580, 0x0000022e1aa730b0, 0x0000022e1aa70f00, 0x0000022e1aa713d0,
0x0000022e1aa73a50, 0x0000022e1aa73f20, 0x0000022e1aa71d70, 0x0000022e1aaf8560,
0x0000022e1aafd260, 0x0000022e1aafcd90, 0x0000022e1aafe5a0, 0x0000022e1aafdc00,
0x0000022e1aaf8090, 0x0000022e1aafea70, 0x0000022e1aafb580, 0x0000022e1aaf98a0,
0x0000022e1aafd730, 0x0000022e1aafc8c0, 0x0000022e1db64cf0, 0x0000022e1aaf9d70,
0x0000022e1aaf76f0
}

Java Threads: ( => current thread )
  0x0000022e72a508c0 JavaThread "main" [_thread_blocked, id=12168, stack(0x000000a46b800000,0x000000a46b900000)]
  0x0000022e7f10cd50 JavaThread "Reference Handler" daemon [_thread_blocked, id=17004, stack(0x000000a46bf00000,0x000000a46c000000)]
  0x0000022e7f10dbc0 JavaThread "Finalizer" daemon [_thread_blocked, id=15592, stack(0x000000a46c000000,0x000000a46c100000)]
  0x0000022e7f127f90 JavaThread "Signal Dispatcher" daemon [_thread_blocked, id=14848, stack(0x000000a46c100000,0x000000a46c200000)]
  0x0000022e7f12a960 JavaThread "Attach Listener" daemon [_thread_blocked, id=10760, stack(0x000000a46c200000,0x000000a46c300000)]
  0x0000022e7f12b520 JavaThread "Service Thread" daemon [_thread_blocked, id=11576, stack(0x000000a46c300000,0x000000a46c400000)]
  0x0000022e7f12cee0 JavaThread "Monitor Deflation Thread" daemon [_thread_blocked, id=15292, stack(0x000000a46c400000,0x000000a46c500000)]
  0x0000022e7f12fc90 JavaThread "C2 CompilerThread0" daemon [_thread_in_native, id=17060, stack(0x000000a46c500000,0x000000a46c600000)]
  0x0000022e7f13c050 JavaThread "C1 CompilerThread0" daemon [_thread_blocked, id=15212, stack(0x000000a46c600000,0x000000a46c700000)]
  0x0000022e7f150e30 JavaThread "Sweeper thread" daemon [_thread_blocked, id=9036, stack(0x000000a46c700000,0x000000a46c800000)]
  0x0000022e7f6e3380 JavaThread "Common-Cleaner" daemon [_thread_blocked, id=17228, stack(0x000000a46c800000,0x000000a46c900000)]
  0x0000022e7f756d30 JavaThread "C1 CompilerThread1" daemon [_thread_blocked, id=15452, stack(0x000000a46c900000,0x000000a46ca00000)]
  0x0000022e7f757590 JavaThread "C1 CompilerThread2" daemon [_thread_blocked, id=7528, stack(0x000000a46ca00000,0x000000a46cb00000)]
  0x0000022e7f7fe160 JavaThread "JDWP Transport Listener: dt_socket" daemon [_thread_blocked, id=17360, stack(0x000000a46cc00000,0x000000a46cd00000)]
  0x0000022e7f8c8d90 JavaThread "JDWP Event Helper Thread" daemon [_thread_blocked, id=12144, stack(0x000000a46cd00000,0x000000a46ce00000)]
  0x0000022e7f8ca620 JavaThread "JDWP Command Reader" daemon [_thread_in_native, id=14384, stack(0x000000a46ce00000,0x000000a46cf00000)]
  0x0000022e7f809bf0 JavaThread "Notification Thread" daemon [_thread_blocked, id=4756, stack(0x000000a46cf00000,0x000000a46d000000)]
  0x0000022e1aa72710 JavaThread "ducttape-0" daemon [_thread_blocked, id=16312, stack(0x000000a46dd00000,0x000000a46de00000)]
  0x0000022e1aa70a30 JavaThread "Thread-3" daemon [_thread_in_native, id=15408, stack(0x000000a46e000000,0x000000a46e100000)]
  0x0000022e1aa72be0 JavaThread "Thread-4" daemon [_thread_in_native, id=5548, stack(0x000000a46e100000,0x000000a46e200000)]
  0x0000022e1aa73580 JavaThread "Thread-5" daemon [_thread_in_native, id=5056, stack(0x000000a46e200000,0x000000a46e300000)]
  0x0000022e1aa730b0 JavaThread "Thread-6" daemon [_thread_in_native, id=16196, stack(0x000000a46e300000,0x000000a46e400000)]
  0x0000022e1aa70f00 JavaThread "Thread-7" daemon [_thread_in_native, id=14376, stack(0x000000a46e400000,0x000000a46e500000)]
  0x0000022e1aa713d0 JavaThread "Thread-8" daemon [_thread_in_native, id=3892, stack(0x000000a46e500000,0x000000a46e600000)]
  0x0000022e1aa73a50 JavaThread "Thread-9" daemon [_thread_in_native, id=7960, stack(0x000000a46e600000,0x000000a46e700000)]
  0x0000022e1aa73f20 JavaThread "Thread-10" daemon [_thread_in_native, id=16652, stack(0x000000a46e700000,0x000000a46e800000)]
  0x0000022e1aa71d70 JavaThread "Thread-11" daemon [_thread_in_native, id=14900, stack(0x000000a46e800000,0x000000a46e900000)]
  0x0000022e1aaf8560 JavaThread "Thread-12" daemon [_thread_in_native, id=16576, stack(0x000000a46e900000,0x000000a46ea00000)]
  0x0000022e1aafd260 JavaThread "Thread-13" daemon [_thread_in_native, id=16580, stack(0x000000a46ea00000,0x000000a46eb00000)]
  0x0000022e1aafcd90 JavaThread "Thread-14" daemon [_thread_in_native, id=12704, stack(0x000000a46eb00000,0x000000a46ec00000)]
  0x0000022e1aafe5a0 JavaThread "Thread-15" daemon [_thread_in_native, id=11312, stack(0x000000a46ec00000,0x000000a46ed00000)]
  0x0000022e1aafdc00 JavaThread "Thread-16" daemon [_thread_in_native, id=15840, stack(0x000000a46ed00000,0x000000a46ee00000)]
  0x0000022e1aaf8090 JavaThread "Thread-17" daemon [_thread_in_native, id=12128, stack(0x000000a46ee00000,0x000000a46ef00000)]
  0x0000022e1aafea70 JavaThread "Thread-18" daemon [_thread_in_native, id=9848, stack(0x000000a46ef00000,0x000000a46f000000)]
  0x0000022e1aafb580 JavaThread "Thread-19" daemon [_thread_in_native, id=15648, stack(0x000000a46f000000,0x000000a46f100000)]
  0x0000022e1aaf98a0 JavaThread "testcontainers-ryuk" daemon [_thread_blocked, id=11544, stack(0x000000a46f300000,0x000000a46f400000)]
  0x0000022e1aafd730 JavaThread "Thread-22" daemon [_thread_blocked, id=12616, stack(0x000000a46f500000,0x000000a46f600000)]
  0x0000022e1aafc8c0 JavaThread "Thread-23" daemon [_thread_blocked, id=15260, stack(0x000000a46f600000,0x000000a46f700000)]
=>0x0000022e1db64cf0 JavaThread "C2 CompilerThread1" daemon [_thread_in_native, id=14996, stack(0x000000a46cb00000,0x000000a46cc00000)]
  0x0000022e1aaf9d70 JavaThread "HikariPool-1 housekeeper" daemon [_thread_blocked, id=8320, stack(0x000000a46f100000,0x000000a46f200000)]
  0x0000022e1aaf76f0 JavaThread "SentryHostnameCache-0" daemon [_thread_in_native, id=15776, stack(0x000000a46f200000,0x000000a46f300000)]

Other Threads:
  0x0000022e7f10a160 VMThread "VM Thread" [stack: 0x000000a46be00000,0x000000a46bf00000] [id=4888]
  0x0000022e7f750100 WatcherThread [stack: 0x000000a46d000000,0x000000a46d100000] [id=11056]
  0x0000022e72ac4ee0 GCTaskThread "GC Thread#0" [stack: 0x000000a46b900000,0x000000a46ba00000] [id=9732]
  0x0000022e7f113c80 GCTaskThread "GC Thread#1" [stack: 0x000000a46d200000,0x000000a46d300000] [id=16672]
  0x0000022e7f1141e0 GCTaskThread "GC Thread#2" [stack: 0x000000a46d300000,0x000000a46d400000] [id=17104]
  0x0000022e7f114ca0 GCTaskThread "GC Thread#3" [stack: 0x000000a46d400000,0x000000a46d500000] [id=15500]
  0x0000022e7f1139d0 GCTaskThread "GC Thread#4" [stack: 0x000000a46d500000,0x000000a46d600000] [id=14736]
  0x0000022e7f114f50 GCTaskThread "GC Thread#5" [stack: 0x000000a46d600000,0x000000a46d700000] [id=17268]
  0x0000022e7f115200 GCTaskThread "GC Thread#6" [stack: 0x000000a46d700000,0x000000a46d800000] [id=16952]
  0x0000022e7f114490 GCTaskThread "GC Thread#7" [stack: 0x000000a46d800000,0x000000a46d900000] [id=14812]
  0x0000022e7f113720 GCTaskThread "GC Thread#8" [stack: 0x000000a46d900000,0x000000a46da00000] [id=17332]
  0x0000022e1ab37b60 GCTaskThread "GC Thread#9" [stack: 0x000000a46d100000,0x000000a46d200000] [id=15616]
  0x0000022e1ab3a660 GCTaskThread "GC Thread#10" [stack: 0x000000a46da00000,0x000000a46db00000] [id=15848]
  0x0000022e1ab37e10 GCTaskThread "GC Thread#11" [stack: 0x000000a46db00000,0x000000a46dc00000] [id=7664]
  0x0000022e1ab37350 GCTaskThread "GC Thread#12" [stack: 0x000000a46dc00000,0x000000a46dd00000] [id=15756]
  0x0000022e72ad5cf0 ConcurrentGCThread "G1 Main Marker" [stack: 0x000000a46ba00000,0x000000a46bb00000] [id=14832]
  0x0000022e72ad72d0 ConcurrentGCThread "G1 Conc#0" [stack: 0x000000a46bb00000,0x000000a46bc00000] [id=6548]
  0x0000022e1ab3a910 ConcurrentGCThread "G1 Conc#1" [stack: 0x000000a46de00000,0x000000a46df00000] [id=15912]
  0x0000022e1ab3abc0 ConcurrentGCThread "G1 Conc#2" [stack: 0x000000a46df00000,0x000000a46e000000] [id=12148]
  0x0000022e72afe4e0 ConcurrentGCThread "G1 Refine#0" [stack: 0x000000a46bc00000,0x000000a46bd00000] [id=16756]
  0x0000022e7f043280 ConcurrentGCThread "G1 Service" [stack: 0x000000a46bd00000,0x000000a46be00000] [id=17296]

Threads with active compile tasks:
C2 CompilerThread0    16898 7528       4       org.springframework.aop.support.MethodMatchers$UnionMethodMatcher::matches (50 bytes)
C2 CompilerThread1    16898 7823   !   4       java.lang.reflect.Executable::declaredAnnotations (85 bytes)

VM state: not at safepoint (normal execution)

VM Mutex/Monitor currently owned by a thread: None

Heap address: 0x0000000701200000, size: 4078 MB, Compressed Oops mode: Zero based, Oop shift amount: 3

CDS archive(s) mapped at: [0x0000000800000000-0x0000000800bc0000-0x0000000800bc0000), size 12320768, SharedBaseAddress: 0x0000000800000000, ArchiveRelocationMode: 0.
Compressed class space mapped at: 0x0000000800c00000-0x0000000840c00000, reserved size: 1073741824
Narrow klass base: 0x0000000800000000, Narrow klass shift: 0, Narrow klass range: 0x100000000

GC Precious Log:
 CPUs: 16 total, 16 available
 Memory: 16304M
 Large Page Support: Disabled
 NUMA Support: Disabled
 Compressed Oops: Enabled (Zero based)
 Heap Region Size: 2M
 Heap Min Capacity: 8M
 Heap Initial Capacity: 256M
 Heap Max Capacity: 4078M
 Pre-touch: Disabled
 Parallel Workers: 13
 Concurrent Workers: 3
 Concurrent Refinement Workers: 13
 Periodic GC: Disabled

Heap:
 garbage-first heap   total 106496K, used 57994K [0x0000000701200000, 0x0000000800000000)
  region size 2048K, 11 young (22528K), 2 survivors (4096K)
 Metaspace       used 77362K, committed 77760K, reserved 1122304K
  class space    used 10528K, committed 10688K, reserved 1048576K

Heap Regions: E=young(eden), S=young(survivor), O=old, HS=humongous(starts), HC=humongous(continues), CS=collection set, F=free, OA=open archive, CA=closed archive, TAMS=top-at-mark-start (previous, next)
|   0|0x0000000701200000, 0x0000000701400000, 0x0000000701400000|100%|HS|  |TAMS 0x0000000701400000, 0x0000000701200000| Complete 
|   1|0x0000000701400000, 0x0000000701600000, 0x0000000701600000|100%| O|  |TAMS 0x0000000701600000, 0x0000000701400000| Untracked 
|   2|0x0000000701600000, 0x0000000701800000, 0x0000000701800000|100%| O|  |TAMS 0x0000000701800000, 0x0000000701600000| Untracked 
|   3|0x0000000701800000, 0x0000000701a00000, 0x0000000701a00000|100%| O|  |TAMS 0x0000000701a00000, 0x0000000701800000| Untracked 
|   4|0x0000000701a00000, 0x0000000701c00000, 0x0000000701c00000|100%| O|  |TAMS 0x0000000701c00000, 0x0000000701a00000| Untracked 
|   5|0x0000000701c00000, 0x0000000701e00000, 0x0000000701e00000|100%| O|  |TAMS 0x0000000701e00000, 0x0000000701c00000| Untracked 
|   6|0x0000000701e00000, 0x0000000702000000, 0x0000000702000000|100%| O|  |TAMS 0x0000000702000000, 0x0000000701e00000| Untracked 
|   7|0x0000000702000000, 0x0000000702200000, 0x0000000702200000|100%| O|  |TAMS 0x0000000702200000, 0x0000000702000000| Untracked 
|   8|0x0000000702200000, 0x0000000702400000, 0x0000000702400000|100%| O|  |TAMS 0x0000000702400000, 0x0000000702200000| Untracked 
|   9|0x0000000702400000, 0x0000000702600000, 0x0000000702600000|100%| O|  |TAMS 0x0000000702600000, 0x0000000702400000| Untracked 
|  10|0x0000000702600000, 0x0000000702800000, 0x0000000702800000|100%| O|  |TAMS 0x0000000702800000, 0x0000000702600000| Untracked 
|  11|0x0000000702800000, 0x0000000702a00000, 0x0000000702a00000|100%| O|  |TAMS 0x0000000702a00000, 0x0000000702800000| Untracked 
|  12|0x0000000702a00000, 0x0000000702c00000, 0x0000000702c00000|100%| O|  |TAMS 0x0000000702c00000, 0x0000000702a00000| Untracked 
|  13|0x0000000702c00000, 0x0000000702e00000, 0x0000000702e00000|100%| O|  |TAMS 0x0000000702d5c400, 0x0000000702c00000| Untracked 
|  14|0x0000000702e00000, 0x0000000703000000, 0x0000000703000000|100%| O|  |TAMS 0x0000000702e00000, 0x0000000702e00000| Untracked 
|  15|0x0000000703000000, 0x0000000703200000, 0x0000000703200000|100%| O|  |TAMS 0x0000000703000000, 0x0000000703000000| Untracked 
|  16|0x0000000703200000, 0x0000000703400000, 0x0000000703400000|100%| O|  |TAMS 0x0000000703200000, 0x0000000703200000| Untracked 
|  17|0x0000000703400000, 0x0000000703600000, 0x0000000703600000|100%| O|  |TAMS 0x0000000703400000, 0x0000000703400000| Untracked 
|  18|0x0000000703600000, 0x0000000703760a00, 0x0000000703800000| 68%| O|  |TAMS 0x0000000703600000, 0x0000000703600000| Untracked 
|  19|0x0000000703800000, 0x0000000703800000, 0x0000000703a00000|  0%| F|  |TAMS 0x0000000703800000, 0x0000000703800000| Untracked 
|  20|0x0000000703a00000, 0x0000000703a00000, 0x0000000703c00000|  0%| F|  |TAMS 0x0000000703a00000, 0x0000000703a00000| Untracked 
|  21|0x0000000703c00000, 0x0000000703c00000, 0x0000000703e00000|  0%| F|  |TAMS 0x0000000703c00000, 0x0000000703c00000| Untracked 
|  22|0x0000000703e00000, 0x0000000703e00000, 0x0000000704000000|  0%| F|  |TAMS 0x0000000703e00000, 0x0000000703e00000| Untracked 
|  23|0x0000000704000000, 0x0000000704000000, 0x0000000704200000|  0%| F|  |TAMS 0x0000000704000000, 0x0000000704000000| Untracked 
|  24|0x0000000704200000, 0x0000000704200000, 0x0000000704400000|  0%| F|  |TAMS 0x0000000704200000, 0x0000000704200000| Untracked 
|  25|0x0000000704400000, 0x0000000704400000, 0x0000000704600000|  0%| F|  |TAMS 0x0000000704400000, 0x0000000704400000| Untracked 
|  26|0x0000000704600000, 0x0000000704600000, 0x0000000704800000|  0%| F|  |TAMS 0x0000000704600000, 0x0000000704600000| Untracked 
|  27|0x0000000704800000, 0x0000000704800000, 0x0000000704a00000|  0%| F|  |TAMS 0x0000000704800000, 0x0000000704800000| Untracked 
|  28|0x0000000704a00000, 0x0000000704a00000, 0x0000000704c00000|  0%| F|  |TAMS 0x0000000704a00000, 0x0000000704a00000| Untracked 
|  29|0x0000000704c00000, 0x0000000704d42160, 0x0000000704e00000| 62%| S|CS|TAMS 0x0000000704c00000, 0x0000000704c00000| Complete 
|  30|0x0000000704e00000, 0x0000000705000000, 0x0000000705000000|100%| S|CS|TAMS 0x0000000704e00000, 0x0000000704e00000| Complete 
|  31|0x0000000705000000, 0x0000000705000000, 0x0000000705200000|  0%| F|  |TAMS 0x0000000705000000, 0x0000000705000000| Untracked 
|  32|0x0000000705200000, 0x0000000705200000, 0x0000000705400000|  0%| F|  |TAMS 0x0000000705200000, 0x0000000705200000| Untracked 
|  33|0x0000000705400000, 0x0000000705400000, 0x0000000705600000|  0%| F|  |TAMS 0x0000000705400000, 0x0000000705400000| Untracked 
|  34|0x0000000705600000, 0x0000000705600000, 0x0000000705800000|  0%| F|  |TAMS 0x0000000705600000, 0x0000000705600000| Untracked 
|  35|0x0000000705800000, 0x0000000705800000, 0x0000000705a00000|  0%| F|  |TAMS 0x0000000705800000, 0x0000000705800000| Untracked 
|  36|0x0000000705a00000, 0x0000000705a00000, 0x0000000705c00000|  0%| F|  |TAMS 0x0000000705a00000, 0x0000000705a00000| Untracked 
|  37|0x0000000705c00000, 0x0000000705c00000, 0x0000000705e00000|  0%| F|  |TAMS 0x0000000705c00000, 0x0000000705c00000| Untracked 
|  38|0x0000000705e00000, 0x0000000705e00000, 0x0000000706000000|  0%| F|  |TAMS 0x0000000705e00000, 0x0000000705e00000| Untracked 
|  39|0x0000000706000000, 0x0000000706000000, 0x0000000706200000|  0%| F|  |TAMS 0x0000000706000000, 0x0000000706000000| Untracked 
|  40|0x0000000706200000, 0x0000000706200000, 0x0000000706400000|  0%| F|  |TAMS 0x0000000706200000, 0x0000000706200000| Untracked 
|  41|0x0000000706400000, 0x0000000706400000, 0x0000000706600000|  0%| F|  |TAMS 0x0000000706400000, 0x0000000706400000| Untracked 
|  42|0x0000000706600000, 0x0000000706600000, 0x0000000706800000|  0%| F|  |TAMS 0x0000000706600000, 0x0000000706600000| Untracked 
|  43|0x0000000706800000, 0x00000007069c7a18, 0x0000000706a00000| 88%| E|  |TAMS 0x0000000706800000, 0x0000000706800000| Complete 
|  44|0x0000000706a00000, 0x0000000706c00000, 0x0000000706c00000|100%| E|CS|TAMS 0x0000000706a00000, 0x0000000706a00000| Complete 
|  45|0x0000000706c00000, 0x0000000706e00000, 0x0000000706e00000|100%| E|CS|TAMS 0x0000000706c00000, 0x0000000706c00000| Complete 
|  46|0x0000000706e00000, 0x0000000707000000, 0x0000000707000000|100%| E|CS|TAMS 0x0000000706e00000, 0x0000000706e00000| Complete 
|  87|0x000000070c000000, 0x000000070c200000, 0x000000070c200000|100%| E|CS|TAMS 0x000000070c000000, 0x000000070c000000| Complete 
|  88|0x000000070c200000, 0x000000070c400000, 0x000000070c400000|100%| E|CS|TAMS 0x000000070c200000, 0x000000070c200000| Complete 
|  89|0x000000070c400000, 0x000000070c600000, 0x000000070c600000|100%| E|CS|TAMS 0x000000070c400000, 0x000000070c400000| Complete 
|  90|0x000000070c600000, 0x000000070c800000, 0x000000070c800000|100%| E|CS|TAMS 0x000000070c600000, 0x000000070c600000| Complete 
| 127|0x0000000711000000, 0x0000000711200000, 0x0000000711200000|100%| E|CS|TAMS 0x0000000711000000, 0x0000000711000000| Complete 

Card table byte_map: [0x0000022e7d4f0000,0x0000022e7dcf0000] _byte_map_base: 0x0000022e79ce7000

Marking Bits (Prev, Next): (CMBitMap*) 0x0000022e72ac5530, (CMBitMap*) 0x0000022e72ac54f0
 Prev Bits: [0x0000022e12fc0000, 0x0000022e16f78000)
 Next Bits: [0x0000022e0f000000, 0x0000022e12fb8000)

Polling page: 0x0000022e72b00000

Metaspace:

Usage:
  Non-class:     65.27 MB used.
      Class:     10.28 MB used.
       Both:     75.55 MB used.

Virtual space:
  Non-class space:       72.00 MB reserved,      65.50 MB ( 91%) committed,  9 nodes.
      Class space:        1.00 GB reserved,      10.44 MB (  1%) committed,  1 nodes.
             Both:        1.07 GB reserved,      75.94 MB (  7%) committed. 

Chunk freelists:
   Non-Class:  2.52 MB
       Class:  1.56 MB
        Both:  4.08 MB

MaxMetaspaceSize: unlimited
CompressedClassSpaceSize: 1.00 GB
Initial GC threshold: 21.00 MB
Current GC threshold: 98.06 MB
CDS: on
MetaspaceReclaimPolicy: balanced
 - commit_granule_bytes: 65536.
 - commit_granule_words: 8192.
 - virtual_space_node_default_size: 1048576.
 - enlarge_chunks_in_place: 1.
 - new_chunks_are_fully_committed: 0.
 - uncommit_free_chunks: 1.
 - use_allocation_guard: 0.
 - handle_deallocations: 1.


Internal statistics:

num_allocs_failed_limit: 9.
num_arena_births: 496.
num_arena_deaths: 0.
num_vsnodes_births: 10.
num_vsnodes_deaths: 0.
num_space_committed: 1215.
num_space_uncommitted: 0.
num_chunks_returned_to_freelist: 9.
num_chunks_taken_from_freelist: 3296.
num_chunk_merges: 9.
num_chunk_splits: 2466.
num_chunks_enlarged: 2041.
num_purges: 0.
num_inconsistent_stats: 0.

CodeHeap 'non-profiled nmethods': size=119168Kb used=5210Kb max_used=5210Kb free=113957Kb
 bounds [0x0000022e07ba0000, 0x0000022e080c0000, 0x0000022e0f000000]
CodeHeap 'profiled nmethods': size=119104Kb used=15283Kb max_used=15283Kb free=103820Kb
 bounds [0x0000022e00750000, 0x0000022e01640000, 0x0000022e07ba0000]
CodeHeap 'non-nmethods': size=7488Kb used=2523Kb max_used=3056Kb free=4964Kb
 bounds [0x0000022e00000000, 0x0000022e00310000, 0x0000022e00750000]
 total_blobs=7901 nmethods=7243 adapters=567
 compilation: enabled
              stopped_count=0, restarted_count=0
 full_count=0

Compilation events (20 events):
Event: 16.790 Thread 0x0000022e7f757590 nmethod 7876 0x0000022e080b5d90 code [0x0000022e080b5f20, 0x0000022e080b5ff8]
Event: 16.790 Thread 0x0000022e7f13c050 nmethod 7875 0x0000022e080b6090 code [0x0000022e080b6220, 0x0000022e080b62f8]
Event: 16.798 Thread 0x0000022e7f13c050 7878       3       com.fasterxml.jackson.databind.type.TypeFactory::_findWellKnownSimple (75 bytes)
Event: 16.798 Thread 0x0000022e7f13c050 nmethod 7878 0x0000022e01639510 code [0x0000022e01639700, 0x0000022e01639b58]
Event: 16.798 Thread 0x0000022e7f13c050 7881  s    1       java.io.ByteArrayOutputStream::size (5 bytes)
Event: 16.798 Thread 0x0000022e7f757590 7880       1       org.springframework.mock.web.MockHttpServletResponse::getBufferSize (5 bytes)
Event: 16.798 Thread 0x0000022e7f756d30 7883       3       org.springframework.mock.web.MockHttpServletResponse$ResponseServletOutputStream::write (17 bytes)
Event: 16.798 Thread 0x0000022e7f757590 nmethod 7880 0x0000022e080b6390 code [0x0000022e080b6520, 0x0000022e080b65f8]
Event: 16.798 Thread 0x0000022e7f13c050 nmethod 7881 0x0000022e080b6690 code [0x0000022e080b6820, 0x0000022e080b6998]
Event: 16.798 Thread 0x0000022e7f757590 7884       3       org.springframework.mock.web.DelegatingServletOutputStream::write (9 bytes)
Event: 16.799 Thread 0x0000022e7f13c050 7885       3       org.springframework.mock.web.DelegatingServletOutputStream::flush (12 bytes)
Event: 16.799 Thread 0x0000022e7f757590 nmethod 7884 0x0000022e01639c10 code [0x0000022e01639dc0, 0x0000022e01639fa8]
Event: 16.799 Thread 0x0000022e7f13c050 nmethod 7885 0x0000022e0163a090 code [0x0000022e0163a240, 0x0000022e0163a488]
Event: 16.799 Thread 0x0000022e7f757590 7886       3       org.springframework.mock.web.MockHttpServletResponse::access$000 (5 bytes)
Event: 16.799 Thread 0x0000022e7f13c050 7887       3       org.springframework.mock.web.MockHttpServletResponse::setCommittedIfBufferSizeExceeded (26 bytes)
Event: 16.799 Thread 0x0000022e7f756d30 nmethod 7883 0x0000022e0163a590 code [0x0000022e0163a780, 0x0000022e0163ae78]
Event: 16.799 Thread 0x0000022e7f13c050 nmethod 7887 0x0000022e0163b110 code [0x0000022e0163b2c0, 0x0000022e0163b618]
Event: 16.799 Thread 0x0000022e7f757590 nmethod 7886 0x0000022e0163b710 code [0x0000022e0163b8c0, 0x0000022e0163bc58]
Event: 16.811 Thread 0x0000022e7f757590 7888       3       java.security.AccessControlContext::combine (205 bytes)
Event: 16.812 Thread 0x0000022e7f757590 nmethod 7888 0x0000022e0163be10 code [0x0000022e0163c040, 0x0000022e0163cbf8]

GC Heap History (20 events):
Event: 5.656 GC heap before
{Heap before GC invocations=8 (full 0):
 garbage-first heap   total 69632K, used 43614K [0x0000000701200000, 0x0000000800000000)
  region size 2048K, 14 young (28672K), 2 survivors (4096K)
 Metaspace       used 35734K, committed 35968K, reserved 1081344K
  class space    used 4723K, committed 4800K, reserved 1048576K
}
Event: 5.667 GC heap after
{Heap after GC invocations=9 (full 0):
 garbage-first heap   total 88064K, used 22549K [0x0000000701200000, 0x0000000800000000)
  region size 2048K, 1 young (2048K), 1 survivors (2048K)
 Metaspace       used 35734K, committed 35968K, reserved 1081344K
  class space    used 4723K, committed 4800K, reserved 1048576K
}
Event: 6.700 GC heap before
{Heap before GC invocations=10 (full 0):
 garbage-first heap   total 88064K, used 63509K [0x0000000701200000, 0x0000000800000000)
  region size 2048K, 21 young (43008K), 1 survivors (2048K)
 Metaspace       used 42136K, committed 42432K, reserved 1089536K
  class space    used 5519K, committed 5632K, reserved 1048576K
}
Event: 6.707 GC heap after
{Heap after GC invocations=11 (full 0):
 garbage-first heap   total 88064K, used 24493K [0x0000000701200000, 0x0000000800000000)
  region size 2048K, 2 young (4096K), 2 survivors (4096K)
 Metaspace       used 42136K, committed 42432K, reserved 1089536K
  class space    used 5519K, committed 5632K, reserved 1048576K
}
Event: 10.702 GC heap before
{Heap before GC invocations=11 (full 0):
 garbage-first heap   total 88064K, used 63405K [0x0000000701200000, 0x0000000800000000)
  region size 2048K, 21 young (43008K), 2 survivors (4096K)
 Metaspace       used 48527K, committed 48832K, reserved 1097728K
  class space    used 6232K, committed 6400K, reserved 1048576K
}
Event: 10.714 GC heap after
{Heap after GC invocations=12 (full 0):
 garbage-first heap   total 88064K, used 28245K [0x0000000701200000, 0x0000000800000000)
  region size 2048K, 3 young (6144K), 3 survivors (6144K)
 Metaspace       used 48527K, committed 48832K, reserved 1097728K
  class space    used 6232K, committed 6400K, reserved 1048576K
}
Event: 11.622 GC heap before
{Heap before GC invocations=12 (full 0):
 garbage-first heap   total 88064K, used 63061K [0x0000000701200000, 0x0000000800000000)
  region size 2048K, 21 young (43008K), 3 survivors (6144K)
 Metaspace       used 55929K, committed 56256K, reserved 1105920K
  class space    used 7472K, committed 7616K, reserved 1048576K
}
Event: 11.635 GC heap after
{Heap after GC invocations=13 (full 0):
 garbage-first heap   total 88064K, used 29535K [0x0000000701200000, 0x0000000800000000)
  region size 2048K, 1 young (2048K), 1 survivors (2048K)
 Metaspace       used 55929K, committed 56256K, reserved 1105920K
  class space    used 7472K, committed 7616K, reserved 1048576K
}
Event: 12.198 GC heap before
{Heap before GC invocations=13 (full 0):
 garbage-first heap   total 88064K, used 47967K [0x0000000701200000, 0x0000000800000000)
  region size 2048K, 12 young (24576K), 1 survivors (2048K)
 Metaspace       used 59810K, committed 60160K, reserved 1105920K
  class space    used 8097K, committed 8256K, reserved 1048576K
}
Event: 12.204 GC heap after
{Heap after GC invocations=14 (full 0):
 garbage-first heap   total 88064K, used 30065K [0x0000000701200000, 0x0000000800000000)
  region size 2048K, 1 young (2048K), 1 survivors (2048K)
 Metaspace       used 59810K, committed 60160K, reserved 1105920K
  class space    used 8097K, committed 8256K, reserved 1048576K
}
Event: 12.998 GC heap before
{Heap before GC invocations=15 (full 0):
 garbage-first heap   total 88064K, used 68977K [0x0000000701200000, 0x0000000800000000)
  region size 2048K, 20 young (40960K), 1 survivors (2048K)
 Metaspace       used 63837K, committed 64192K, reserved 1105920K
  class space    used 8671K, committed 8832K, reserved 1048576K
}
Event: 13.007 GC heap after
{Heap after GC invocations=16 (full 0):
 garbage-first heap   total 88064K, used 32523K [0x0000000701200000, 0x0000000800000000)
  region size 2048K, 3 young (6144K), 3 survivors (6144K)
 Metaspace       used 63837K, committed 64192K, reserved 1105920K
  class space    used 8671K, committed 8832K, reserved 1048576K
}
Event: 13.696 GC heap before
{Heap before GC invocations=16 (full 0):
 garbage-first heap   total 88064K, used 65291K [0x0000000701200000, 0x0000000800000000)
  region size 2048K, 20 young (40960K), 3 survivors (6144K)
 Metaspace       used 67037K, committed 67392K, reserved 1114112K
  class space    used 9080K, committed 9216K, reserved 1048576K
}
Event: 13.707 GC heap after
{Heap after GC invocations=17 (full 0):
 garbage-first heap   total 88064K, used 34094K [0x0000000701200000, 0x0000000800000000)
  region size 2048K, 3 young (6144K), 3 survivors (6144K)
 Metaspace       used 67037K, committed 67392K, reserved 1114112K
  class space    used 9080K, committed 9216K, reserved 1048576K
}
Event: 14.212 GC heap before
{Heap before GC invocations=17 (full 0):
 garbage-first heap   total 88064K, used 66862K [0x0000000701200000, 0x0000000800000000)
  region size 2048K, 19 young (38912K), 3 survivors (6144K)
 Metaspace       used 68606K, committed 68992K, reserved 1114112K
  class space    used 9283K, committed 9472K, reserved 1048576K
}
Event: 14.223 GC heap after
{Heap after GC invocations=18 (full 0):
 garbage-first heap   total 106496K, used 36087K [0x0000000701200000, 0x0000000800000000)
  region size 2048K, 2 young (4096K), 2 survivors (4096K)
 Metaspace       used 68606K, committed 68992K, reserved 1114112K
  class space    used 9283K, committed 9472K, reserved 1048576K
}
Event: 15.196 GC heap before
{Heap before GC invocations=18 (full 0):
 garbage-first heap   total 106496K, used 85239K [0x0000000701200000, 0x0000000800000000)
  region size 2048K, 26 young (53248K), 2 survivors (4096K)
 Metaspace       used 71513K, committed 71936K, reserved 1114112K
  class space    used 9714K, committed 9920K, reserved 1048576K
}
Event: 15.212 GC heap after
{Heap after GC invocations=19 (full 0):
 garbage-first heap   total 106496K, used 40097K [0x0000000701200000, 0x0000000800000000)
  region size 2048K, 4 young (8192K), 4 survivors (8192K)
 Metaspace       used 71513K, committed 71936K, reserved 1114112K
  class space    used 9714K, committed 9920K, reserved 1048576K
}
Event: 16.113 GC heap before
{Heap before GC invocations=19 (full 0):
 garbage-first heap   total 106496K, used 83105K [0x0000000701200000, 0x0000000800000000)
  region size 2048K, 25 young (51200K), 4 survivors (8192K)
 Metaspace       used 74351K, committed 74752K, reserved 1114112K
  class space    used 10138K, committed 10304K, reserved 1048576K
}
Event: 16.129 GC heap after
{Heap after GC invocations=20 (full 0):
 garbage-first heap   total 106496K, used 41610K [0x0000000701200000, 0x0000000800000000)
  region size 2048K, 2 young (4096K), 2 survivors (4096K)
 Metaspace       used 74351K, committed 74752K, reserved 1114112K
  class space    used 10138K, committed 10304K, reserved 1048576K
}

Dll operation events (11 events):
Event: 0.092 Loaded shared library C:\Users\Dmitrii\.jdks\corretto-17.0.5\bin\java.dll
Event: 0.093 Loaded shared library C:\Users\Dmitrii\.jdks\corretto-17.0.5\bin\zip.dll
Event: 0.104 Loaded shared library C:\Users\Dmitrii\.jdks\corretto-17.0.5\bin\jsvml.dll
Event: 0.320 Loaded shared library C:\Users\Dmitrii\.jdks\corretto-17.0.5\bin\instrument.dll
Event: 0.341 Loaded shared library C:\Users\Dmitrii\.jdks\corretto-17.0.5\bin\net.dll
Event: 0.343 Loaded shared library C:\Users\Dmitrii\.jdks\corretto-17.0.5\bin\nio.dll
Event: 0.349 Loaded shared library C:\Users\Dmitrii\.jdks\corretto-17.0.5\bin\zip.dll
Event: 0.557 Loaded shared library C:\Users\Dmitrii\.jdks\corretto-17.0.5\bin\jimage.dll
Event: 0.847 Loaded shared library C:\Users\Dmitrii\.jdks\corretto-17.0.5\bin\verify.dll
Event: 2.292 Loaded shared library C:\Users\Dmitrii\.jdks\corretto-17.0.5\bin\management.dll
Event: 2.295 Loaded shared library C:\Users\Dmitrii\.jdks\corretto-17.0.5\bin\management_ext.dll

Deoptimization events (20 events):
Event: 16.575 Thread 0x0000022e72a508c0 DEOPT PACKING pc=0x0000022e07dab2d4 sp=0x000000a46b8f67e0
Event: 16.575 Thread 0x0000022e72a508c0 DEOPT UNPACKING pc=0x0000022e00052b43 sp=0x000000a46b8f5c70 mode 1
Event: 16.575 Thread 0x0000022e72a508c0 DEOPT PACKING pc=0x0000022e07dab2d4 sp=0x000000a46b8f67e0
Event: 16.575 Thread 0x0000022e72a508c0 DEOPT UNPACKING pc=0x0000022e00052b43 sp=0x000000a46b8f5c70 mode 1
Event: 16.581 Thread 0x0000022e72a508c0 DEOPT PACKING pc=0x0000022e07dab2d4 sp=0x000000a46b8f65b0
Event: 16.581 Thread 0x0000022e72a508c0 DEOPT UNPACKING pc=0x0000022e00052b43 sp=0x000000a46b8f5a40 mode 1
Event: 16.581 Thread 0x0000022e72a508c0 DEOPT PACKING pc=0x0000022e07dab2d4 sp=0x000000a46b8f65b0
Event: 16.581 Thread 0x0000022e72a508c0 DEOPT UNPACKING pc=0x0000022e00052b43 sp=0x000000a46b8f5a40 mode 1
Event: 16.586 Thread 0x0000022e72a508c0 DEOPT PACKING pc=0x0000022e07dab2d4 sp=0x000000a46b8f5aa0
Event: 16.586 Thread 0x0000022e72a508c0 DEOPT UNPACKING pc=0x0000022e00052b43 sp=0x000000a46b8f4f30 mode 1
Event: 16.586 Thread 0x0000022e72a508c0 DEOPT PACKING pc=0x0000022e07dab2d4 sp=0x000000a46b8f5aa0
Event: 16.586 Thread 0x0000022e72a508c0 DEOPT UNPACKING pc=0x0000022e00052b43 sp=0x000000a46b8f4f30 mode 1
Event: 16.592 Thread 0x0000022e72a508c0 DEOPT PACKING pc=0x0000022e07dab2d4 sp=0x000000a46b8f66b0
Event: 16.592 Thread 0x0000022e72a508c0 DEOPT UNPACKING pc=0x0000022e00052b43 sp=0x000000a46b8f5b40 mode 1
Event: 16.592 Thread 0x0000022e72a508c0 DEOPT PACKING pc=0x0000022e07dab2d4 sp=0x000000a46b8f66b0
Event: 16.592 Thread 0x0000022e72a508c0 DEOPT UNPACKING pc=0x0000022e00052b43 sp=0x000000a46b8f5b40 mode 1
Event: 16.805 Thread 0x0000022e72a508c0 Uncommon trap: trap_request=0xffffffde fr.pc=0x0000022e080ab864 relative=0x0000000000000964
Event: 16.805 Thread 0x0000022e72a508c0 Uncommon trap: reason=class_check action=maybe_recompile pc=0x0000022e080ab864 method=java.util.stream.FindOps$FindOp.evaluateSequential(Ljava/util/stream/PipelineHelper;Ljava/util/Spliterator;)Ljava/lang/Object; @ 5 c2
Event: 16.805 Thread 0x0000022e72a508c0 DEOPT PACKING pc=0x0000022e080ab864 sp=0x000000a46b8fb7a0
Event: 16.805 Thread 0x0000022e72a508c0 DEOPT UNPACKING pc=0x0000022e000523a3 sp=0x000000a46b8fb7b8 mode 2

Classes unloaded (0 events):
No events

Classes redefined (0 events):
No events

Internal exceptions (20 events):
Event: 15.864 Thread 0x0000022e72a508c0 Exception <a 'java/lang/ClassNotFoundException'{0x00000007059091b8}: org/springframework/security/access/expression/method/DefaultMethodSecurityExpressionHandlerCustomizer> (0x00000007059091b8) 
thrown [s\src\hotspot\share\classfile\systemDictionary.cpp, line 256]
Event: 15.865 Thread 0x0000022e72a508c0 Exception <a 'java/lang/ClassNotFoundException'{0x000000070591d8d0}: org/springframework/security/access/expression/method/MethodSecurityExpressionHandlerCustomizer> (0x000000070591d8d0) 
thrown [s\src\hotspot\share\classfile\systemDictionary.cpp, line 256]
Event: 15.865 Thread 0x0000022e72a508c0 Exception <a 'java/lang/ClassNotFoundException'{0x0000000705924418}: org/springframework/security/access/expression/SecurityExpressionHandlerCustomizer> (0x0000000705924418) 
thrown [s\src\hotspot\share\classfile\systemDictionary.cpp, line 256]
Event: 15.866 Thread 0x0000022e72a508c0 Exception <a 'java/lang/ClassNotFoundException'{0x000000070592b090}: org/springframework/aop/framework/AopInfrastructureBeanCustomizer> (0x000000070592b090) 
thrown [s\src\hotspot\share\classfile\systemDictionary.cpp, line 256]
Event: 15.867 Thread 0x0000022e72a508c0 Exception <a 'java/lang/ClassNotFoundException'{0x00000007059307d0}: org/springframework/security/access/expression/SecurityExpressionHandlerCustomizer> (0x00000007059307d0) 
thrown [s\src\hotspot\share\classfile\systemDictionary.cpp, line 256]
Event: 15.867 Thread 0x0000022e72a508c0 Exception <a 'java/lang/ClassNotFoundException'{0x0000000705937100}: org/springframework/aop/framework/AopInfrastructureBeanCustomizer> (0x0000000705937100) 
thrown [s\src\hotspot\share\classfile\systemDictionary.cpp, line 256]
Event: 15.868 Thread 0x0000022e72a508c0 Exception <a 'java/lang/ClassNotFoundException'{0x000000070593c1f0}: org/springframework/context/ApplicationContextAwareCustomizer> (0x000000070593c1f0) 
thrown [s\src\hotspot\share\classfile\systemDictionary.cpp, line 256]
Event: 15.868 Thread 0x0000022e72a508c0 Exception <a 'java/lang/ClassNotFoundException'{0x0000000705942580}: org/springframework/beans/factory/AwareCustomizer> (0x0000000705942580) 
thrown [s\src\hotspot\share\classfile\systemDictionary.cpp, line 256]
Event: 15.871 Thread 0x0000022e72a508c0 Exception <a 'java/lang/NoSuchMethodError'{0x0000000705957320}: 'java.lang.Object java.lang.invoke.DirectMethodHandle$Holder.invokeSpecial(java.lang.Object, java.lang.Object, java.lang.Object, int, java.lang.Object, java.lang.Object)'> (0x0000000705957320) 
thrown [s\src\hotspot\share\interpreter\linkResolver.cpp, line 759]
Event: 15.872 Thread 0x0000022e72a508c0 Exception <a 'java/lang/NoSuchMethodError'{0x000000070595f0f0}: 'java.lang.Object java.lang.invoke.DirectMethodHandle$Holder.invokeSpecial(java.lang.Object, java.lang.Object, int, java.lang.Object, int, java.lang.Object)'> (0x000000070595f0f0) 
thrown [s\src\hotspot\share\interpreter\linkResolver.cpp, line 759]
Event: 15.873 Thread 0x0000022e72a508c0 Exception <a 'java/lang/NoSuchMethodError'{0x00000007059676e8}: 'java.lang.Object java.lang.invoke.DirectMethodHandle$Holder.newInvokeSpecial(java.lang.Object, java.lang.Object, int, java.lang.Object, int)'> (0x00000007059676e8) 
thrown [s\src\hotspot\share\interpreter\linkResolver.cpp, line 759]
Event: 15.873 Thread 0x0000022e72a508c0 Exception <a 'java/lang/NoSuchMethodError'{0x000000070596bd38}: 'java.lang.Object java.lang.invoke.DirectMethodHandle$Holder.invokeSpecial(java.lang.Object, java.lang.Object, java.lang.Object, int, java.lang.Object, int)'> (0x000000070596bd38) 
thrown [s\src\hotspot\share\interpreter\linkResolver.cpp, line 759]
Event: 15.875 Thread 0x0000022e72a508c0 Exception <a 'java/lang/NoSuchMethodError'{0x0000000705976ca8}: 'void java.lang.invoke.DirectMethodHandle$Holder.invokeVirtual(java.lang.Object, java.lang.Object)'> (0x0000000705976ca8) 
thrown [s\src\hotspot\share\interpreter\linkResolver.cpp, line 759]
Event: 15.918 Thread 0x0000022e72a508c0 Exception <a 'java/lang/ClassNotFoundException'{0x0000000705692948}: java/lang/ObjectCustomizer> (0x0000000705692948) 
thrown [s\src\hotspot\share\classfile\systemDictionary.cpp, line 256]
Event: 15.919 Thread 0x0000022e72a508c0 Exception <a 'java/lang/ClassNotFoundException'{0x000000070569a570}: com/securityapi/controller/BaseIntegrationTestCustomizer> (0x000000070569a570) 
thrown [s\src\hotspot\share\classfile\systemDictionary.cpp, line 256]
Event: 15.919 Thread 0x0000022e72a508c0 Exception <a 'java/lang/ClassNotFoundException'{0x000000070569ffb0}: com/securityapi/controller/PanelControllerIntegrationTestCustomizer> (0x000000070569ffb0) 
thrown [s\src\hotspot\share\classfile\systemDictionary.cpp, line 256]
Event: 16.082 Thread 0x0000022e72a508c0 Implicit null exception at 0x0000022e07f0b551 to 0x0000022e07f0f41c
Event: 16.155 Thread 0x0000022e72a508c0 Exception <a 'java/lang/ClassNotFoundException'{0x00000007110a3ed8}: java/lang/ClassLoader$ByteBuddyAccessor$V1> (0x00000007110a3ed8) 
thrown [s\src\hotspot\share\classfile\systemDictionary.cpp, line 256]
Event: 16.199 Thread 0x0000022e72a508c0 Exception <a 'java/lang/IncompatibleClassChangeError'{0x000000070c615128}: Found class java.lang.Object, but interface was expected> (0x000000070c615128) 
thrown [s\src\hotspot\share\interpreter\linkResolver.cpp, line 826]
Event: 16.589 Thread 0x0000022e72a508c0 Exception <a 'java/lang/NoSuchMethodError'{0x0000000706d0db30}: 'java.lang.Object java.lang.invoke.DirectMethodHandle$Holder.invokeStaticInit(java.lang.Object, java.lang.Object, java.lang.Object, java.lang.Object, java.lang.Object, java.lang.Object)'> (0x0000000706d0db30) 
thrown [s\src\hotspot\share\interpreter\linkResolver.cpp, line 759]

VM Operations (20 events):
Event: 15.809 Executing VM operation: HandshakeAllThreads
Event: 15.809 Executing VM operation: HandshakeAllThreads done
Event: 15.814 Executing VM operation: HandshakeAllThreads
Event: 15.814 Executing VM operation: HandshakeAllThreads done
Event: 15.846 Executing VM operation: HandshakeAllThreads
Event: 15.846 Executing VM operation: HandshakeAllThreads done
Event: 15.913 Executing VM operation: HandshakeAllThreads
Event: 15.913 Executing VM operation: HandshakeAllThreads done
Event: 15.978 Executing VM operation: HandshakeAllThreads
Event: 15.978 Executing VM operation: HandshakeAllThreads done
Event: 16.024 Executing VM operation: ICBufferFull
Event: 16.024 Executing VM operation: ICBufferFull done
Event: 16.113 Executing VM operation: G1CollectForAllocation
Event: 16.129 Executing VM operation: G1CollectForAllocation done
Event: 16.321 Executing VM operation: HandshakeAllThreads
Event: 16.321 Executing VM operation: HandshakeAllThreads done
Event: 16.778 Executing VM operation: HandshakeAllThreads
Event: 16.779 Executing VM operation: HandshakeAllThreads done
Event: 16.806 Executing VM operation: HandshakeAllThreads
Event: 16.807 Executing VM operation: HandshakeAllThreads done

Events (20 events):
Event: 16.802 loading class io/sentry/ITransaction done
Event: 16.802 loading class io/sentry/Scope
Event: 16.802 loading class io/sentry/Scope done
Event: 16.803 loading class io/sentry/protocol/TransactionInfo
Event: 16.803 loading class io/sentry/protocol/TransactionInfo done
Event: 16.805 loading class java/text/FieldPosition$Delegate
Event: 16.805 loading class java/text/FieldPosition$Delegate done
Event: 16.807 loading class io/sentry/util/HintUtils
Event: 16.807 loading class io/sentry/util/HintUtils done
Event: 16.808 loading class io/sentry/hints/Cached
Event: 16.808 loading class io/sentry/hints/Cached done
Event: 16.809 loading class io/sentry/HostnameCache
Event: 16.809 loading class io/sentry/HostnameCache done
Event: 16.810 loading class io/sentry/HostnameCache$HostnameCacheThreadFactory
Event: 16.810 loading class io/sentry/HostnameCache$HostnameCacheThreadFactory done
Event: 16.810 loading class java/util/concurrent/Executors$FinalizableDelegatedExecutorService
Event: 16.810 loading class java/util/concurrent/Executors$FinalizableDelegatedExecutorService done
Event: 16.811 loading class io/sentry/HostnameCache
Event: 16.811 loading class io/sentry/HostnameCache done
Event: 16.811 Thread 0x0000022e1aaf76f0 Thread added: 0x0000022e1aaf76f0


Dynamic libraries:
0x00007ff7443a0000 - 0x00007ff7443ad000 	C:\Users\Dmitrii\.jdks\corretto-17.0.5\bin\java.exe
0x00007ffdb1880000 - 0x00007ffdb1a6e000 	C:\Windows\SYSTEM32\ntdll.dll
0x00007ffdb1530000 - 0x00007ffdb15e3000 	C:\Windows\System32\KERNEL32.DLL
0x00007ffdae7c0000 - 0x00007ffdaea5c000 	C:\Windows\System32\KERNELBASE.dll
0x00007ffdae6c0000 - 0x00007ffdae7ba000 	C:\Windows\System32\ucrtbase.dll
0x00007ffda5ca0000 - 0x00007ffda5cb5000 	C:\Users\Dmitrii\.jdks\corretto-17.0.5\bin\VCRUNTIME140.dll
0x00007ffda63d0000 - 0x00007ffda63e7000 	C:\Users\Dmitrii\.jdks\corretto-17.0.5\bin\jli.dll
0x00007ffdb09f0000 - 0x00007ffdb0b88000 	C:\Windows\System32\USER32.dll
0x00007ffda0980000 - 0x00007ffda0bf9000 	C:\Windows\WinSxS\amd64_microsoft.windows.common-controls_6595b64144ccf1df_6.0.17763.4131_none_de70d21e534b9adf\COMCTL32.dll
0x00007ffdae500000 - 0x00007ffdae520000 	C:\Windows\System32\win32u.dll
0x00007ffdb1080000 - 0x00007ffdb111e000 	C:\Windows\System32\msvcrt.dll
0x00007ffdb14f0000 - 0x00007ffdb1519000 	C:\Windows\System32\GDI32.dll
0x00007ffdb0ba0000 - 0x00007ffdb0ecc000 	C:\Windows\System32\combase.dll
0x00007ffdadb50000 - 0x00007ffdadcf0000 	C:\Windows\System32\gdi32full.dll
0x00007ffdaf250000 - 0x00007ffdaf36d000 	C:\Windows\System32\RPCRT4.dll
0x00007ffdae460000 - 0x00007ffdae500000 	C:\Windows\System32\msvcp_win.dll
0x00007ffdae5d0000 - 0x00007ffdae652000 	C:\Windows\System32\bcryptPrimitives.dll
0x00007ffdb17c0000 - 0x00007ffdb17ee000 	C:\Windows\System32\IMM32.DLL
0x00007ffd9ca80000 - 0x00007ffd9cb1b000 	C:\Users\Dmitrii\.jdks\corretto-17.0.5\bin\msvcp140.dll
0x00007ffd3ef10000 - 0x00007ffd3fb24000 	C:\Users\Dmitrii\.jdks\corretto-17.0.5\bin\server\jvm.dll
0x00007ffdb1440000 - 0x00007ffdb14e7000 	C:\Windows\System32\ADVAPI32.dll
0x00007ffdb1720000 - 0x00007ffdb17bf000 	C:\Windows\System32\sechost.dll
0x00007ffdaa560000 - 0x00007ffdaa584000 	C:\Windows\SYSTEM32\WINMM.dll
0x00007ffd97e50000 - 0x00007ffd97e59000 	C:\Windows\SYSTEM32\WSOCK32.dll
0x00007ffda8a70000 - 0x00007ffda8a7a000 	C:\Windows\SYSTEM32\VERSION.dll
0x00007ffdb1190000 - 0x00007ffdb11fd000 	C:\Windows\System32\WS2_32.dll
0x00007ffdaa530000 - 0x00007ffdaa55d000 	C:\Windows\SYSTEM32\winmmbase.dll
0x00007ffdaea60000 - 0x00007ffdaeaaa000 	C:\Windows\System32\cfgmgr32.dll
0x00007ffdad900000 - 0x00007ffdad911000 	C:\Windows\System32\kernel.appcore.dll
0x00007ffda75c0000 - 0x00007ffda75ca000 	C:\Users\Dmitrii\.jdks\corretto-17.0.5\bin\jimage.dll
0x00007ffda79c0000 - 0x00007ffda7bad000 	C:\Windows\SYSTEM32\DBGHELP.DLL
0x00007ffda0950000 - 0x00007ffda097a000 	C:\Windows\SYSTEM32\dbgcore.DLL
0x00007ffd94dd0000 - 0x00007ffd94e09000 	C:\Users\Dmitrii\.jdks\corretto-17.0.5\bin\jdwp.dll
0x00007ffda9920000 - 0x00007ffda992e000 	C:\Users\Dmitrii\.jdks\corretto-17.0.5\bin\instrument.dll
0x00007ffda2690000 - 0x00007ffda26b5000 	C:\Users\Dmitrii\.jdks\corretto-17.0.5\bin\java.dll
0x00007ffda10b0000 - 0x00007ffda10c8000 	C:\Users\Dmitrii\.jdks\corretto-17.0.5\bin\zip.dll
0x00007ffd84230000 - 0x00007ffd84306000 	C:\Users\Dmitrii\.jdks\corretto-17.0.5\bin\jsvml.dll
0x00007ffdaf440000 - 0x00007ffdb0938000 	C:\Windows\System32\SHELL32.dll
0x00007ffdb0940000 - 0x00007ffdb09e7000 	C:\Windows\System32\shcore.dll
0x00007ffdadd10000 - 0x00007ffdae459000 	C:\Windows\System32\windows.storage.dll
0x00007ffdad8b0000 - 0x00007ffdad8d3000 	C:\Windows\System32\profapi.dll
0x00007ffdad850000 - 0x00007ffdad8ad000 	C:\Windows\System32\powrprof.dll
0x00007ffdb1130000 - 0x00007ffdb1182000 	C:\Windows\System32\shlwapi.dll
0x00007ffdadcf0000 - 0x00007ffdadd0b000 	C:\Windows\System32\cryptsp.dll
0x00007ffda26d0000 - 0x00007ffda26dc000 	C:\Users\Dmitrii\.jdks\corretto-17.0.5\bin\dt_socket.dll
0x00007ffdacd70000 - 0x00007ffdacdad000 	C:\Windows\SYSTEM32\IPHLPAPI.DLL
0x00007ffdad050000 - 0x00007ffdad0b7000 	C:\Windows\system32\mswsock.dll
0x00007ffda2670000 - 0x00007ffda2689000 	C:\Users\Dmitrii\.jdks\corretto-17.0.5\bin\net.dll
0x00007ffda2370000 - 0x00007ffda246f000 	C:\Windows\SYSTEM32\WINHTTP.dll
0x00007ffda10e0000 - 0x00007ffda10f5000 	C:\Users\Dmitrii\.jdks\corretto-17.0.5\bin\nio.dll
0x00007ffda63c0000 - 0x00007ffda63d0000 	C:\Users\Dmitrii\.jdks\corretto-17.0.5\bin\verify.dll
0x00007ffda99e0000 - 0x00007ffda99e9000 	C:\Users\Dmitrii\.jdks\corretto-17.0.5\bin\management.dll
0x00007ffda99d0000 - 0x00007ffda99db000 	C:\Users\Dmitrii\.jdks\corretto-17.0.5\bin\management_ext.dll
0x00007ffdb1120000 - 0x00007ffdb1128000 	C:\Windows\System32\PSAPI.DLL
0x00007ffd94d10000 - 0x00007ffd94d26000 	C:\Windows\system32\napinsp.dll
0x00007ffd94cf0000 - 0x00007ffd94d0a000 	C:\Windows\system32\pnrpnsp.dll
0x00007ffdacdb0000 - 0x00007ffdace76000 	C:\Windows\SYSTEM32\DNSAPI.dll
0x00007ffdb1520000 - 0x00007ffdb1528000 	C:\Windows\System32\NSI.dll
0x00007ffd9dee0000 - 0x00007ffd9deee000 	C:\Windows\System32\winrnr.dll
0x00007ffdaa380000 - 0x00007ffdaa39b000 	C:\Windows\system32\NLAapi.dll
0x00007ffd832c0000 - 0x00007ffd832d5000 	C:\Windows\system32\wshbth.dll
0x00007ffda7030000 - 0x00007ffda703a000 	C:\Windows\System32\rasadhlp.dll
0x00007ffda2580000 - 0x00007ffda25f9000 	C:\Windows\System32\fwpuclnt.dll
0x00007ffdadb20000 - 0x00007ffdadb46000 	C:\Windows\System32\bcrypt.dll
0x00007ffdacbe0000 - 0x00007ffdacc13000 	C:\Windows\system32\rsaenh.dll
0x00007ffdad780000 - 0x00007ffdad7a9000 	C:\Windows\SYSTEM32\USERENV.dll
0x00007ffdad1d0000 - 0x00007ffdad1dc000 	C:\Windows\SYSTEM32\CRYPTBASE.dll
0x00007ffda8aa0000 - 0x00007ffda8ab6000 	C:\Windows\SYSTEM32\dhcpcsvc6.DLL
0x00007ffda8a80000 - 0x00007ffda8a9c000 	C:\Windows\SYSTEM32\dhcpcsvc.DLL

dbghelp: loaded successfully - version: 4.0.5 - missing functions: none
symbol engine: initialized successfully - sym options: 0x614 - pdb path: .;C:\Users\Dmitrii\.jdks\corretto-17.0.5\bin;C:\Windows\SYSTEM32;C:\Windows\WinSxS\amd64_microsoft.windows.common-controls_6595b64144ccf1df_6.0.17763.4131_none_de70d21e534b9adf;C:\Users\Dmitrii\.jdks\corretto-17.0.5\bin\server

VM Arguments:
jvm_args: -agentlib:jdwp=transport=dt_socket,address=127.0.0.1:63332,suspend=y,server=n -ea -Didea.test.cyclic.buffer.size=1048576 -javaagent:C:\Users\Dmitrii\AppData\Local\JetBrains\IntelliJIdea2022.1\captureAgent\debugger-agent.jar -Dfile.encoding=UTF-8 
java_command: com.intellij.rt.junit.JUnitStarter -ideVersion5 -junit5 com.securityapi.controller.PanelControllerIntegrationTest,createNewTemplate_shouldCreateTemplateAndReturnStatusCREATED
java_class_path (initial): C:\Users\Dmitrii\.m2\repository\org\junit\platform\junit-platform-launcher\1.8.2\junit-platform-launcher-1.8.2.jar;C:\Users\Dmitrii\.m2\repository\org\junit\vintage\junit-vintage-engine\5.8.2\junit-vintage-engine-5.8.2.jar;C:\Program Files\JetBrains\IntelliJ IDEA 2022.1.2\lib\idea_rt.jar;C:\Program Files\JetBrains\IntelliJ IDEA 2022.1.2\plugins\junit\lib\junit5-rt.jar;C:\Program Files\JetBrains\IntelliJ IDEA 2022.1.2\plugins\junit\lib\junit-rt.jar;C:\workspace\securityapi\target\test-classes;C:\workspace\securityapi\target\classes;C:\Users\Dmitrii\.m2\repository\org\springframework\boot\spring-boot-starter-validation\2.7.9\spring-boot-starter-validation-2.7.9.jar;C:\Users\Dmitrii\.m2\repository\org\springframework\boot\spring-boot-starter\2.7.9\spring-boot-starter-2.7.9.jar;C:\Users\Dmitrii\.m2\repository\org\springframework\boot\spring-boot\2.7.9\spring-boot-2.7.9.jar;C:\Users\Dmitrii\.m2\repository\org\springframework\boot\spring-boot-autoconfigure\2.7.9\spring-boot-autoconfigure-2.7.9.jar;C:\Users\Dmitrii\.m2\repository\org\springframework\boot\spring-boot-starter-logging\2.7.9\spring-boot-starter-logging-2.7.9.jar;C:\Users\Dmitrii\.m2\repository\org\apache\logging\log4j\log4j-to-slf4j\2.17.2\log4j-to-slf4j-2.17.2.jar;C:\Users\Dmitrii\.m2\repository\org\apache\logging\log4j\log4j-api\2.17.2\log4j-api-2.17.2.jar;C:\Users\Dmitrii\.m2\repository\org\slf4j\jul-to-slf4j\1.7.36\jul-to-slf4j-1.7.36.jar;C:\Users\Dmitrii\.m2\repository\jakarta\annotation\jakarta.annotation-api\1.3.5\jakarta.annotation-api-1.3.5.jar;C:\Users\Dmitrii\.m2\repository\org\yaml\snakeyaml\1.30\snakeyaml-1.30.jar;C:\Users\Dmitrii\.m2\repository\org\apache\tomcat\embed\tomcat-embed-el\9.0.71\tomcat-embed-el-9.0.71.jar;C:\Users\Dmitrii\.m2\repository\org\hibernate\validator\hibernate-validator\6.2.5.Final\hibernate-validator-6.2.5.Final.jar;C:\Users\Dmitrii\.m2\repository\jakarta\validation\jakarta.validation-api\2.0.2\jakarta.validation-api-2.0.2.jar;C:\Users\Dmitrii\.
Launcher Type: SUN_STANDARD

[Global flags]
     intx CICompilerCount                          = 12                                        {product} {ergonomic}
     uint ConcGCThreads                            = 3                                         {product} {ergonomic}
     uint G1ConcRefinementThreads                  = 13                                        {product} {ergonomic}
   size_t G1HeapRegionSize                         = 2097152                                   {product} {ergonomic}
    uintx GCDrainStackTargetSize                   = 64                                        {product} {ergonomic}
   size_t InitialHeapSize                          = 268435456                                 {product} {ergonomic}
   size_t MarkStackSize                            = 4194304                                   {product} {ergonomic}
   size_t MaxHeapSize                              = 4276092928                                {product} {ergonomic}
   size_t MaxNewSize                               = 2564816896                                {product} {ergonomic}
   size_t MinHeapDeltaBytes                        = 2097152                                   {product} {ergonomic}
   size_t MinHeapSize                              = 8388608                                   {product} {ergonomic}
    uintx NonNMethodCodeHeapSize                   = 7602480                                {pd product} {ergonomic}
    uintx NonProfiledCodeHeapSize                  = 122027880                              {pd product} {ergonomic}
    uintx ProfiledCodeHeapSize                     = 122027880                              {pd product} {ergonomic}
    uintx ReservedCodeCacheSize                    = 251658240                              {pd product} {ergonomic}
     bool SegmentedCodeCache                       = true                                      {product} {ergonomic}
   size_t SoftMaxHeapSize                          = 4276092928                             {manageable} {ergonomic}
     bool UseCompressedClassPointers               = true                           {product lp64_product} {ergonomic}
     bool UseCompressedOops                        = true                           {product lp64_product} {ergonomic}
     bool UseG1GC                                  = true                                      {product} {ergonomic}
     bool UseLargePagesIndividualAllocation        = false                                  {pd product} {ergonomic}

Logging:
Log output configuration:
 #0: stdout all=warning uptime,level,tags
 #1: stderr all=off uptime,level,tags

Environment Variables:
JAVA_HOME=C:\Java\jdk8
PATH=C:\Windows\system32;C:\Windows;C:\Windows\System32\Wbem;C:\Windows\System32\WindowsPowerShell\v1.0\;C:\Windows\System32\OpenSSH\;C:\Program Files (x86)\Common Files\Acronis\SnapAPI\;C:\Program Files (x86)\mingw-w64\i686-8.1.0-posix-dwarf-rt_v6-rev0\mingw32\bin;C:\Program Files\PuTTY\;C:\Program Files\dotnet\;C:\Users\Dmitrii\AppData\Roaming\nvm;C:\Program Files\nodejs;C:\Program Files (x86)\Yarn\bin\;C:\Java\jdk8\bin;C:\Program Files\PostgreSQL\14\bin;C:\Program Files\Git\cmd;C:\Program Files\Docker\Docker\resources\bin;C:\ProgramData\DockerDesktop\version-bin;C:\backendTools\apache-maven-3.9.0\bin;C:\Users\Dmitrii\AppData\Local\Microsoft\WindowsApps;E:\visualstudioncodeF\Microsoft VS Code\bin;C:\Users\Dmitrii\AppData\Local\Programs\Python\Python38-32\Scripts;C:\ProgramData\Dmitrii\atom\bin;C:\Program Files\JetBrains\WebStorm 2021.1.1\bin;C:\Program Files\JetBrains\JetBrains Rider 2021.2.2\bin;C:\Users\Dmitrii\.dotnet\tools;C:\Program Files\JetBrains\PyCharm 2021.2.3\bin;C:\Program Files\JetBrains\PhpStorm 2021.2.3\bin;C:\Program Files\JetBrains\GoLand 2021.2.4\bin;C:\Program Files\JetBrains\DataGrip 2021.2.4\bin;C:\Program Files\JetBrains\CLion 2021.2.3\bin;C:\Program Files\JetBrains\IntelliJ IDEA 2021.2.3\bin;E:\cliheroku\heroku\bin;C:\Users\Dmitrii\AppData\Roaming\nvm;C:\Program Files\nodejs;C:\Users\Dmitrii\AppData\Local\Yarn\bin;C:\Users\Dmitrii\AppData\Local\JetBrains\Toolbox\scripts
USERNAME=Dmitrii
OS=Windows_NT
PROCESSOR_IDENTIFIER=Intel64 Family 6 Model 62 Stepping 4, GenuineIntel
TMP=C:\Users\Dmitrii\AppData\Local\Temp
TEMP=C:\Users\Dmitrii\AppData\Local\Temp



---------------  S Y S T E M  ---------------

OS:
 Windows 10 , 64 bit Build 17763 (10.0.17763.4131)
OS uptime: 0 days 6:05 hours
Hyper-V role detected

CPU: total 16 (initial active 16) (8 cores per cpu, 2 threads per core) family 6 model 62 stepping 4 microcode 0x42e, cx8, cmov, fxsr, ht, mmx, sse, sse2, sse3, ssse3, sse4.1, sse4.2, popcnt, tsc, tscinvbit, avx, aes, erms, clmul, vzeroupper, clflush, hv

Memory: 4k page, system-wide physical 16304M (436M free)
TotalPageFile size 20400M (AvailPageFile size 8M)
current process WorkingSet (physical memory assigned to process): 375M, peak: 380M
current process commit charge ("private bytes"): 428M, peak: 435M

vm_info: OpenJDK 64-Bit Server VM (17.0.5+8-LTS) for windows-amd64 JRE (17.0.5+8-LTS), built on Oct 13 2022 05:18:14 by "Administrator" with MS VC++ 15.9 (VS2017)

END.
